["\u003cEvent xmlns=\u0027http://schemas.microsoft.com/win/2004/08/events/event\u0027\u003e\u003cSystem\u003e\u003cProvider Name=\u0027Microsoft-Windows-Security-Auditing\u0027 Guid=\u0027{54849625-5478-4994-a5ba-3e3b0328c30d}\u0027/\u003e\u003cEventID\u003e4688\u003c/EventID\u003e\u003cVersion\u003e2\u003c/Version\u003e\u003cLevel\u003e0\u003c/Level\u003e\u003cTask\u003e13312\u003c/Task\u003e\u003cOpcode\u003e0\u003c/Opcode\u003e\u003cKeywords\u003e0x8020000000000000\u003c/Keywords\u003e\u003cTimeCreated SystemTime=\u00272026-10-05T01:58:01.3855835Z\u0027/\u003e\u003cEventRecordID\u003e109719\u003c/EventRecordID\u003e\u003cCorrelation/\u003e\u003cExecution ProcessID=\u00274\u0027 ThreadID=\u0027248\u0027/\u003e\u003cChannel\u003eSecurity\u003c/Channel\u003e\u003cComputer\u003ewin10-debugged\u003c/Computer\u003e\u003cSecurity/\u003e\u003c/System\u003e\u003cEventData\u003e\u003cData Name=\u0027SubjectUserSid\u0027\u003eS-1-5-18\u003c/Data\u003e\u003cData Name=\u0027SubjectUserName\u0027\u003eWIN10-DEBUGGED$\u003c/Data\u003e\u003cData Name=\u0027SubjectDomainName\u0027\u003eWORKGROUP\u003c/Data\u003e\u003cData Name=\u0027SubjectLogonId\u0027\u003e0x3e7\u003c/Data\u003e\u003cData Name=\u0027NewProcessId\u0027\u003e0x1724\u003c/Data\u003e\u003cData Name=\u0027NewProcessName\u0027\u003eC:\\Windows\\Microsoft.NET\\Framework64\\v4.0.30319\\cvtres.exe\u003c/Data\u003e\u003cData Name=\u0027TokenElevationType\u0027\u003e%%1936\u003c/Data\u003e\u003cData Name=\u0027ProcessId\u0027\u003e0x1710\u003c/Data\u003e\u003cData Name=\u0027CommandLine\u0027\u003e\u003c/Data\u003e\u003cData Name=\u0027TargetUserSid\u0027\u003eS-1-0-0\u003c/Data\u003e\u003cData Name=\u0027TargetUserName\u0027\u003e-\u003c/Data\u003e\u003cData Name=\u0027TargetDomainName\u0027\u003e-\u003c/Data\u003e\u003cData Name=\u0027TargetLogonId\u0027\u003e0x0\u003c/Data\u003e\u003cData Name=\u0027ParentProcessName\u0027\u003eC:\\Windows\\Microsoft.NET\\Framework64\\v4.0.30319\\csc.exe\u003c/Data\u003e\u003cData Name=\u0027MandatoryLabel\u0027\u003eS-1-16-16384\u003c/Data\u003e\u003c/EventData\u003e\u003c/Event\u003e","\u003cEvent xmlns=\u0027http://schemas.microsoft.com/win/2004/08/events/event\u0027\u003e\u003cSystem\u003e\u003cProvider Name=\u0027Microsoft-Windows-Security-Auditing\u0027 Guid=\u0027{54849625-5478-4994-a5ba-3e3b0328c30d}\u0027/\u003e\u003cEventID\u003e4688\u003c/EventID\u003e\u003cVersion\u003e2\u003c/Version\u003e\u003cLevel\u003e0\u003c/Level\u003e\u003cTask\u003e13312\u003c/Task\u003e\u003cOpcode\u003e0\u003c/Opcode\u003e\u003cKeywords\u003e0x8020000000000000\u003c/Keywords\u003e\u003cTimeCreated SystemTime=\u00272026-10-05T01:58:03.3342267Z\u0027/\u003e\u003cEventRecordID\u003e109720\u003c/EventRecordID\u003e\u003cCorrelation/\u003e\u003cExecution ProcessID=\u00274\u0027 ThreadID=\u0027356\u0027/\u003e\u003cChannel\u003eSecurity\u003c/Channel\u003e\u003cComputer\u003ewin10-debugged\u003c/Computer\u003e\u003cSecurity/\u003e\u003c/System\u003e\u003cEventData\u003e\u003cData Name=\u0027SubjectUserSid\u0027\u003eS-1-5-18\u003c/Data\u003e\u003cData Name=\u0027SubjectUserName\u0027\u003eWIN10-DEBUGGED$\u003c/Data\u003e\u003cData Name=\u0027SubjectDomainName\u0027\u003eWORKGROUP\u003c/Data\u003e\u003cData Name=\u0027SubjectLogonId\u0027\u003e0x3e7\u003c/Data\u003e\u003cData Name=\u0027NewProcessId\u0027\u003e0x1750\u003c/Data\u003e\u003cData Name=\u0027NewProcessName\u0027\u003eC:\\Windows\\Microsoft.NET\\Framework64\\v4.0.30319\\csc.exe\u003c/Data\u003e\u003cData Name=\u0027TokenElevationType\u0027\u003e%%1936\u003c/Data\u003e\u003cData Name=\u0027ProcessId\u0027\u003e0x644\u003c/Data\u003e\u003cData Name=\u0027CommandLine\u0027\u003e\u003c/Data\u003e\u003cData Name=\u0027TargetUserSid\u0027\u003eS-1-0-0\u003c/Data\u003e\u003cData Name=\u0027TargetUserName\u0027\u003e-\u003c/Data\u003e\u003cData Name=\u0027TargetDomainName\u0027\u003e-\u003c/Data\u003e\u003cData Name=\u0027TargetLogonId\u0027\u003e0x0\u003c/Data\u003e\u003cData Name=\u0027ParentProcessName\u0027\u003eC:\\Windows\\System32\\WindowsPowerShell\\v1.0\\powershell.exe\u003c/Data\u003e\u003cData Name=\u0027MandatoryLabel\u0027\u003eS-1-16-16384\u003c/Data\u003e\u003c/EventData\u003e\u003c/Event\u003e","\u003cEvent xmlns=\u0027http://schemas.microsoft.com/win/2004/08/events/event\u0027\u003e\u003cSystem\u003e\u003cProvider Name=\u0027Microsoft-Windows-Security-Auditing\u0027 Guid=\u0027{54849625-5478-4994-a5ba-3e3b0328c30d}\u0027/\u003e\u003cEventID\u003e4688\u003c/EventID\u003e\u003cVersion\u003e2\u003c/Version\u003e\u003cLevel\u003e0\u003c/Level\u003e\u003cTask\u003e13312\u003c/Task\u003e\u003cOpcode\u003e0\u003c/Opcode\u003e\u003cKeywords\u003e0x8020000000000000\u003c/Keywords\u003e\u003cTimeCreated SystemTime=\u00272026-10-05T01:58:03.3916162Z\u0027/\u003e\u003cEventRecordID\u003e109721\u003c/EventRecordID\u003e\u003cCorrelation/\u003e\u003cExecution ProcessID=\u00274\u0027 ThreadID=\u0027356\u0027/\u003e\u003cChannel\u003eSecurity\u003c/Channel\u003e\u003cComputer\u003ewin10-debugged\u003c/Computer\u003e\u003cSecurity/\u003e\u003c/System\u003e\u003cEventData\u003e\u003cData Name=\u0027SubjectUserSid\u0027\u003eS-1-5-18\u003c/Data\u003e\u003cData Name=\u0027SubjectUserName\u0027\u003eWIN10-DEBUGGED$\u003c/Data\u003e\u003cData Name=\u0027SubjectDomainName\u0027\u003eWORKGROUP\u003c/Data\u003e\u003cData Name=\u0027SubjectLogonId\u0027\u003e0x3e7\u003c/Data\u003e\u003cData Name=\u0027NewProcessId\u0027\u003e0x1760\u003c/Data\u003e\u003cData Name=\u0027NewProcessName\u0027\u003eC:\\Windows\\Microsoft.NET\\Framework64\\v4.0.30319\\cvtres.exe\u003c/Data\u003e\u003cData Name=\u0027TokenElevationType\u0027\u003e%%1936\u003c/Data\u003e\u003cData Name=\u0027ProcessId\u0027\u003e0x1750\u003c/Data\u003e\u003cData Name=\u0027CommandLine\u0027\u003e\u003c/Data\u003e\u003cData Name=\u0027TargetUserSid\u0027\u003eS-1-0-0\u003c/Data\u003e\u003cData Name=\u0027TargetUserName\u0027\u003e-\u003c/Data\u003e\u003cData Name=\u0027TargetDomainName\u0027\u003e-\u003c/Data\u003e\u003cData Name=\u0027TargetLogonId\u0027\u003e0x0\u003c/Data\u003e\u003cData Name=\u0027ParentProcessName\u0027\u003eC:\\Windows\\Microsoft.NET\\Framework64\\v4.0.30319\\csc.exe\u003c/Data\u003e\u003cData Name=\u0027MandatoryLabel\u0027\u003eS-1-16-16384\u003c/Data\u003e\u003c/EventData\u003e\u003c/Event\u003e","\u003cEvent xmlns=\u0027http://schemas.microsoft.com/win/2004/08/events/event\u0027\u003e\u003cSystem\u003e\u003cProvider Name=\u0027Microsoft-Windows-Security-Auditing\u0027 Guid=\u0027{54849625-5478-4994-a5ba-3e3b0328c30d}\u0027/\u003e\u003cEventID\u003e4688\u003c/EventID\u003e\u003cVersion\u003e2\u003c/Version\u003e\u003cLevel\u003e0\u003c/Level\u003e\u003cTask\u003e13312\u003c/Task\u003e\u003cOpcode\u003e0\u003c/Opcode\u003e\u003cKeywords\u003e0x8020000000000000\u003c/Keywords\u003e\u003cTimeCreated SystemTime=\u00272026-10-05T01:58:03.6397185Z\u0027/\u003e\u003cEventRecordID\u003e109722\u003c/EventRecordID\u003e\u003cCorrelation/\u003e\u003cExecution ProcessID=\u00274\u0027 ThreadID=\u0027356\u0027/\u003e\u003cChannel\u003eSecurity\u003c/Channel\u003e\u003cComputer\u003ewin10-debugged\u003c/Computer\u003e\u003cSecurity/\u003e\u003c/System\u003e\u003cEventData\u003e\u003cData Name=\u0027SubjectUserSid\u0027\u003eS-1-5-18\u003c/Data\u003e\u003cData Name=\u0027SubjectUserName\u0027\u003eWIN10-DEBUGGED$\u003c/Data\u003e\u003cData Name=\u0027SubjectDomainName\u0027\u003eWORKGROUP\u003c/Data\u003e\u003cData Name=\u0027SubjectLogonId\u0027\u003e0x3e7\u003c/Data\u003e\u003cData Name=\u0027NewProcessId\u0027\u003e0x1770\u003c/Data\u003e\u003cData Name=\u0027NewProcessName\u0027\u003eC:\\Windows\\Microsoft.NET\\Framework64\\v4.0.30319\\csc.exe\u003c/Data\u003e\u003cData Name=\u0027TokenElevationType\u0027\u003e%%1936\u003c/Data\u003e\u003cData Name=\u0027ProcessId\u0027\u003e0x644\u003c/Data\u003e\u003cData Name=\u0027CommandLine\u0027\u003e\u003c/Data\u003e\u003cData Name=\u0027TargetUserSid\u0027\u003eS-1-0-0\u003c/Data\u003e\u003cData Name=\u0027TargetUserName\u0027\u003e-\u003c/Data\u003e\u003cData Name=\u0027TargetDomainName\u0027\u003e-\u003c/Data\u003e\u003cData Name=\u0027TargetLogonId\u0027\u003e0x0\u003c/Data\u003e\u003cData Name=\u0027ParentProcessName\u0027\u003eC:\\Windows\\System32\\WindowsPowerShell\\v1.0\\powershell.exe\u003c/Data\u003e\u003cData Name=\u0027MandatoryLabel\u0027\u003eS-1-16-16384\u003c/Data\u003e\u003c/EventData\u003e\u003c/Event\u003e","\u003cEvent xmlns=\u0027http://schemas.microsoft.com/win/2004/08/events/event\u0027\u003e\u003cSystem\u003e\u003cProvider Name=\u0027Microsoft-Windows-Security-Auditing\u0027 Guid=\u0027{54849625-5478-4994-a5ba-3e3b0328c30d}\u0027/\u003e\u003cEventID\u003e4688\u003c/EventID\u003e\u003cVersion\u003e2\u003c/Version\u003e\u003cLevel\u003e0\u003c/Level\u003e\u003cTask\u003e13312\u003c/Task\u003e\u003cOpcode\u003e0\u003c/Opcode\u003e\u003cKeywords\u003e0x8020000000000000\u003c/Keywords\u003e\u003cTimeCreated SystemTime=\u00272026-10-05T01:58:03.6932631Z\u0027/\u003e\u003cEventRecordID\u003e109723\u003c/EventRecordID\u003e\u003cCorrelation/\u003e\u003cExecution ProcessID=\u00274\u0027 ThreadID=\u0027356\u0027/\u003e\u003cChannel\u003eSecurity\u003c/Channel\u003e\u003cComputer\u003ewin10-debugged\u003c/Computer\u003e\u003cSecurity/\u003e\u003c/System\u003e\u003cEventData\u003e\u003cData Name=\u0027SubjectUserSid\u0027\u003eS-1-5-18\u003c/Data\u003e\u003cData Name=\u0027SubjectUserName\u0027\u003eWIN10-DEBUGGED$\u003c/Data\u003e\u003cData Name=\u0027SubjectDomainName\u0027\u003eWORKGROUP\u003c/Data\u003e\u003cData Name=\u0027SubjectLogonId\u0027\u003e0x3e7\u003c/Data\u003e\u003cData Name=\u0027NewProcessId\u0027\u003e0x1780\u003c/Data\u003e\u003cData Name=\u0027NewProcessName\u0027\u003eC:\\Windows\\Microsoft.NET\\Framework64\\v4.0.30319\\cvtres.exe\u003c/Data\u003e\u003cData Name=\u0027TokenElevationType\u0027\u003e%%1936\u003c/Data\u003e\u003cData Name=\u0027ProcessId\u0027\u003e0x1770\u003c/Data\u003e\u003cData Name=\u0027CommandLine\u0027\u003e\u003c/Data\u003e\u003cData Name=\u0027TargetUserSid\u0027\u003eS-1-0-0\u003c/Data\u003e\u003cData Name=\u0027TargetUserName\u0027\u003e-\u003c/Data\u003e\u003cData Name=\u0027TargetDomainName\u0027\u003e-\u003c/Data\u003e\u003cData Name=\u0027TargetLogonId\u0027\u003e0x0\u003c/Data\u003e\u003cData Name=\u0027ParentProcessName\u0027\u003eC:\\Windows\\Microsoft.NET\\Framework64\\v4.0.30319\\csc.exe\u003c/Data\u003e\u003cData Name=\u0027MandatoryLabel\u0027\u003eS-1-16-16384\u003c/Data\u003e\u003c/EventData\u003e\u003c/Event\u003e","\u003cEvent xmlns=\u0027http://schemas.microsoft.com/win/2004/08/events/event\u0027\u003e\u003cSystem\u003e\u003cProvider Name=\u0027Microsoft-Windows-Security-Auditing\u0027 Guid=\u0027{54849625-5478-4994-a5ba-3e3b0328c30d}\u0027/\u003e\u003cEventID\u003e4688\u003c/EventID\u003e\u003cVersion\u003e2\u003c/Version\u003e\u003cLevel\u003e0\u003c/Level\u003e\u003cTask\u003e13312\u003c/Task\u003e\u003cOpcode\u003e0\u003c/Opcode\u003e\u003cKeywords\u003e0x8020000000000000\u003c/Keywords\u003e\u003cTimeCreated SystemTime=\u00272026-10-05T01:58:03.9368844Z\u0027/\u003e\u003cEventRecordID\u003e109724\u003c/EventRecordID\u003e\u003cCorrelation/\u003e\u003cExecution ProcessID=\u00274\u0027 ThreadID=\u0027196\u0027/\u003e\u003cChannel\u003eSecurity\u003c/Channel\u003e\u003cComputer\u003ewin10-debugged\u003c/Computer\u003e\u003cSecurity/\u003e\u003c/System\u003e\u003cEventData\u003e\u003cData Name=\u0027SubjectUserSid\u0027\u003eS-1-5-18\u003c/Data\u003e\u003cData Name=\u0027SubjectUserName\u0027\u003eWIN10-DEBUGGED$\u003c/Data\u003e\u003cData Name=\u0027SubjectDomainName\u0027\u003eWORKGROUP\u003c/Data\u003e\u003cData Name=\u0027SubjectLogonId\u0027\u003e0x3e7\u003c/Data\u003e\u003cData Name=\u0027NewProcessId\u0027\u003e0x179c\u003c/Data\u003e\u003cData Name=\u0027NewProcessName\u0027\u003eC:\\Windows\\System32\\fsutil.exe\u003c/Data\u003e\u003cData Name=\u0027TokenElevationType\u0027\u003e%%1936\u003c/Data\u003e\u003cData Name=\u0027ProcessId\u0027\u003e0x644\u003c/Data\u003e\u003cData Name=\u0027CommandLine\u0027\u003e\u003c/Data\u003e\u003cData Name=\u0027TargetUserSid\u0027\u003eS-1-0-0\u003c/Data\u003e\u003cData Name=\u0027TargetUserName\u0027\u003e-\u003c/Data\u003e\u003cData Name=\u0027TargetDomainName\u0027\u003e-\u003c/Data\u003e\u003cData Name=\u0027TargetLogonId\u0027\u003e0x0\u003c/Data\u003e\u003cData Name=\u0027ParentProcessName\u0027\u003eC:\\Windows\\System32\\WindowsPowerShell\\v1.0\\powershell.exe\u003c/Data\u003e\u003cData Name=\u0027MandatoryLabel\u0027\u003eS-1-16-16384\u003c/Data\u003e\u003c/EventData\u003e\u003c/Event\u003e","\u003cEvent xmlns=\u0027http://schemas.microsoft.com/win/2004/08/events/event\u0027\u003e\u003cSystem\u003e\u003cProvider Name=\u0027Microsoft-Windows-Security-Auditing\u0027 Guid=\u0027{54849625-5478-4994-a5ba-3e3b0328c30d}\u0027/\u003e\u003cEventID\u003e4648\u003c/EventID\u003e\u003cVersion\u003e0\u003c/Version\u003e\u003cLevel\u003e0\u003c/Level\u003e\u003cTask\u003e12544\u003c/Task\u003e\u003cOpcode\u003e0\u003c/Opcode\u003e\u003cKeywords\u003e0x8020000000000000\u003c/Keywords\u003e\u003cTimeCreated SystemTime=\u00272026-10-05T01:58:04.9572033Z\u0027/\u003e\u003cEventRecordID\u003e109725\u003c/EventRecordID\u003e\u003cCorrelation ActivityID=\u0027{e4619fa7-546c-0000-50a0-61e46c54dd01}\u0027/\u003e\u003cExecution ProcessID=\u0027688\u0027 ThreadID=\u0027728\u0027/\u003e\u003cChannel\u003eSecurity\u003c/Channel\u003e\u003cComputer\u003ewin10-debugged\u003c/Computer\u003e\u003cSecurity/\u003e\u003c/System\u003e\u003cEventData\u003e\u003cData Name=\u0027SubjectUserSid\u0027\u003eS-1-5-18\u003c/Data\u003e\u003cData Name=\u0027SubjectUserName\u0027\u003eWIN10-DEBUGGED$\u003c/Data\u003e\u003cData Name=\u0027SubjectDomainName\u0027\u003eWORKGROUP\u003c/Data\u003e\u003cData Name=\u0027SubjectLogonId\u0027\u003e0x3e7\u003c/Data\u003e\u003cData Name=\u0027LogonGuid\u0027\u003e{00000000-0000-0000-0000-000000000000}\u003c/Data\u003e\u003cData Name=\u0027TargetUserName\u0027\u003esuib01db6429df6\u003c/Data\u003e\u003cData Name=\u0027TargetDomainName\u0027\u003eWIN10-DEBUGGED\u003c/Data\u003e\u003cData Name=\u0027TargetLogonGuid\u0027\u003e{00000000-0000-0000-0000-000000000000}\u003c/Data\u003e\u003cData Name=\u0027TargetServerName\u0027\u003elocalhost\u003c/Data\u003e\u003cData Name=\u0027TargetInfo\u0027\u003elocalhost\u003c/Data\u003e\u003cData Name=\u0027ProcessId\u0027\u003e0x4c0\u003c/Data\u003e\u003cData Name=\u0027ProcessName\u0027\u003eC:\\Windows\\System32\\svchost.exe\u003c/Data\u003e\u003cData Name=\u0027IpAddress\u0027\u003e-\u003c/Data\u003e\u003cData Name=\u0027IpPort\u0027\u003e-\u003c/Data\u003e\u003c/EventData\u003e\u003c/Event\u003e","\u003cEvent xmlns=\u0027http://schemas.microsoft.com/win/2004/08/events/event\u0027\u003e\u003cSystem\u003e\u003cProvider Name=\u0027Microsoft-Windows-Security-Auditing\u0027 Guid=\u0027{54849625-5478-4994-a5ba-3e3b0328c30d}\u0027/\u003e\u003cEventID\u003e4624\u003c/EventID\u003e\u003cVersion\u003e2\u003c/Version\u003e\u003cLevel\u003e0\u003c/Level\u003e\u003cTask\u003e12544\u003c/Task\u003e\u003cOpcode\u003e0\u003c/Opcode\u003e\u003cKeywords\u003e0x8020000000000000\u003c/Keywords\u003e\u003cTimeCreated SystemTime=\u00272026-10-05T01:58:04.9572128Z\u0027/\u003e\u003cEventRecordID\u003e109726\u003c/EventRecordID\u003e\u003cCorrelation ActivityID=\u0027{e4619fa7-546c-0000-50a0-61e46c54dd01}\u0027/\u003e\u003cExecution ProcessID=\u0027688\u0027 ThreadID=\u0027728\u0027/\u003e\u003cChannel\u003eSecurity\u003c/Channel\u003e\u003cComputer\u003ewin10-debugged\u003c/Computer\u003e\u003cSecurity/\u003e\u003c/System\u003e\u003cEventData\u003e\u003cData Name=\u0027SubjectUserSid\u0027\u003eS-1-5-18\u003c/Data\u003e\u003cData Name=\u0027SubjectUserName\u0027\u003eWIN10-DEBUGGED$\u003c/Data\u003e\u003cData Name=\u0027SubjectDomainName\u0027\u003eWORKGROUP\u003c/Data\u003e\u003cData Name=\u0027SubjectLogonId\u0027\u003e0x3e7\u003c/Data\u003e\u003cData Name=\u0027TargetUserSid\u0027\u003eS-1-5-21-316478115-1595729549-2803163825-1033\u003c/Data\u003e\u003cData Name=\u0027TargetUserName\u0027\u003esuib01db6429df6\u003c/Data\u003e\u003cData Name=\u0027TargetDomainName\u0027\u003eWIN10-DEBUGGED\u003c/Data\u003e\u003cData Name=\u0027TargetLogonId\u0027\u003e0xdb61f\u003c/Data\u003e\u003cData Name=\u0027LogonType\u0027\u003e4\u003c/Data\u003e\u003cData Name=\u0027LogonProcessName\u0027\u003eAdvapi  \u003c/Data\u003e\u003cData Name=\u0027AuthenticationPackageName\u0027\u003eNegotiate\u003c/Data\u003e\u003cData Name=\u0027WorkstationName\u0027\u003eWIN10-DEBUGGED\u003c/Data\u003e\u003cData Name=\u0027LogonGuid\u0027\u003e{00000000-0000-0000-0000-000000000000}\u003c/Data\u003e\u003cData Name=\u0027TransmittedServices\u0027\u003e-\u003c/Data\u003e\u003cData Name=\u0027LmPackageName\u0027\u003e-\u003c/Data\u003e\u003cData Name=\u0027KeyLength\u0027\u003e0\u003c/Data\u003e\u003cData Name=\u0027ProcessId\u0027\u003e0x4c0\u003c/Data\u003e\u003cData Name=\u0027ProcessName\u0027\u003eC:\\Windows\\System32\\svchost.exe\u003c/Data\u003e\u003cData Name=\u0027IpAddress\u0027\u003e-\u003c/Data\u003e\u003cData Name=\u0027IpPort\u0027\u003e-\u003c/Data\u003e\u003cData Name=\u0027ImpersonationLevel\u0027\u003e%%1833\u003c/Data\u003e\u003cData Name=\u0027RestrictedAdminMode\u0027\u003e-\u003c/Data\u003e\u003cData Name=\u0027TargetOutboundUserName\u0027\u003e-\u003c/Data\u003e\u003cData Name=\u0027TargetOutboundDomainName\u0027\u003e-\u003c/Data\u003e\u003cData Name=\u0027VirtualAccount\u0027\u003e%%1843\u003c/Data\u003e\u003cData Name=\u0027TargetLinkedLogonId\u0027\u003e0x0\u003c/Data\u003e\u003cData Name=\u0027ElevatedToken\u0027\u003e%%1843\u003c/Data\u003e\u003c/EventData\u003e\u003c/Event\u003e","\u003cEvent xmlns=\u0027http://schemas.microsoft.com/win/2004/08/events/event\u0027\u003e\u003cSystem\u003e\u003cProvider Name=\u0027Microsoft-Windows-Security-Auditing\u0027 Guid=\u0027{54849625-5478-4994-a5ba-3e3b0328c30d}\u0027/\u003e\u003cEventID\u003e4634\u003c/EventID\u003e\u003cVersion\u003e0\u003c/Version\u003e\u003cLevel\u003e0\u003c/Level\u003e\u003cTask\u003e12545\u003c/Task\u003e\u003cOpcode\u003e0\u003c/Opcode\u003e\u003cKeywords\u003e0x8020000000000000\u003c/Keywords\u003e\u003cTimeCreated SystemTime=\u00272026-10-05T01:58:04.9573873Z\u0027/\u003e\u003cEventRecordID\u003e109727\u003c/EventRecordID\u003e\u003cCorrelation/\u003e\u003cExecution ProcessID=\u0027688\u0027 ThreadID=\u0027728\u0027/\u003e\u003cChannel\u003eSecurity\u003c/Channel\u003e\u003cComputer\u003ewin10-debugged\u003c/Computer\u003e\u003cSecurity/\u003e\u003c/System\u003e\u003cEventData\u003e\u003cData Name=\u0027TargetUserSid\u0027\u003eS-1-5-21-316478115-1595729549-2803163825-1033\u003c/Data\u003e\u003cData Name=\u0027TargetUserName\u0027\u003esuib01db6429df6\u003c/Data\u003e\u003cData Name=\u0027TargetDomainName\u0027\u003eWIN10-DEBUGGED\u003c/Data\u003e\u003cData Name=\u0027TargetLogonId\u0027\u003e0xdb61f\u003c/Data\u003e\u003cData Name=\u0027LogonType\u0027\u003e4\u003c/Data\u003e\u003c/EventData\u003e\u003c/Event\u003e","\u003cEvent xmlns=\u0027http://schemas.microsoft.com/win/2004/08/events/event\u0027\u003e\u003cSystem\u003e\u003cProvider Name=\u0027Microsoft-Windows-Security-Auditing\u0027 Guid=\u0027{54849625-5478-4994-a5ba-3e3b0328c30d}\u0027/\u003e\u003cEventID\u003e4648\u003c/EventID\u003e\u003cVersion\u003e0\u003c/Version\u003e\u003cLevel\u003e0\u003c/Level\u003e\u003cTask\u003e12544\u003c/Task\u003e\u003cOpcode\u003e0\u003c/Opcode\u003e\u003cKeywords\u003e0x8020000000000000\u003c/Keywords\u003e\u003cTimeCreated SystemTime=\u00272026-10-05T01:58:04.9595862Z\u0027/\u003e\u003cEventRecordID\u003e109728\u003c/EventRecordID\u003e\u003cCorrelation ActivityID=\u0027{e4619fa7-546c-0000-50a0-61e46c54dd01}\u0027/\u003e\u003cExecution ProcessID=\u0027688\u0027 ThreadID=\u0027728\u0027/\u003e\u003cChannel\u003eSecurity\u003c/Channel\u003e\u003cComputer\u003ewin10-debugged\u003c/Computer\u003e\u003cSecurity/\u003e\u003c/System\u003e\u003cEventData\u003e\u003cData Name=\u0027SubjectUserSid\u0027\u003eS-1-5-18\u003c/Data\u003e\u003cData Name=\u0027SubjectUserName\u0027\u003eWIN10-DEBUGGED$\u003c/Data\u003e\u003cData Name=\u0027SubjectDomainName\u0027\u003eWORKGROUP\u003c/Data\u003e\u003cData Name=\u0027SubjectLogonId\u0027\u003e0x3e7\u003c/Data\u003e\u003cData Name=\u0027LogonGuid\u0027\u003e{00000000-0000-0000-0000-000000000000}\u003c/Data\u003e\u003cData Name=\u0027TargetUserName\u0027\u003esuib01db6429df6\u003c/Data\u003e\u003cData Name=\u0027TargetDomainName\u0027\u003eWIN10-DEBUGGED\u003c/Data\u003e\u003cData Name=\u0027TargetLogonGuid\u0027\u003e{00000000-0000-0000-0000-000000000000}\u003c/Data\u003e\u003cData Name=\u0027TargetServerName\u0027\u003elocalhost\u003c/Data\u003e\u003cData Name=\u0027TargetInfo\u0027\u003elocalhost\u003c/Data\u003e\u003cData Name=\u0027ProcessId\u0027\u003e0x4c0\u003c/Data\u003e\u003cData Name=\u0027ProcessName\u0027\u003eC:\\Windows\\System32\\svchost.exe\u003c/Data\u003e\u003cData Name=\u0027IpAddress\u0027\u003e-\u003c/Data\u003e\u003cData Name=\u0027IpPort\u0027\u003e-\u003c/Data\u003e\u003c/EventData\u003e\u003c/Event\u003e","\u003cEvent xmlns=\u0027http://schemas.microsoft.com/win/2004/08/events/event\u0027\u003e\u003cSystem\u003e\u003cProvider Name=\u0027Microsoft-Windows-Security-Auditing\u0027 Guid=\u0027{54849625-5478-4994-a5ba-3e3b0328c30d}\u0027/\u003e\u003cEventID\u003e4624\u003c/EventID\u003e\u003cVersion\u003e2\u003c/Version\u003e\u003cLevel\u003e0\u003c/Level\u003e\u003cTask\u003e12544\u003c/Task\u003e\u003cOpcode\u003e0\u003c/Opcode\u003e\u003cKeywords\u003e0x8020000000000000\u003c/Keywords\u003e\u003cTimeCreated SystemTime=\u00272026-10-05T01:58:04.9595964Z\u0027/\u003e\u003cEventRecordID\u003e109729\u003c/EventRecordID\u003e\u003cCorrelation ActivityID=\u0027{e4619fa7-546c-0000-50a0-61e46c54dd01}\u0027/\u003e\u003cExecution ProcessID=\u0027688\u0027 ThreadID=\u0027728\u0027/\u003e\u003cChannel\u003eSecurity\u003c/Channel\u003e\u003cComputer\u003ewin10-debugged\u003c/Computer\u003e\u003cSecurity/\u003e\u003c/System\u003e\u003cEventData\u003e\u003cData Name=\u0027SubjectUserSid\u0027\u003eS-1-5-18\u003c/Data\u003e\u003cData Name=\u0027SubjectUserName\u0027\u003eWIN10-DEBUGGED$\u003c/Data\u003e\u003cData Name=\u0027SubjectDomainName\u0027\u003eWORKGROUP\u003c/Data\u003e\u003cData Name=\u0027SubjectLogonId\u0027\u003e0x3e7\u003c/Data\u003e\u003cData Name=\u0027TargetUserSid\u0027\u003eS-1-5-21-316478115-1595729549-2803163825-1033\u003c/Data\u003e\u003cData Name=\u0027TargetUserName\u0027\u003esuib01db6429df6\u003c/Data\u003e\u003cData Name=\u0027TargetDomainName\u0027\u003eWIN10-DEBUGGED\u003c/Data\u003e\u003cData Name=\u0027TargetLogonId\u0027\u003e0xdb6e3\u003c/Data\u003e\u003cData Name=\u0027LogonType\u0027\u003e4\u003c/Data\u003e\u003cData Name=\u0027LogonProcessName\u0027\u003eAdvapi  \u003c/Data\u003e\u003cData Name=\u0027AuthenticationPackageName\u0027\u003eNegotiate\u003c/Data\u003e\u003cData Name=\u0027WorkstationName\u0027\u003eWIN10-DEBUGGED\u003c/Data\u003e\u003cData Name=\u0027LogonGuid\u0027\u003e{00000000-0000-0000-0000-000000000000}\u003c/Data\u003e\u003cData Name=\u0027TransmittedServices\u0027\u003e-\u003c/Data\u003e\u003cData Name=\u0027LmPackageName\u0027\u003e-\u003c/Data\u003e\u003cData Name=\u0027KeyLength\u0027\u003e0\u003c/Data\u003e\u003cData Name=\u0027ProcessId\u0027\u003e0x4c0\u003c/Data\u003e\u003cData Name=\u0027ProcessName\u0027\u003eC:\\Windows\\System32\\svchost.exe\u003c/Data\u003e\u003cData Name=\u0027IpAddress\u0027\u003e-\u003c/Data\u003e\u003cData Name=\u0027IpPort\u0027\u003e-\u003c/Data\u003e\u003cData Name=\u0027ImpersonationLevel\u0027\u003e%%1833\u003c/Data\u003e\u003cData Name=\u0027RestrictedAdminMode\u0027\u003e-\u003c/Data\u003e\u003cData Name=\u0027TargetOutboundUserName\u0027\u003e-\u003c/Data\u003e\u003cData Name=\u0027TargetOutboundDomainName\u0027\u003e-\u003c/Data\u003e\u003cData Name=\u0027VirtualAccount\u0027\u003e%%1843\u003c/Data\u003e\u003cData Name=\u0027TargetLinkedLogonId\u0027\u003e0x0\u003c/Data\u003e\u003cData Name=\u0027ElevatedToken\u0027\u003e%%1843\u003c/Data\u003e\u003c/EventData\u003e\u003c/Event\u003e","\u003cEvent xmlns=\u0027http://schemas.microsoft.com/win/2004/08/events/event\u0027\u003e\u003cSystem\u003e\u003cProvider Name=\u0027Microsoft-Windows-Security-Auditing\u0027 Guid=\u0027{54849625-5478-4994-a5ba-3e3b0328c30d}\u0027/\u003e\u003cEventID\u003e4688\u003c/EventID\u003e\u003cVersion\u003e2\u003c/Version\u003e\u003cLevel\u003e0\u003c/Level\u003e\u003cTask\u003e13312\u003c/Task\u003e\u003cOpcode\u003e0\u003c/Opcode\u003e\u003cKeywords\u003e0x8020000000000000\u003c/Keywords\u003e\u003cTimeCreated SystemTime=\u00272026-10-05T01:58:05.1296898Z\u0027/\u003e\u003cEventRecordID\u003e109730\u003c/EventRecordID\u003e\u003cCorrelation/\u003e\u003cExecution ProcessID=\u00274\u0027 ThreadID=\u0027356\u0027/\u003e\u003cChannel\u003eSecurity\u003c/Channel\u003e\u003cComputer\u003ewin10-debugged\u003c/Computer\u003e\u003cSecurity/\u003e\u003c/System\u003e\u003cEventData\u003e\u003cData Name=\u0027SubjectUserSid\u0027\u003eS-1-5-18\u003c/Data\u003e\u003cData Name=\u0027SubjectUserName\u0027\u003eWIN10-DEBUGGED$\u003c/Data\u003e\u003cData Name=\u0027SubjectDomainName\u0027\u003eWORKGROUP\u003c/Data\u003e\u003cData Name=\u0027SubjectLogonId\u0027\u003e0x3e7\u003c/Data\u003e\u003cData Name=\u0027NewProcessId\u0027\u003e0x17bc\u003c/Data\u003e\u003cData Name=\u0027NewProcessName\u0027\u003eC:\\Windows\\System32\\dllhost.exe\u003c/Data\u003e\u003cData Name=\u0027TokenElevationType\u0027\u003e%%1936\u003c/Data\u003e\u003cData Name=\u0027ProcessId\u0027\u003e0x31c\u003c/Data\u003e\u003cData Name=\u0027CommandLine\u0027\u003e\u003c/Data\u003e\u003cData Name=\u0027TargetUserSid\u0027\u003eS-1-0-0\u003c/Data\u003e\u003cData Name=\u0027TargetUserName\u0027\u003e-\u003c/Data\u003e\u003cData Name=\u0027TargetDomainName\u0027\u003e-\u003c/Data\u003e\u003cData Name=\u0027TargetLogonId\u0027\u003e0x0\u003c/Data\u003e\u003cData Name=\u0027ParentProcessName\u0027\u003eC:\\Windows\\System32\\svchost.exe\u003c/Data\u003e\u003cData Name=\u0027MandatoryLabel\u0027\u003eS-1-16-16384\u003c/Data\u003e\u003c/EventData\u003e\u003c/Event\u003e","\u003cEvent xmlns=\u0027http://schemas.microsoft.com/win/2004/08/events/event\u0027\u003e\u003cSystem\u003e\u003cProvider Name=\u0027Microsoft-Windows-Security-Auditing\u0027 Guid=\u0027{54849625-5478-4994-a5ba-3e3b0328c30d}\u0027/\u003e\u003cEventID\u003e4799\u003c/EventID\u003e\u003cVersion\u003e0\u003c/Version\u003e\u003cLevel\u003e0\u003c/Level\u003e\u003cTask\u003e13826\u003c/Task\u003e\u003cOpcode\u003e0\u003c/Opcode\u003e\u003cKeywords\u003e0x8020000000000000\u003c/Keywords\u003e\u003cTimeCreated SystemTime=\u00272026-10-05T01:58:05.1678692Z\u0027/\u003e\u003cEventRecordID\u003e109731\u003c/EventRecordID\u003e\u003cCorrelation ActivityID=\u0027{e4619fa7-546c-0000-50a0-61e46c54dd01}\u0027/\u003e\u003cExecution ProcessID=\u0027688\u0027 ThreadID=\u0027636\u0027/\u003e\u003cChannel\u003eSecurity\u003c/Channel\u003e\u003cComputer\u003ewin10-debugged\u003c/Computer\u003e\u003cSecurity/\u003e\u003c/System\u003e\u003cEventData\u003e\u003cData Name=\u0027TargetUserName\u0027\u003eAdministrators\u003c/Data\u003e\u003cData Name=\u0027TargetDomainName\u0027\u003eBuiltin\u003c/Data\u003e\u003cData Name=\u0027TargetSid\u0027\u003eS-1-5-32-544\u003c/Data\u003e\u003cData Name=\u0027SubjectUserSid\u0027\u003eS-1-5-18\u003c/Data\u003e\u003cData Name=\u0027SubjectUserName\u0027\u003eWIN10-DEBUGGED$\u003c/Data\u003e\u003cData Name=\u0027SubjectDomainName\u0027\u003eWORKGROUP\u003c/Data\u003e\u003cData Name=\u0027SubjectLogonId\u0027\u003e0x3e7\u003c/Data\u003e\u003cData Name=\u0027CallerProcessId\u0027\u003e0x4f0\u003c/Data\u003e\u003cData Name=\u0027CallerProcessName\u0027\u003eC:\\Windows\\System32\\svchost.exe\u003c/Data\u003e\u003c/EventData\u003e\u003c/Event\u003e","\u003cEvent xmlns=\u0027http://schemas.microsoft.com/win/2004/08/events/event\u0027\u003e\u003cSystem\u003e\u003cProvider Name=\u0027Microsoft-Windows-Security-Auditing\u0027 Guid=\u0027{54849625-5478-4994-a5ba-3e3b0328c30d}\u0027/\u003e\u003cEventID\u003e4688\u003c/EventID\u003e\u003cVersion\u003e2\u003c/Version\u003e\u003cLevel\u003e0\u003c/Level\u003e\u003cTask\u003e13312\u003c/Task\u003e\u003cOpcode\u003e0\u003c/Opcode\u003e\u003cKeywords\u003e0x8020000000000000\u003c/Keywords\u003e\u003cTimeCreated SystemTime=\u00272026-10-05T01:58:05.1700597Z\u0027/\u003e\u003cEventRecordID\u003e109732\u003c/EventRecordID\u003e\u003cCorrelation/\u003e\u003cExecution ProcessID=\u00274\u0027 ThreadID=\u0027112\u0027/\u003e\u003cChannel\u003eSecurity\u003c/Channel\u003e\u003cComputer\u003ewin10-debugged\u003c/Computer\u003e\u003cSecurity/\u003e\u003c/System\u003e\u003cEventData\u003e\u003cData Name=\u0027SubjectUserSid\u0027\u003eS-1-5-18\u003c/Data\u003e\u003cData Name=\u0027SubjectUserName\u0027\u003eWIN10-DEBUGGED$\u003c/Data\u003e\u003cData Name=\u0027SubjectDomainName\u0027\u003eWORKGROUP\u003c/Data\u003e\u003cData Name=\u0027SubjectLogonId\u0027\u003e0x3e7\u003c/Data\u003e\u003cData Name=\u0027NewProcessId\u0027\u003e0x17e8\u003c/Data\u003e\u003cData Name=\u0027NewProcessName\u0027\u003eC:\\Windows\\System32\\WindowsPowerShell\\v1.0\\powershell.exe\u003c/Data\u003e\u003cData Name=\u0027TokenElevationType\u0027\u003e%%1936\u003c/Data\u003e\u003cData Name=\u0027ProcessId\u0027\u003e0x4c0\u003c/Data\u003e\u003cData Name=\u0027CommandLine\u0027\u003e\u003c/Data\u003e\u003cData Name=\u0027TargetUserSid\u0027\u003eS-1-0-0\u003c/Data\u003e\u003cData Name=\u0027TargetUserName\u0027\u003esuib01db6429df6\u003c/Data\u003e\u003cData Name=\u0027TargetDomainName\u0027\u003eWIN10-DEBUGGED\u003c/Data\u003e\u003cData Name=\u0027TargetLogonId\u0027\u003e0xdb6e3\u003c/Data\u003e\u003cData Name=\u0027ParentProcessName\u0027\u003eC:\\Windows\\System32\\svchost.exe\u003c/Data\u003e\u003cData Name=\u0027MandatoryLabel\u0027\u003eS-1-16-8192\u003c/Data\u003e\u003c/EventData\u003e\u003c/Event\u003e","\u003cEvent xmlns=\u0027http://schemas.microsoft.com/win/2004/08/events/event\u0027\u003e\u003cSystem\u003e\u003cProvider Name=\u0027Microsoft-Windows-Security-Auditing\u0027 Guid=\u0027{54849625-5478-4994-a5ba-3e3b0328c30d}\u0027/\u003e\u003cEventID\u003e4688\u003c/EventID\u003e\u003cVersion\u003e2\u003c/Version\u003e\u003cLevel\u003e0\u003c/Level\u003e\u003cTask\u003e13312\u003c/Task\u003e\u003cOpcode\u003e0\u003c/Opcode\u003e\u003cKeywords\u003e0x8020000000000000\u003c/Keywords\u003e\u003cTimeCreated SystemTime=\u00272026-10-05T01:58:05.1722368Z\u0027/\u003e\u003cEventRecordID\u003e109733\u003c/EventRecordID\u003e\u003cCorrelation/\u003e\u003cExecution ProcessID=\u00274\u0027 ThreadID=\u0027196\u0027/\u003e\u003cChannel\u003eSecurity\u003c/Channel\u003e\u003cComputer\u003ewin10-debugged\u003c/Computer\u003e\u003cSecurity/\u003e\u003c/System\u003e\u003cEventData\u003e\u003cData Name=\u0027SubjectUserSid\u0027\u003eS-1-5-21-316478115-1595729549-2803163825-1033\u003c/Data\u003e\u003cData Name=\u0027SubjectUserName\u0027\u003esuib01db6429df6\u003c/Data\u003e\u003cData Name=\u0027SubjectDomainName\u0027\u003eWIN10-DEBUGGED\u003c/Data\u003e\u003cData Name=\u0027SubjectLogonId\u0027\u003e0xdb6e3\u003c/Data\u003e\u003cData Name=\u0027NewProcessId\u0027\u003e0x17f0\u003c/Data\u003e\u003cData Name=\u0027NewProcessName\u0027\u003eC:\\Windows\\System32\\conhost.exe\u003c/Data\u003e\u003cData Name=\u0027TokenElevationType\u0027\u003e%%1936\u003c/Data\u003e\u003cData Name=\u0027ProcessId\u0027\u003e0x17e8\u003c/Data\u003e\u003cData Name=\u0027CommandLine\u0027\u003e\u003c/Data\u003e\u003cData Name=\u0027TargetUserSid\u0027\u003eS-1-0-0\u003c/Data\u003e\u003cData Name=\u0027TargetUserName\u0027\u003e-\u003c/Data\u003e\u003cData Name=\u0027TargetDomainName\u0027\u003e-\u003c/Data\u003e\u003cData Name=\u0027TargetLogonId\u0027\u003e0x0\u003c/Data\u003e\u003cData Name=\u0027ParentProcessName\u0027\u003eC:\\Windows\\System32\\WindowsPowerShell\\v1.0\\powershell.exe\u003c/Data\u003e\u003cData Name=\u0027MandatoryLabel\u0027\u003eS-1-16-8192\u003c/Data\u003e\u003c/EventData\u003e\u003c/Event\u003e","\u003cEvent xmlns=\u0027http://schemas.microsoft.com/win/2004/08/events/event\u0027\u003e\u003cSystem\u003e\u003cProvider Name=\u0027Microsoft-Windows-Security-Auditing\u0027 Guid=\u0027{54849625-5478-4994-a5ba-3e3b0328c30d}\u0027/\u003e\u003cEventID\u003e4688\u003c/EventID\u003e\u003cVersion\u003e2\u003c/Version\u003e\u003cLevel\u003e0\u003c/Level\u003e\u003cTask\u003e13312\u003c/Task\u003e\u003cOpcode\u003e0\u003c/Opcode\u003e\u003cKeywords\u003e0x8020000000000000\u003c/Keywords\u003e\u003cTimeCreated SystemTime=\u00272026-10-05T01:58:05.4983123Z\u0027/\u003e\u003cEventRecordID\u003e109734\u003c/EventRecordID\u003e\u003cCorrelation/\u003e\u003cExecution ProcessID=\u00274\u0027 ThreadID=\u0027196\u0027/\u003e\u003cChannel\u003eSecurity\u003c/Channel\u003e\u003cComputer\u003ewin10-debugged\u003c/Computer\u003e\u003cSecurity/\u003e\u003c/System\u003e\u003cEventData\u003e\u003cData Name=\u0027SubjectUserSid\u0027\u003eS-1-5-21-316478115-1595729549-2803163825-1033\u003c/Data\u003e\u003cData Name=\u0027SubjectUserName\u0027\u003esuib01db6429df6\u003c/Data\u003e\u003cData Name=\u0027SubjectDomainName\u0027\u003eWIN10-DEBUGGED\u003c/Data\u003e\u003cData Name=\u0027SubjectLogonId\u0027\u003e0xdb6e3\u003c/Data\u003e\u003cData Name=\u0027NewProcessId\u0027\u003e0x1468\u003c/Data\u003e\u003cData Name=\u0027NewProcessName\u0027\u003eC:\\Windows\\Microsoft.NET\\Framework64\\v4.0.30319\\csc.exe\u003c/Data\u003e\u003cData Name=\u0027TokenElevationType\u0027\u003e%%1936\u003c/Data\u003e\u003cData Name=\u0027ProcessId\u0027\u003e0x17e8\u003c/Data\u003e\u003cData Name=\u0027CommandLine\u0027\u003e\u003c/Data\u003e\u003cData Name=\u0027TargetUserSid\u0027\u003eS-1-0-0\u003c/Data\u003e\u003cData Name=\u0027TargetUserName\u0027\u003e-\u003c/Data\u003e\u003cData Name=\u0027TargetDomainName\u0027\u003e-\u003c/Data\u003e\u003cData Name=\u0027TargetLogonId\u0027\u003e0x0\u003c/Data\u003e\u003cData Name=\u0027ParentProcessName\u0027\u003eC:\\Windows\\System32\\WindowsPowerShell\\v1.0\\powershell.exe\u003c/Data\u003e\u003cData Name=\u0027MandatoryLabel\u0027\u003eS-1-16-8192\u003c/Data\u003e\u003c/EventData\u003e\u003c/Event\u003e","\u003cEvent xmlns=\u0027http://schemas.microsoft.com/win/2004/08/events/event\u0027\u003e\u003cSystem\u003e\u003cProvider Name=\u0027Microsoft-Windows-Security-Auditing\u0027 Guid=\u0027{54849625-5478-4994-a5ba-3e3b0328c30d}\u0027/\u003e\u003cEventID\u003e4688\u003c/EventID\u003e\u003cVersion\u003e2\u003c/Version\u003e\u003cLevel\u003e0\u003c/Level\u003e\u003cTask\u003e13312\u003c/Task\u003e\u003cOpcode\u003e0\u003c/Opcode\u003e\u003cKeywords\u003e0x8020000000000000\u003c/Keywords\u003e\u003cTimeCreated SystemTime=\u00272026-10-05T01:58:05.5472004Z\u0027/\u003e\u003cEventRecordID\u003e109735\u003c/EventRecordID\u003e\u003cCorrelation/\u003e\u003cExecution ProcessID=\u00274\u0027 ThreadID=\u0027196\u0027/\u003e\u003cChannel\u003eSecurity\u003c/Channel\u003e\u003cComputer\u003ewin10-debugged\u003c/Computer\u003e\u003cSecurity/\u003e\u003c/System\u003e\u003cEventData\u003e\u003cData Name=\u0027SubjectUserSid\u0027\u003eS-1-5-21-316478115-1595729549-2803163825-1033\u003c/Data\u003e\u003cData Name=\u0027SubjectUserName\u0027\u003esuib01db6429df6\u003c/Data\u003e\u003cData Name=\u0027SubjectDomainName\u0027\u003eWIN10-DEBUGGED\u003c/Data\u003e\u003cData Name=\u0027SubjectLogonId\u0027\u003e0xdb6e3\u003c/Data\u003e\u003cData Name=\u0027NewProcessId\u0027\u003e0x14a4\u003c/Data\u003e\u003cData Name=\u0027NewProcessName\u0027\u003eC:\\Windows\\Microsoft.NET\\Framework64\\v4.0.30319\\cvtres.exe\u003c/Data\u003e\u003cData Name=\u0027TokenElevationType\u0027\u003e%%1936\u003c/Data\u003e\u003cData Name=\u0027ProcessId\u0027\u003e0x1468\u003c/Data\u003e\u003cData Name=\u0027CommandLine\u0027\u003e\u003c/Data\u003e\u003cData Name=\u0027TargetUserSid\u0027\u003eS-1-0-0\u003c/Data\u003e\u003cData Name=\u0027TargetUserName\u0027\u003e-\u003c/Data\u003e\u003cData Name=\u0027TargetDomainName\u0027\u003e-\u003c/Data\u003e\u003cData Name=\u0027TargetLogonId\u0027\u003e0x0\u003c/Data\u003e\u003cData Name=\u0027ParentProcessName\u0027\u003eC:\\Windows\\Microsoft.NET\\Framework64\\v4.0.30319\\csc.exe\u003c/Data\u003e\u003cData Name=\u0027MandatoryLabel\u0027\u003eS-1-16-8192\u003c/Data\u003e\u003c/EventData\u003e\u003c/Event\u003e","\u003cEvent xmlns=\u0027http://schemas.microsoft.com/win/2004/08/events/event\u0027\u003e\u003cSystem\u003e\u003cProvider Name=\u0027Microsoft-Windows-Security-Auditing\u0027 Guid=\u0027{54849625-5478-4994-a5ba-3e3b0328c30d}\u0027/\u003e\u003cEventID\u003e4799\u003c/EventID\u003e\u003cVersion\u003e0\u003c/Version\u003e\u003cLevel\u003e0\u003c/Level\u003e\u003cTask\u003e13826\u003c/Task\u003e\u003cOpcode\u003e0\u003c/Opcode\u003e\u003cKeywords\u003e0x8020000000000000\u003c/Keywords\u003e\u003cTimeCreated SystemTime=\u00272026-10-05T01:58:06.0048472Z\u0027/\u003e\u003cEventRecordID\u003e109736\u003c/EventRecordID\u003e\u003cCorrelation ActivityID=\u0027{e4619fa7-546c-0000-50a0-61e46c54dd01}\u0027/\u003e\u003cExecution ProcessID=\u0027688\u0027 ThreadID=\u0027732\u0027/\u003e\u003cChannel\u003eSecurity\u003c/Channel\u003e\u003cComputer\u003ewin10-debugged\u003c/Computer\u003e\u003cSecurity/\u003e\u003c/System\u003e\u003cEventData\u003e\u003cData Name=\u0027TargetUserName\u0027\u003eAdministrators\u003c/Data\u003e\u003cData Name=\u0027TargetDomainName\u0027\u003eBuiltin\u003c/Data\u003e\u003cData Name=\u0027TargetSid\u0027\u003eS-1-5-32-544\u003c/Data\u003e\u003cData Name=\u0027SubjectUserSid\u0027\u003eS-1-5-18\u003c/Data\u003e\u003cData Name=\u0027SubjectUserName\u0027\u003eWIN10-DEBUGGED$\u003c/Data\u003e\u003cData Name=\u0027SubjectDomainName\u0027\u003eWORKGROUP\u003c/Data\u003e\u003cData Name=\u0027SubjectLogonId\u0027\u003e0x3e7\u003c/Data\u003e\u003cData Name=\u0027CallerProcessId\u0027\u003e0x644\u003c/Data\u003e\u003cData Name=\u0027CallerProcessName\u0027\u003eC:\\Windows\\System32\\WindowsPowerShell\\v1.0\\powershell.exe\u003c/Data\u003e\u003c/EventData\u003e\u003c/Event\u003e","\u003cEvent xmlns=\u0027http://schemas.microsoft.com/win/2004/08/events/event\u0027\u003e\u003cSystem\u003e\u003cProvider Name=\u0027Microsoft-Windows-Security-Auditing\u0027 Guid=\u0027{54849625-5478-4994-a5ba-3e3b0328c30d}\u0027/\u003e\u003cEventID\u003e4634\u003c/EventID\u003e\u003cVersion\u003e0\u003c/Version\u003e\u003cLevel\u003e0\u003c/Level\u003e\u003cTask\u003e12545\u003c/Task\u003e\u003cOpcode\u003e0\u003c/Opcode\u003e\u003cKeywords\u003e0x8020000000000000\u003c/Keywords\u003e\u003cTimeCreated SystemTime=\u00272026-10-05T01:58:06.7852288Z\u0027/\u003e\u003cEventRecordID\u003e109737\u003c/EventRecordID\u003e\u003cCorrelation/\u003e\u003cExecution ProcessID=\u0027688\u0027 ThreadID=\u0027732\u0027/\u003e\u003cChannel\u003eSecurity\u003c/Channel\u003e\u003cComputer\u003ewin10-debugged\u003c/Computer\u003e\u003cSecurity/\u003e\u003c/System\u003e\u003cEventData\u003e\u003cData Name=\u0027TargetUserSid\u0027\u003eS-1-5-21-316478115-1595729549-2803163825-1033\u003c/Data\u003e\u003cData Name=\u0027TargetUserName\u0027\u003esuib01db6429df6\u003c/Data\u003e\u003cData Name=\u0027TargetDomainName\u0027\u003eWIN10-DEBUGGED\u003c/Data\u003e\u003cData Name=\u0027TargetLogonId\u0027\u003e0xdb6e3\u003c/Data\u003e\u003cData Name=\u0027LogonType\u0027\u003e4\u003c/Data\u003e\u003c/EventData\u003e\u003c/Event\u003e"]