["\u003cEvent xmlns=\u0027http://schemas.microsoft.com/win/2004/08/events/event\u0027\u003e\u003cSystem\u003e\u003cProvider Name=\u0027Microsoft-Windows-Security-Auditing\u0027 Guid=\u0027{54849625-5478-4994-a5ba-3e3b0328c30d}\u0027/\u003e\u003cEventID\u003e4688\u003c/EventID\u003e\u003cVersion\u003e2\u003c/Version\u003e\u003cLevel\u003e0\u003c/Level\u003e\u003cTask\u003e13312\u003c/Task\u003e\u003cOpcode\u003e0\u003c/Opcode\u003e\u003cKeywords\u003e0x8020000000000000\u003c/Keywords\u003e\u003cTimeCreated SystemTime=\u00272026-10-05T01:49:48.2732597Z\u0027/\u003e\u003cEventRecordID\u003e107725\u003c/EventRecordID\u003e\u003cCorrelation/\u003e\u003cExecution ProcessID=\u00274\u0027 ThreadID=\u0027200\u0027/\u003e\u003cChannel\u003eSecurity\u003c/Channel\u003e\u003cComputer\u003ewin10-debugged\u003c/Computer\u003e\u003cSecurity/\u003e\u003c/System\u003e\u003cEventData\u003e\u003cData Name=\u0027SubjectUserSid\u0027\u003eS-1-5-18\u003c/Data\u003e\u003cData Name=\u0027SubjectUserName\u0027\u003eWIN10-DEBUGGED$\u003c/Data\u003e\u003cData Name=\u0027SubjectDomainName\u0027\u003eWORKGROUP\u003c/Data\u003e\u003cData Name=\u0027SubjectLogonId\u0027\u003e0x3e7\u003c/Data\u003e\u003cData Name=\u0027NewProcessId\u0027\u003e0x1640\u003c/Data\u003e\u003cData Name=\u0027NewProcessName\u0027\u003eC:\\Windows\\Microsoft.NET\\Framework64\\v4.0.30319\\cvtres.exe\u003c/Data\u003e\u003cData Name=\u0027TokenElevationType\u0027\u003e%%1936\u003c/Data\u003e\u003cData Name=\u0027ProcessId\u0027\u003e0x162c\u003c/Data\u003e\u003cData Name=\u0027CommandLine\u0027\u003e\u003c/Data\u003e\u003cData Name=\u0027TargetUserSid\u0027\u003eS-1-0-0\u003c/Data\u003e\u003cData Name=\u0027TargetUserName\u0027\u003e-\u003c/Data\u003e\u003cData Name=\u0027TargetDomainName\u0027\u003e-\u003c/Data\u003e\u003cData Name=\u0027TargetLogonId\u0027\u003e0x0\u003c/Data\u003e\u003cData Name=\u0027ParentProcessName\u0027\u003eC:\\Windows\\Microsoft.NET\\Framework64\\v4.0.30319\\csc.exe\u003c/Data\u003e\u003cData Name=\u0027MandatoryLabel\u0027\u003eS-1-16-16384\u003c/Data\u003e\u003c/EventData\u003e\u003c/Event\u003e","\u003cEvent xmlns=\u0027http://schemas.microsoft.com/win/2004/08/events/event\u0027\u003e\u003cSystem\u003e\u003cProvider Name=\u0027Microsoft-Windows-Security-Auditing\u0027 Guid=\u0027{54849625-5478-4994-a5ba-3e3b0328c30d}\u0027/\u003e\u003cEventID\u003e4688\u003c/EventID\u003e\u003cVersion\u003e2\u003c/Version\u003e\u003cLevel\u003e0\u003c/Level\u003e\u003cTask\u003e13312\u003c/Task\u003e\u003cOpcode\u003e0\u003c/Opcode\u003e\u003cKeywords\u003e0x8020000000000000\u003c/Keywords\u003e\u003cTimeCreated SystemTime=\u00272026-10-05T01:49:50.8568748Z\u0027/\u003e\u003cEventRecordID\u003e107726\u003c/EventRecordID\u003e\u003cCorrelation/\u003e\u003cExecution ProcessID=\u00274\u0027 ThreadID=\u0027356\u0027/\u003e\u003cChannel\u003eSecurity\u003c/Channel\u003e\u003cComputer\u003ewin10-debugged\u003c/Computer\u003e\u003cSecurity/\u003e\u003c/System\u003e\u003cEventData\u003e\u003cData Name=\u0027SubjectUserSid\u0027\u003eS-1-5-18\u003c/Data\u003e\u003cData Name=\u0027SubjectUserName\u0027\u003eWIN10-DEBUGGED$\u003c/Data\u003e\u003cData Name=\u0027SubjectDomainName\u0027\u003eWORKGROUP\u003c/Data\u003e\u003cData Name=\u0027SubjectLogonId\u0027\u003e0x3e7\u003c/Data\u003e\u003cData Name=\u0027NewProcessId\u0027\u003e0x1668\u003c/Data\u003e\u003cData Name=\u0027NewProcessName\u0027\u003eC:\\Windows\\Microsoft.NET\\Framework64\\v4.0.30319\\csc.exe\u003c/Data\u003e\u003cData Name=\u0027TokenElevationType\u0027\u003e%%1936\u003c/Data\u003e\u003cData Name=\u0027ProcessId\u0027\u003e0x6f8\u003c/Data\u003e\u003cData Name=\u0027CommandLine\u0027\u003e\u003c/Data\u003e\u003cData Name=\u0027TargetUserSid\u0027\u003eS-1-0-0\u003c/Data\u003e\u003cData Name=\u0027TargetUserName\u0027\u003e-\u003c/Data\u003e\u003cData Name=\u0027TargetDomainName\u0027\u003e-\u003c/Data\u003e\u003cData Name=\u0027TargetLogonId\u0027\u003e0x0\u003c/Data\u003e\u003cData Name=\u0027ParentProcessName\u0027\u003eC:\\Windows\\System32\\WindowsPowerShell\\v1.0\\powershell.exe\u003c/Data\u003e\u003cData Name=\u0027MandatoryLabel\u0027\u003eS-1-16-16384\u003c/Data\u003e\u003c/EventData\u003e\u003c/Event\u003e","\u003cEvent xmlns=\u0027http://schemas.microsoft.com/win/2004/08/events/event\u0027\u003e\u003cSystem\u003e\u003cProvider Name=\u0027Microsoft-Windows-Security-Auditing\u0027 Guid=\u0027{54849625-5478-4994-a5ba-3e3b0328c30d}\u0027/\u003e\u003cEventID\u003e4688\u003c/EventID\u003e\u003cVersion\u003e2\u003c/Version\u003e\u003cLevel\u003e0\u003c/Level\u003e\u003cTask\u003e13312\u003c/Task\u003e\u003cOpcode\u003e0\u003c/Opcode\u003e\u003cKeywords\u003e0x8020000000000000\u003c/Keywords\u003e\u003cTimeCreated SystemTime=\u00272026-10-05T01:49:50.9187084Z\u0027/\u003e\u003cEventRecordID\u003e107727\u003c/EventRecordID\u003e\u003cCorrelation/\u003e\u003cExecution ProcessID=\u00274\u0027 ThreadID=\u0027356\u0027/\u003e\u003cChannel\u003eSecurity\u003c/Channel\u003e\u003cComputer\u003ewin10-debugged\u003c/Computer\u003e\u003cSecurity/\u003e\u003c/System\u003e\u003cEventData\u003e\u003cData Name=\u0027SubjectUserSid\u0027\u003eS-1-5-18\u003c/Data\u003e\u003cData Name=\u0027SubjectUserName\u0027\u003eWIN10-DEBUGGED$\u003c/Data\u003e\u003cData Name=\u0027SubjectDomainName\u0027\u003eWORKGROUP\u003c/Data\u003e\u003cData Name=\u0027SubjectLogonId\u0027\u003e0x3e7\u003c/Data\u003e\u003cData Name=\u0027NewProcessId\u0027\u003e0x1678\u003c/Data\u003e\u003cData Name=\u0027NewProcessName\u0027\u003eC:\\Windows\\Microsoft.NET\\Framework64\\v4.0.30319\\cvtres.exe\u003c/Data\u003e\u003cData Name=\u0027TokenElevationType\u0027\u003e%%1936\u003c/Data\u003e\u003cData Name=\u0027ProcessId\u0027\u003e0x1668\u003c/Data\u003e\u003cData Name=\u0027CommandLine\u0027\u003e\u003c/Data\u003e\u003cData Name=\u0027TargetUserSid\u0027\u003eS-1-0-0\u003c/Data\u003e\u003cData Name=\u0027TargetUserName\u0027\u003e-\u003c/Data\u003e\u003cData Name=\u0027TargetDomainName\u0027\u003e-\u003c/Data\u003e\u003cData Name=\u0027TargetLogonId\u0027\u003e0x0\u003c/Data\u003e\u003cData Name=\u0027ParentProcessName\u0027\u003eC:\\Windows\\Microsoft.NET\\Framework64\\v4.0.30319\\csc.exe\u003c/Data\u003e\u003cData Name=\u0027MandatoryLabel\u0027\u003eS-1-16-16384\u003c/Data\u003e\u003c/EventData\u003e\u003c/Event\u003e","\u003cEvent xmlns=\u0027http://schemas.microsoft.com/win/2004/08/events/event\u0027\u003e\u003cSystem\u003e\u003cProvider Name=\u0027Microsoft-Windows-Security-Auditing\u0027 Guid=\u0027{54849625-5478-4994-a5ba-3e3b0328c30d}\u0027/\u003e\u003cEventID\u003e4688\u003c/EventID\u003e\u003cVersion\u003e2\u003c/Version\u003e\u003cLevel\u003e0\u003c/Level\u003e\u003cTask\u003e13312\u003c/Task\u003e\u003cOpcode\u003e0\u003c/Opcode\u003e\u003cKeywords\u003e0x8020000000000000\u003c/Keywords\u003e\u003cTimeCreated SystemTime=\u00272026-10-05T01:49:51.2047803Z\u0027/\u003e\u003cEventRecordID\u003e107728\u003c/EventRecordID\u003e\u003cCorrelation/\u003e\u003cExecution ProcessID=\u00274\u0027 ThreadID=\u0027356\u0027/\u003e\u003cChannel\u003eSecurity\u003c/Channel\u003e\u003cComputer\u003ewin10-debugged\u003c/Computer\u003e\u003cSecurity/\u003e\u003c/System\u003e\u003cEventData\u003e\u003cData Name=\u0027SubjectUserSid\u0027\u003eS-1-5-18\u003c/Data\u003e\u003cData Name=\u0027SubjectUserName\u0027\u003eWIN10-DEBUGGED$\u003c/Data\u003e\u003cData Name=\u0027SubjectDomainName\u0027\u003eWORKGROUP\u003c/Data\u003e\u003cData Name=\u0027SubjectLogonId\u0027\u003e0x3e7\u003c/Data\u003e\u003cData Name=\u0027NewProcessId\u0027\u003e0x1688\u003c/Data\u003e\u003cData Name=\u0027NewProcessName\u0027\u003eC:\\Windows\\Microsoft.NET\\Framework64\\v4.0.30319\\csc.exe\u003c/Data\u003e\u003cData Name=\u0027TokenElevationType\u0027\u003e%%1936\u003c/Data\u003e\u003cData Name=\u0027ProcessId\u0027\u003e0x6f8\u003c/Data\u003e\u003cData Name=\u0027CommandLine\u0027\u003e\u003c/Data\u003e\u003cData Name=\u0027TargetUserSid\u0027\u003eS-1-0-0\u003c/Data\u003e\u003cData Name=\u0027TargetUserName\u0027\u003e-\u003c/Data\u003e\u003cData Name=\u0027TargetDomainName\u0027\u003e-\u003c/Data\u003e\u003cData Name=\u0027TargetLogonId\u0027\u003e0x0\u003c/Data\u003e\u003cData Name=\u0027ParentProcessName\u0027\u003eC:\\Windows\\System32\\WindowsPowerShell\\v1.0\\powershell.exe\u003c/Data\u003e\u003cData Name=\u0027MandatoryLabel\u0027\u003eS-1-16-16384\u003c/Data\u003e\u003c/EventData\u003e\u003c/Event\u003e","\u003cEvent xmlns=\u0027http://schemas.microsoft.com/win/2004/08/events/event\u0027\u003e\u003cSystem\u003e\u003cProvider Name=\u0027Microsoft-Windows-Security-Auditing\u0027 Guid=\u0027{54849625-5478-4994-a5ba-3e3b0328c30d}\u0027/\u003e\u003cEventID\u003e4688\u003c/EventID\u003e\u003cVersion\u003e2\u003c/Version\u003e\u003cLevel\u003e0\u003c/Level\u003e\u003cTask\u003e13312\u003c/Task\u003e\u003cOpcode\u003e0\u003c/Opcode\u003e\u003cKeywords\u003e0x8020000000000000\u003c/Keywords\u003e\u003cTimeCreated SystemTime=\u00272026-10-05T01:49:51.2675154Z\u0027/\u003e\u003cEventRecordID\u003e107729\u003c/EventRecordID\u003e\u003cCorrelation/\u003e\u003cExecution ProcessID=\u00274\u0027 ThreadID=\u0027356\u0027/\u003e\u003cChannel\u003eSecurity\u003c/Channel\u003e\u003cComputer\u003ewin10-debugged\u003c/Computer\u003e\u003cSecurity/\u003e\u003c/System\u003e\u003cEventData\u003e\u003cData Name=\u0027SubjectUserSid\u0027\u003eS-1-5-18\u003c/Data\u003e\u003cData Name=\u0027SubjectUserName\u0027\u003eWIN10-DEBUGGED$\u003c/Data\u003e\u003cData Name=\u0027SubjectDomainName\u0027\u003eWORKGROUP\u003c/Data\u003e\u003cData Name=\u0027SubjectLogonId\u0027\u003e0x3e7\u003c/Data\u003e\u003cData Name=\u0027NewProcessId\u0027\u003e0x1698\u003c/Data\u003e\u003cData Name=\u0027NewProcessName\u0027\u003eC:\\Windows\\Microsoft.NET\\Framework64\\v4.0.30319\\cvtres.exe\u003c/Data\u003e\u003cData Name=\u0027TokenElevationType\u0027\u003e%%1936\u003c/Data\u003e\u003cData Name=\u0027ProcessId\u0027\u003e0x1688\u003c/Data\u003e\u003cData Name=\u0027CommandLine\u0027\u003e\u003c/Data\u003e\u003cData Name=\u0027TargetUserSid\u0027\u003eS-1-0-0\u003c/Data\u003e\u003cData Name=\u0027TargetUserName\u0027\u003e-\u003c/Data\u003e\u003cData Name=\u0027TargetDomainName\u0027\u003e-\u003c/Data\u003e\u003cData Name=\u0027TargetLogonId\u0027\u003e0x0\u003c/Data\u003e\u003cData Name=\u0027ParentProcessName\u0027\u003eC:\\Windows\\Microsoft.NET\\Framework64\\v4.0.30319\\csc.exe\u003c/Data\u003e\u003cData Name=\u0027MandatoryLabel\u0027\u003eS-1-16-16384\u003c/Data\u003e\u003c/EventData\u003e\u003c/Event\u003e","\u003cEvent xmlns=\u0027http://schemas.microsoft.com/win/2004/08/events/event\u0027\u003e\u003cSystem\u003e\u003cProvider Name=\u0027Microsoft-Windows-Security-Auditing\u0027 Guid=\u0027{54849625-5478-4994-a5ba-3e3b0328c30d}\u0027/\u003e\u003cEventID\u003e4688\u003c/EventID\u003e\u003cVersion\u003e2\u003c/Version\u003e\u003cLevel\u003e0\u003c/Level\u003e\u003cTask\u003e13312\u003c/Task\u003e\u003cOpcode\u003e0\u003c/Opcode\u003e\u003cKeywords\u003e0x8020000000000000\u003c/Keywords\u003e\u003cTimeCreated SystemTime=\u00272026-10-05T01:49:51.5947931Z\u0027/\u003e\u003cEventRecordID\u003e107730\u003c/EventRecordID\u003e\u003cCorrelation/\u003e\u003cExecution ProcessID=\u00274\u0027 ThreadID=\u0027312\u0027/\u003e\u003cChannel\u003eSecurity\u003c/Channel\u003e\u003cComputer\u003ewin10-debugged\u003c/Computer\u003e\u003cSecurity/\u003e\u003c/System\u003e\u003cEventData\u003e\u003cData Name=\u0027SubjectUserSid\u0027\u003eS-1-5-18\u003c/Data\u003e\u003cData Name=\u0027SubjectUserName\u0027\u003eWIN10-DEBUGGED$\u003c/Data\u003e\u003cData Name=\u0027SubjectDomainName\u0027\u003eWORKGROUP\u003c/Data\u003e\u003cData Name=\u0027SubjectLogonId\u0027\u003e0x3e7\u003c/Data\u003e\u003cData Name=\u0027NewProcessId\u0027\u003e0x16a8\u003c/Data\u003e\u003cData Name=\u0027NewProcessName\u0027\u003eC:\\Windows\\System32\\fsutil.exe\u003c/Data\u003e\u003cData Name=\u0027TokenElevationType\u0027\u003e%%1936\u003c/Data\u003e\u003cData Name=\u0027ProcessId\u0027\u003e0x6f8\u003c/Data\u003e\u003cData Name=\u0027CommandLine\u0027\u003e\u003c/Data\u003e\u003cData Name=\u0027TargetUserSid\u0027\u003eS-1-0-0\u003c/Data\u003e\u003cData Name=\u0027TargetUserName\u0027\u003e-\u003c/Data\u003e\u003cData Name=\u0027TargetDomainName\u0027\u003e-\u003c/Data\u003e\u003cData Name=\u0027TargetLogonId\u0027\u003e0x0\u003c/Data\u003e\u003cData Name=\u0027ParentProcessName\u0027\u003eC:\\Windows\\System32\\WindowsPowerShell\\v1.0\\powershell.exe\u003c/Data\u003e\u003cData Name=\u0027MandatoryLabel\u0027\u003eS-1-16-16384\u003c/Data\u003e\u003c/EventData\u003e\u003c/Event\u003e","\u003cEvent xmlns=\u0027http://schemas.microsoft.com/win/2004/08/events/event\u0027\u003e\u003cSystem\u003e\u003cProvider Name=\u0027Microsoft-Windows-Security-Auditing\u0027 Guid=\u0027{54849625-5478-4994-a5ba-3e3b0328c30d}\u0027/\u003e\u003cEventID\u003e4648\u003c/EventID\u003e\u003cVersion\u003e0\u003c/Version\u003e\u003cLevel\u003e0\u003c/Level\u003e\u003cTask\u003e12544\u003c/Task\u003e\u003cOpcode\u003e0\u003c/Opcode\u003e\u003cKeywords\u003e0x8020000000000000\u003c/Keywords\u003e\u003cTimeCreated SystemTime=\u00272026-10-05T01:49:52.8684767Z\u0027/\u003e\u003cEventRecordID\u003e107731\u003c/EventRecordID\u003e\u003cCorrelation ActivityID=\u0027{bd58b7cd-546b-0000-6eb8-58bd6b54dd01}\u0027/\u003e\u003cExecution ProcessID=\u0027696\u0027 ThreadID=\u0027740\u0027/\u003e\u003cChannel\u003eSecurity\u003c/Channel\u003e\u003cComputer\u003ewin10-debugged\u003c/Computer\u003e\u003cSecurity/\u003e\u003c/System\u003e\u003cEventData\u003e\u003cData Name=\u0027SubjectUserSid\u0027\u003eS-1-5-18\u003c/Data\u003e\u003cData Name=\u0027SubjectUserName\u0027\u003eWIN10-DEBUGGED$\u003c/Data\u003e\u003cData Name=\u0027SubjectDomainName\u0027\u003eWORKGROUP\u003c/Data\u003e\u003cData Name=\u0027SubjectLogonId\u0027\u003e0x3e7\u003c/Data\u003e\u003cData Name=\u0027LogonGuid\u0027\u003e{00000000-0000-0000-0000-000000000000}\u003c/Data\u003e\u003cData Name=\u0027TargetUserName\u0027\u003esui24342ba56094\u003c/Data\u003e\u003cData Name=\u0027TargetDomainName\u0027\u003eWIN10-DEBUGGED\u003c/Data\u003e\u003cData Name=\u0027TargetLogonGuid\u0027\u003e{00000000-0000-0000-0000-000000000000}\u003c/Data\u003e\u003cData Name=\u0027TargetServerName\u0027\u003elocalhost\u003c/Data\u003e\u003cData Name=\u0027TargetInfo\u0027\u003elocalhost\u003c/Data\u003e\u003cData Name=\u0027ProcessId\u0027\u003e0x4d0\u003c/Data\u003e\u003cData Name=\u0027ProcessName\u0027\u003eC:\\Windows\\System32\\svchost.exe\u003c/Data\u003e\u003cData Name=\u0027IpAddress\u0027\u003e-\u003c/Data\u003e\u003cData Name=\u0027IpPort\u0027\u003e-\u003c/Data\u003e\u003c/EventData\u003e\u003c/Event\u003e","\u003cEvent xmlns=\u0027http://schemas.microsoft.com/win/2004/08/events/event\u0027\u003e\u003cSystem\u003e\u003cProvider Name=\u0027Microsoft-Windows-Security-Auditing\u0027 Guid=\u0027{54849625-5478-4994-a5ba-3e3b0328c30d}\u0027/\u003e\u003cEventID\u003e4624\u003c/EventID\u003e\u003cVersion\u003e2\u003c/Version\u003e\u003cLevel\u003e0\u003c/Level\u003e\u003cTask\u003e12544\u003c/Task\u003e\u003cOpcode\u003e0\u003c/Opcode\u003e\u003cKeywords\u003e0x8020000000000000\u003c/Keywords\u003e\u003cTimeCreated SystemTime=\u00272026-10-05T01:49:52.8684883Z\u0027/\u003e\u003cEventRecordID\u003e107732\u003c/EventRecordID\u003e\u003cCorrelation ActivityID=\u0027{bd58b7cd-546b-0000-6eb8-58bd6b54dd01}\u0027/\u003e\u003cExecution ProcessID=\u0027696\u0027 ThreadID=\u0027740\u0027/\u003e\u003cChannel\u003eSecurity\u003c/Channel\u003e\u003cComputer\u003ewin10-debugged\u003c/Computer\u003e\u003cSecurity/\u003e\u003c/System\u003e\u003cEventData\u003e\u003cData Name=\u0027SubjectUserSid\u0027\u003eS-1-5-18\u003c/Data\u003e\u003cData Name=\u0027SubjectUserName\u0027\u003eWIN10-DEBUGGED$\u003c/Data\u003e\u003cData Name=\u0027SubjectDomainName\u0027\u003eWORKGROUP\u003c/Data\u003e\u003cData Name=\u0027SubjectLogonId\u0027\u003e0x3e7\u003c/Data\u003e\u003cData Name=\u0027TargetUserSid\u0027\u003eS-1-5-21-316478115-1595729549-2803163825-1031\u003c/Data\u003e\u003cData Name=\u0027TargetUserName\u0027\u003esui24342ba56094\u003c/Data\u003e\u003cData Name=\u0027TargetDomainName\u0027\u003eWIN10-DEBUGGED\u003c/Data\u003e\u003cData Name=\u0027TargetLogonId\u0027\u003e0xcf806\u003c/Data\u003e\u003cData Name=\u0027LogonType\u0027\u003e4\u003c/Data\u003e\u003cData Name=\u0027LogonProcessName\u0027\u003eAdvapi  \u003c/Data\u003e\u003cData Name=\u0027AuthenticationPackageName\u0027\u003eNegotiate\u003c/Data\u003e\u003cData Name=\u0027WorkstationName\u0027\u003eWIN10-DEBUGGED\u003c/Data\u003e\u003cData Name=\u0027LogonGuid\u0027\u003e{00000000-0000-0000-0000-000000000000}\u003c/Data\u003e\u003cData Name=\u0027TransmittedServices\u0027\u003e-\u003c/Data\u003e\u003cData Name=\u0027LmPackageName\u0027\u003e-\u003c/Data\u003e\u003cData Name=\u0027KeyLength\u0027\u003e0\u003c/Data\u003e\u003cData Name=\u0027ProcessId\u0027\u003e0x4d0\u003c/Data\u003e\u003cData Name=\u0027ProcessName\u0027\u003eC:\\Windows\\System32\\svchost.exe\u003c/Data\u003e\u003cData Name=\u0027IpAddress\u0027\u003e-\u003c/Data\u003e\u003cData Name=\u0027IpPort\u0027\u003e-\u003c/Data\u003e\u003cData Name=\u0027ImpersonationLevel\u0027\u003e%%1833\u003c/Data\u003e\u003cData Name=\u0027RestrictedAdminMode\u0027\u003e-\u003c/Data\u003e\u003cData Name=\u0027TargetOutboundUserName\u0027\u003e-\u003c/Data\u003e\u003cData Name=\u0027TargetOutboundDomainName\u0027\u003e-\u003c/Data\u003e\u003cData Name=\u0027VirtualAccount\u0027\u003e%%1843\u003c/Data\u003e\u003cData Name=\u0027TargetLinkedLogonId\u0027\u003e0x0\u003c/Data\u003e\u003cData Name=\u0027ElevatedToken\u0027\u003e%%1843\u003c/Data\u003e\u003c/EventData\u003e\u003c/Event\u003e","\u003cEvent xmlns=\u0027http://schemas.microsoft.com/win/2004/08/events/event\u0027\u003e\u003cSystem\u003e\u003cProvider Name=\u0027Microsoft-Windows-Security-Auditing\u0027 Guid=\u0027{54849625-5478-4994-a5ba-3e3b0328c30d}\u0027/\u003e\u003cEventID\u003e4634\u003c/EventID\u003e\u003cVersion\u003e0\u003c/Version\u003e\u003cLevel\u003e0\u003c/Level\u003e\u003cTask\u003e12545\u003c/Task\u003e\u003cOpcode\u003e0\u003c/Opcode\u003e\u003cKeywords\u003e0x8020000000000000\u003c/Keywords\u003e\u003cTimeCreated SystemTime=\u00272026-10-05T01:49:52.8688252Z\u0027/\u003e\u003cEventRecordID\u003e107733\u003c/EventRecordID\u003e\u003cCorrelation/\u003e\u003cExecution ProcessID=\u0027696\u0027 ThreadID=\u0027740\u0027/\u003e\u003cChannel\u003eSecurity\u003c/Channel\u003e\u003cComputer\u003ewin10-debugged\u003c/Computer\u003e\u003cSecurity/\u003e\u003c/System\u003e\u003cEventData\u003e\u003cData Name=\u0027TargetUserSid\u0027\u003eS-1-5-21-316478115-1595729549-2803163825-1031\u003c/Data\u003e\u003cData Name=\u0027TargetUserName\u0027\u003esui24342ba56094\u003c/Data\u003e\u003cData Name=\u0027TargetDomainName\u0027\u003eWIN10-DEBUGGED\u003c/Data\u003e\u003cData Name=\u0027TargetLogonId\u0027\u003e0xcf806\u003c/Data\u003e\u003cData Name=\u0027LogonType\u0027\u003e4\u003c/Data\u003e\u003c/EventData\u003e\u003c/Event\u003e","\u003cEvent xmlns=\u0027http://schemas.microsoft.com/win/2004/08/events/event\u0027\u003e\u003cSystem\u003e\u003cProvider Name=\u0027Microsoft-Windows-Security-Auditing\u0027 Guid=\u0027{54849625-5478-4994-a5ba-3e3b0328c30d}\u0027/\u003e\u003cEventID\u003e4648\u003c/EventID\u003e\u003cVersion\u003e0\u003c/Version\u003e\u003cLevel\u003e0\u003c/Level\u003e\u003cTask\u003e12544\u003c/Task\u003e\u003cOpcode\u003e0\u003c/Opcode\u003e\u003cKeywords\u003e0x8020000000000000\u003c/Keywords\u003e\u003cTimeCreated SystemTime=\u00272026-10-05T01:49:52.8718563Z\u0027/\u003e\u003cEventRecordID\u003e107734\u003c/EventRecordID\u003e\u003cCorrelation ActivityID=\u0027{bd58b7cd-546b-0000-6eb8-58bd6b54dd01}\u0027/\u003e\u003cExecution ProcessID=\u0027696\u0027 ThreadID=\u0027740\u0027/\u003e\u003cChannel\u003eSecurity\u003c/Channel\u003e\u003cComputer\u003ewin10-debugged\u003c/Computer\u003e\u003cSecurity/\u003e\u003c/System\u003e\u003cEventData\u003e\u003cData Name=\u0027SubjectUserSid\u0027\u003eS-1-5-18\u003c/Data\u003e\u003cData Name=\u0027SubjectUserName\u0027\u003eWIN10-DEBUGGED$\u003c/Data\u003e\u003cData Name=\u0027SubjectDomainName\u0027\u003eWORKGROUP\u003c/Data\u003e\u003cData Name=\u0027SubjectLogonId\u0027\u003e0x3e7\u003c/Data\u003e\u003cData Name=\u0027LogonGuid\u0027\u003e{00000000-0000-0000-0000-000000000000}\u003c/Data\u003e\u003cData Name=\u0027TargetUserName\u0027\u003esui24342ba56094\u003c/Data\u003e\u003cData Name=\u0027TargetDomainName\u0027\u003eWIN10-DEBUGGED\u003c/Data\u003e\u003cData Name=\u0027TargetLogonGuid\u0027\u003e{00000000-0000-0000-0000-000000000000}\u003c/Data\u003e\u003cData Name=\u0027TargetServerName\u0027\u003elocalhost\u003c/Data\u003e\u003cData Name=\u0027TargetInfo\u0027\u003elocalhost\u003c/Data\u003e\u003cData Name=\u0027ProcessId\u0027\u003e0x4d0\u003c/Data\u003e\u003cData Name=\u0027ProcessName\u0027\u003eC:\\Windows\\System32\\svchost.exe\u003c/Data\u003e\u003cData Name=\u0027IpAddress\u0027\u003e-\u003c/Data\u003e\u003cData Name=\u0027IpPort\u0027\u003e-\u003c/Data\u003e\u003c/EventData\u003e\u003c/Event\u003e","\u003cEvent xmlns=\u0027http://schemas.microsoft.com/win/2004/08/events/event\u0027\u003e\u003cSystem\u003e\u003cProvider Name=\u0027Microsoft-Windows-Security-Auditing\u0027 Guid=\u0027{54849625-5478-4994-a5ba-3e3b0328c30d}\u0027/\u003e\u003cEventID\u003e4624\u003c/EventID\u003e\u003cVersion\u003e2\u003c/Version\u003e\u003cLevel\u003e0\u003c/Level\u003e\u003cTask\u003e12544\u003c/Task\u003e\u003cOpcode\u003e0\u003c/Opcode\u003e\u003cKeywords\u003e0x8020000000000000\u003c/Keywords\u003e\u003cTimeCreated SystemTime=\u00272026-10-05T01:49:52.8718663Z\u0027/\u003e\u003cEventRecordID\u003e107735\u003c/EventRecordID\u003e\u003cCorrelation ActivityID=\u0027{bd58b7cd-546b-0000-6eb8-58bd6b54dd01}\u0027/\u003e\u003cExecution ProcessID=\u0027696\u0027 ThreadID=\u0027740\u0027/\u003e\u003cChannel\u003eSecurity\u003c/Channel\u003e\u003cComputer\u003ewin10-debugged\u003c/Computer\u003e\u003cSecurity/\u003e\u003c/System\u003e\u003cEventData\u003e\u003cData Name=\u0027SubjectUserSid\u0027\u003eS-1-5-18\u003c/Data\u003e\u003cData Name=\u0027SubjectUserName\u0027\u003eWIN10-DEBUGGED$\u003c/Data\u003e\u003cData Name=\u0027SubjectDomainName\u0027\u003eWORKGROUP\u003c/Data\u003e\u003cData Name=\u0027SubjectLogonId\u0027\u003e0x3e7\u003c/Data\u003e\u003cData Name=\u0027TargetUserSid\u0027\u003eS-1-5-21-316478115-1595729549-2803163825-1031\u003c/Data\u003e\u003cData Name=\u0027TargetUserName\u0027\u003esui24342ba56094\u003c/Data\u003e\u003cData Name=\u0027TargetDomainName\u0027\u003eWIN10-DEBUGGED\u003c/Data\u003e\u003cData Name=\u0027TargetLogonId\u0027\u003e0xcf8e8\u003c/Data\u003e\u003cData Name=\u0027LogonType\u0027\u003e4\u003c/Data\u003e\u003cData Name=\u0027LogonProcessName\u0027\u003eAdvapi  \u003c/Data\u003e\u003cData Name=\u0027AuthenticationPackageName\u0027\u003eNegotiate\u003c/Data\u003e\u003cData Name=\u0027WorkstationName\u0027\u003eWIN10-DEBUGGED\u003c/Data\u003e\u003cData Name=\u0027LogonGuid\u0027\u003e{00000000-0000-0000-0000-000000000000}\u003c/Data\u003e\u003cData Name=\u0027TransmittedServices\u0027\u003e-\u003c/Data\u003e\u003cData Name=\u0027LmPackageName\u0027\u003e-\u003c/Data\u003e\u003cData Name=\u0027KeyLength\u0027\u003e0\u003c/Data\u003e\u003cData Name=\u0027ProcessId\u0027\u003e0x4d0\u003c/Data\u003e\u003cData Name=\u0027ProcessName\u0027\u003eC:\\Windows\\System32\\svchost.exe\u003c/Data\u003e\u003cData Name=\u0027IpAddress\u0027\u003e-\u003c/Data\u003e\u003cData Name=\u0027IpPort\u0027\u003e-\u003c/Data\u003e\u003cData Name=\u0027ImpersonationLevel\u0027\u003e%%1833\u003c/Data\u003e\u003cData Name=\u0027RestrictedAdminMode\u0027\u003e-\u003c/Data\u003e\u003cData Name=\u0027TargetOutboundUserName\u0027\u003e-\u003c/Data\u003e\u003cData Name=\u0027TargetOutboundDomainName\u0027\u003e-\u003c/Data\u003e\u003cData Name=\u0027VirtualAccount\u0027\u003e%%1843\u003c/Data\u003e\u003cData Name=\u0027TargetLinkedLogonId\u0027\u003e0x0\u003c/Data\u003e\u003cData Name=\u0027ElevatedToken\u0027\u003e%%1843\u003c/Data\u003e\u003c/EventData\u003e\u003c/Event\u003e","\u003cEvent xmlns=\u0027http://schemas.microsoft.com/win/2004/08/events/event\u0027\u003e\u003cSystem\u003e\u003cProvider Name=\u0027Microsoft-Windows-Security-Auditing\u0027 Guid=\u0027{54849625-5478-4994-a5ba-3e3b0328c30d}\u0027/\u003e\u003cEventID\u003e4688\u003c/EventID\u003e\u003cVersion\u003e2\u003c/Version\u003e\u003cLevel\u003e0\u003c/Level\u003e\u003cTask\u003e13312\u003c/Task\u003e\u003cOpcode\u003e0\u003c/Opcode\u003e\u003cKeywords\u003e0x8020000000000000\u003c/Keywords\u003e\u003cTimeCreated SystemTime=\u00272026-10-05T01:49:53.0812003Z\u0027/\u003e\u003cEventRecordID\u003e107736\u003c/EventRecordID\u003e\u003cCorrelation/\u003e\u003cExecution ProcessID=\u00274\u0027 ThreadID=\u0027200\u0027/\u003e\u003cChannel\u003eSecurity\u003c/Channel\u003e\u003cComputer\u003ewin10-debugged\u003c/Computer\u003e\u003cSecurity/\u003e\u003c/System\u003e\u003cEventData\u003e\u003cData Name=\u0027SubjectUserSid\u0027\u003eS-1-5-18\u003c/Data\u003e\u003cData Name=\u0027SubjectUserName\u0027\u003eWIN10-DEBUGGED$\u003c/Data\u003e\u003cData Name=\u0027SubjectDomainName\u0027\u003eWORKGROUP\u003c/Data\u003e\u003cData Name=\u0027SubjectLogonId\u0027\u003e0x3e7\u003c/Data\u003e\u003cData Name=\u0027NewProcessId\u0027\u003e0x16d4\u003c/Data\u003e\u003cData Name=\u0027NewProcessName\u0027\u003eC:\\Windows\\System32\\dllhost.exe\u003c/Data\u003e\u003cData Name=\u0027TokenElevationType\u0027\u003e%%1936\u003c/Data\u003e\u003cData Name=\u0027ProcessId\u0027\u003e0x31c\u003c/Data\u003e\u003cData Name=\u0027CommandLine\u0027\u003e\u003c/Data\u003e\u003cData Name=\u0027TargetUserSid\u0027\u003eS-1-0-0\u003c/Data\u003e\u003cData Name=\u0027TargetUserName\u0027\u003e-\u003c/Data\u003e\u003cData Name=\u0027TargetDomainName\u0027\u003e-\u003c/Data\u003e\u003cData Name=\u0027TargetLogonId\u0027\u003e0x0\u003c/Data\u003e\u003cData Name=\u0027ParentProcessName\u0027\u003eC:\\Windows\\System32\\svchost.exe\u003c/Data\u003e\u003cData Name=\u0027MandatoryLabel\u0027\u003eS-1-16-16384\u003c/Data\u003e\u003c/EventData\u003e\u003c/Event\u003e","\u003cEvent xmlns=\u0027http://schemas.microsoft.com/win/2004/08/events/event\u0027\u003e\u003cSystem\u003e\u003cProvider Name=\u0027Microsoft-Windows-Security-Auditing\u0027 Guid=\u0027{54849625-5478-4994-a5ba-3e3b0328c30d}\u0027/\u003e\u003cEventID\u003e4799\u003c/EventID\u003e\u003cVersion\u003e0\u003c/Version\u003e\u003cLevel\u003e0\u003c/Level\u003e\u003cTask\u003e13826\u003c/Task\u003e\u003cOpcode\u003e0\u003c/Opcode\u003e\u003cKeywords\u003e0x8020000000000000\u003c/Keywords\u003e\u003cTimeCreated SystemTime=\u00272026-10-05T01:49:53.1253031Z\u0027/\u003e\u003cEventRecordID\u003e107737\u003c/EventRecordID\u003e\u003cCorrelation ActivityID=\u0027{bd58b7cd-546b-0000-6eb8-58bd6b54dd01}\u0027/\u003e\u003cExecution ProcessID=\u0027696\u0027 ThreadID=\u0027780\u0027/\u003e\u003cChannel\u003eSecurity\u003c/Channel\u003e\u003cComputer\u003ewin10-debugged\u003c/Computer\u003e\u003cSecurity/\u003e\u003c/System\u003e\u003cEventData\u003e\u003cData Name=\u0027TargetUserName\u0027\u003eAdministrators\u003c/Data\u003e\u003cData Name=\u0027TargetDomainName\u0027\u003eBuiltin\u003c/Data\u003e\u003cData Name=\u0027TargetSid\u0027\u003eS-1-5-32-544\u003c/Data\u003e\u003cData Name=\u0027SubjectUserSid\u0027\u003eS-1-5-18\u003c/Data\u003e\u003cData Name=\u0027SubjectUserName\u0027\u003eWIN10-DEBUGGED$\u003c/Data\u003e\u003cData Name=\u0027SubjectDomainName\u0027\u003eWORKGROUP\u003c/Data\u003e\u003cData Name=\u0027SubjectLogonId\u0027\u003e0x3e7\u003c/Data\u003e\u003cData Name=\u0027CallerProcessId\u0027\u003e0x534\u003c/Data\u003e\u003cData Name=\u0027CallerProcessName\u0027\u003eC:\\Windows\\System32\\svchost.exe\u003c/Data\u003e\u003c/EventData\u003e\u003c/Event\u003e","\u003cEvent xmlns=\u0027http://schemas.microsoft.com/win/2004/08/events/event\u0027\u003e\u003cSystem\u003e\u003cProvider Name=\u0027Microsoft-Windows-Security-Auditing\u0027 Guid=\u0027{54849625-5478-4994-a5ba-3e3b0328c30d}\u0027/\u003e\u003cEventID\u003e4688\u003c/EventID\u003e\u003cVersion\u003e2\u003c/Version\u003e\u003cLevel\u003e0\u003c/Level\u003e\u003cTask\u003e13312\u003c/Task\u003e\u003cOpcode\u003e0\u003c/Opcode\u003e\u003cKeywords\u003e0x8020000000000000\u003c/Keywords\u003e\u003cTimeCreated SystemTime=\u00272026-10-05T01:49:53.1278809Z\u0027/\u003e\u003cEventRecordID\u003e107738\u003c/EventRecordID\u003e\u003cCorrelation/\u003e\u003cExecution ProcessID=\u00274\u0027 ThreadID=\u0027200\u0027/\u003e\u003cChannel\u003eSecurity\u003c/Channel\u003e\u003cComputer\u003ewin10-debugged\u003c/Computer\u003e\u003cSecurity/\u003e\u003c/System\u003e\u003cEventData\u003e\u003cData Name=\u0027SubjectUserSid\u0027\u003eS-1-5-18\u003c/Data\u003e\u003cData Name=\u0027SubjectUserName\u0027\u003eWIN10-DEBUGGED$\u003c/Data\u003e\u003cData Name=\u0027SubjectDomainName\u0027\u003eWORKGROUP\u003c/Data\u003e\u003cData Name=\u0027SubjectLogonId\u0027\u003e0x3e7\u003c/Data\u003e\u003cData Name=\u0027NewProcessId\u0027\u003e0x16fc\u003c/Data\u003e\u003cData Name=\u0027NewProcessName\u0027\u003eC:\\Windows\\System32\\WindowsPowerShell\\v1.0\\powershell.exe\u003c/Data\u003e\u003cData Name=\u0027TokenElevationType\u0027\u003e%%1936\u003c/Data\u003e\u003cData Name=\u0027ProcessId\u0027\u003e0x4d0\u003c/Data\u003e\u003cData Name=\u0027CommandLine\u0027\u003e\u003c/Data\u003e\u003cData Name=\u0027TargetUserSid\u0027\u003eS-1-0-0\u003c/Data\u003e\u003cData Name=\u0027TargetUserName\u0027\u003esui24342ba56094\u003c/Data\u003e\u003cData Name=\u0027TargetDomainName\u0027\u003eWIN10-DEBUGGED\u003c/Data\u003e\u003cData Name=\u0027TargetLogonId\u0027\u003e0xcf8e8\u003c/Data\u003e\u003cData Name=\u0027ParentProcessName\u0027\u003eC:\\Windows\\System32\\svchost.exe\u003c/Data\u003e\u003cData Name=\u0027MandatoryLabel\u0027\u003eS-1-16-8192\u003c/Data\u003e\u003c/EventData\u003e\u003c/Event\u003e","\u003cEvent xmlns=\u0027http://schemas.microsoft.com/win/2004/08/events/event\u0027\u003e\u003cSystem\u003e\u003cProvider Name=\u0027Microsoft-Windows-Security-Auditing\u0027 Guid=\u0027{54849625-5478-4994-a5ba-3e3b0328c30d}\u0027/\u003e\u003cEventID\u003e4688\u003c/EventID\u003e\u003cVersion\u003e2\u003c/Version\u003e\u003cLevel\u003e0\u003c/Level\u003e\u003cTask\u003e13312\u003c/Task\u003e\u003cOpcode\u003e0\u003c/Opcode\u003e\u003cKeywords\u003e0x8020000000000000\u003c/Keywords\u003e\u003cTimeCreated SystemTime=\u00272026-10-05T01:49:53.1314459Z\u0027/\u003e\u003cEventRecordID\u003e107739\u003c/EventRecordID\u003e\u003cCorrelation/\u003e\u003cExecution ProcessID=\u00274\u0027 ThreadID=\u0027200\u0027/\u003e\u003cChannel\u003eSecurity\u003c/Channel\u003e\u003cComputer\u003ewin10-debugged\u003c/Computer\u003e\u003cSecurity/\u003e\u003c/System\u003e\u003cEventData\u003e\u003cData Name=\u0027SubjectUserSid\u0027\u003eS-1-5-21-316478115-1595729549-2803163825-1031\u003c/Data\u003e\u003cData Name=\u0027SubjectUserName\u0027\u003esui24342ba56094\u003c/Data\u003e\u003cData Name=\u0027SubjectDomainName\u0027\u003eWIN10-DEBUGGED\u003c/Data\u003e\u003cData Name=\u0027SubjectLogonId\u0027\u003e0xcf8e8\u003c/Data\u003e\u003cData Name=\u0027NewProcessId\u0027\u003e0x1704\u003c/Data\u003e\u003cData Name=\u0027NewProcessName\u0027\u003eC:\\Windows\\System32\\conhost.exe\u003c/Data\u003e\u003cData Name=\u0027TokenElevationType\u0027\u003e%%1936\u003c/Data\u003e\u003cData Name=\u0027ProcessId\u0027\u003e0x16fc\u003c/Data\u003e\u003cData Name=\u0027CommandLine\u0027\u003e\u003c/Data\u003e\u003cData Name=\u0027TargetUserSid\u0027\u003eS-1-0-0\u003c/Data\u003e\u003cData Name=\u0027TargetUserName\u0027\u003e-\u003c/Data\u003e\u003cData Name=\u0027TargetDomainName\u0027\u003e-\u003c/Data\u003e\u003cData Name=\u0027TargetLogonId\u0027\u003e0x0\u003c/Data\u003e\u003cData Name=\u0027ParentProcessName\u0027\u003eC:\\Windows\\System32\\WindowsPowerShell\\v1.0\\powershell.exe\u003c/Data\u003e\u003cData Name=\u0027MandatoryLabel\u0027\u003eS-1-16-8192\u003c/Data\u003e\u003c/EventData\u003e\u003c/Event\u003e","\u003cEvent xmlns=\u0027http://schemas.microsoft.com/win/2004/08/events/event\u0027\u003e\u003cSystem\u003e\u003cProvider Name=\u0027Microsoft-Windows-Security-Auditing\u0027 Guid=\u0027{54849625-5478-4994-a5ba-3e3b0328c30d}\u0027/\u003e\u003cEventID\u003e4688\u003c/EventID\u003e\u003cVersion\u003e2\u003c/Version\u003e\u003cLevel\u003e0\u003c/Level\u003e\u003cTask\u003e13312\u003c/Task\u003e\u003cOpcode\u003e0\u003c/Opcode\u003e\u003cKeywords\u003e0x8020000000000000\u003c/Keywords\u003e\u003cTimeCreated SystemTime=\u00272026-10-05T01:49:53.5045522Z\u0027/\u003e\u003cEventRecordID\u003e107740\u003c/EventRecordID\u003e\u003cCorrelation/\u003e\u003cExecution ProcessID=\u00274\u0027 ThreadID=\u0027200\u0027/\u003e\u003cChannel\u003eSecurity\u003c/Channel\u003e\u003cComputer\u003ewin10-debugged\u003c/Computer\u003e\u003cSecurity/\u003e\u003c/System\u003e\u003cEventData\u003e\u003cData Name=\u0027SubjectUserSid\u0027\u003eS-1-5-21-316478115-1595729549-2803163825-1031\u003c/Data\u003e\u003cData Name=\u0027SubjectUserName\u0027\u003esui24342ba56094\u003c/Data\u003e\u003cData Name=\u0027SubjectDomainName\u0027\u003eWIN10-DEBUGGED\u003c/Data\u003e\u003cData Name=\u0027SubjectLogonId\u0027\u003e0xcf8e8\u003c/Data\u003e\u003cData Name=\u0027NewProcessId\u0027\u003e0x1768\u003c/Data\u003e\u003cData Name=\u0027NewProcessName\u0027\u003eC:\\Windows\\Microsoft.NET\\Framework64\\v4.0.30319\\csc.exe\u003c/Data\u003e\u003cData Name=\u0027TokenElevationType\u0027\u003e%%1936\u003c/Data\u003e\u003cData Name=\u0027ProcessId\u0027\u003e0x16fc\u003c/Data\u003e\u003cData Name=\u0027CommandLine\u0027\u003e\u003c/Data\u003e\u003cData Name=\u0027TargetUserSid\u0027\u003eS-1-0-0\u003c/Data\u003e\u003cData Name=\u0027TargetUserName\u0027\u003e-\u003c/Data\u003e\u003cData Name=\u0027TargetDomainName\u0027\u003e-\u003c/Data\u003e\u003cData Name=\u0027TargetLogonId\u0027\u003e0x0\u003c/Data\u003e\u003cData Name=\u0027ParentProcessName\u0027\u003eC:\\Windows\\System32\\WindowsPowerShell\\v1.0\\powershell.exe\u003c/Data\u003e\u003cData Name=\u0027MandatoryLabel\u0027\u003eS-1-16-8192\u003c/Data\u003e\u003c/EventData\u003e\u003c/Event\u003e","\u003cEvent xmlns=\u0027http://schemas.microsoft.com/win/2004/08/events/event\u0027\u003e\u003cSystem\u003e\u003cProvider Name=\u0027Microsoft-Windows-Security-Auditing\u0027 Guid=\u0027{54849625-5478-4994-a5ba-3e3b0328c30d}\u0027/\u003e\u003cEventID\u003e4688\u003c/EventID\u003e\u003cVersion\u003e2\u003c/Version\u003e\u003cLevel\u003e0\u003c/Level\u003e\u003cTask\u003e13312\u003c/Task\u003e\u003cOpcode\u003e0\u003c/Opcode\u003e\u003cKeywords\u003e0x8020000000000000\u003c/Keywords\u003e\u003cTimeCreated SystemTime=\u00272026-10-05T01:49:53.5612041Z\u0027/\u003e\u003cEventRecordID\u003e107741\u003c/EventRecordID\u003e\u003cCorrelation/\u003e\u003cExecution ProcessID=\u00274\u0027 ThreadID=\u0027200\u0027/\u003e\u003cChannel\u003eSecurity\u003c/Channel\u003e\u003cComputer\u003ewin10-debugged\u003c/Computer\u003e\u003cSecurity/\u003e\u003c/System\u003e\u003cEventData\u003e\u003cData Name=\u0027SubjectUserSid\u0027\u003eS-1-5-21-316478115-1595729549-2803163825-1031\u003c/Data\u003e\u003cData Name=\u0027SubjectUserName\u0027\u003esui24342ba56094\u003c/Data\u003e\u003cData Name=\u0027SubjectDomainName\u0027\u003eWIN10-DEBUGGED\u003c/Data\u003e\u003cData Name=\u0027SubjectLogonId\u0027\u003e0xcf8e8\u003c/Data\u003e\u003cData Name=\u0027NewProcessId\u0027\u003e0x1778\u003c/Data\u003e\u003cData Name=\u0027NewProcessName\u0027\u003eC:\\Windows\\Microsoft.NET\\Framework64\\v4.0.30319\\cvtres.exe\u003c/Data\u003e\u003cData Name=\u0027TokenElevationType\u0027\u003e%%1936\u003c/Data\u003e\u003cData Name=\u0027ProcessId\u0027\u003e0x1768\u003c/Data\u003e\u003cData Name=\u0027CommandLine\u0027\u003e\u003c/Data\u003e\u003cData Name=\u0027TargetUserSid\u0027\u003eS-1-0-0\u003c/Data\u003e\u003cData Name=\u0027TargetUserName\u0027\u003e-\u003c/Data\u003e\u003cData Name=\u0027TargetDomainName\u0027\u003e-\u003c/Data\u003e\u003cData Name=\u0027TargetLogonId\u0027\u003e0x0\u003c/Data\u003e\u003cData Name=\u0027ParentProcessName\u0027\u003eC:\\Windows\\Microsoft.NET\\Framework64\\v4.0.30319\\csc.exe\u003c/Data\u003e\u003cData Name=\u0027MandatoryLabel\u0027\u003eS-1-16-8192\u003c/Data\u003e\u003c/EventData\u003e\u003c/Event\u003e","\u003cEvent xmlns=\u0027http://schemas.microsoft.com/win/2004/08/events/event\u0027\u003e\u003cSystem\u003e\u003cProvider Name=\u0027Microsoft-Windows-Security-Auditing\u0027 Guid=\u0027{54849625-5478-4994-a5ba-3e3b0328c30d}\u0027/\u003e\u003cEventID\u003e4799\u003c/EventID\u003e\u003cVersion\u003e0\u003c/Version\u003e\u003cLevel\u003e0\u003c/Level\u003e\u003cTask\u003e13826\u003c/Task\u003e\u003cOpcode\u003e0\u003c/Opcode\u003e\u003cKeywords\u003e0x8020000000000000\u003c/Keywords\u003e\u003cTimeCreated SystemTime=\u00272026-10-05T01:49:54.1425272Z\u0027/\u003e\u003cEventRecordID\u003e107742\u003c/EventRecordID\u003e\u003cCorrelation ActivityID=\u0027{bd58b7cd-546b-0000-6eb8-58bd6b54dd01}\u0027/\u003e\u003cExecution ProcessID=\u0027696\u0027 ThreadID=\u0027740\u0027/\u003e\u003cChannel\u003eSecurity\u003c/Channel\u003e\u003cComputer\u003ewin10-debugged\u003c/Computer\u003e\u003cSecurity/\u003e\u003c/System\u003e\u003cEventData\u003e\u003cData Name=\u0027TargetUserName\u0027\u003eAdministrators\u003c/Data\u003e\u003cData Name=\u0027TargetDomainName\u0027\u003eBuiltin\u003c/Data\u003e\u003cData Name=\u0027TargetSid\u0027\u003eS-1-5-32-544\u003c/Data\u003e\u003cData Name=\u0027SubjectUserSid\u0027\u003eS-1-5-18\u003c/Data\u003e\u003cData Name=\u0027SubjectUserName\u0027\u003eWIN10-DEBUGGED$\u003c/Data\u003e\u003cData Name=\u0027SubjectDomainName\u0027\u003eWORKGROUP\u003c/Data\u003e\u003cData Name=\u0027SubjectLogonId\u0027\u003e0x3e7\u003c/Data\u003e\u003cData Name=\u0027CallerProcessId\u0027\u003e0x6f8\u003c/Data\u003e\u003cData Name=\u0027CallerProcessName\u0027\u003eC:\\Windows\\System32\\WindowsPowerShell\\v1.0\\powershell.exe\u003c/Data\u003e\u003c/EventData\u003e\u003c/Event\u003e","\u003cEvent xmlns=\u0027http://schemas.microsoft.com/win/2004/08/events/event\u0027\u003e\u003cSystem\u003e\u003cProvider Name=\u0027Microsoft-Windows-Security-Auditing\u0027 Guid=\u0027{54849625-5478-4994-a5ba-3e3b0328c30d}\u0027/\u003e\u003cEventID\u003e4634\u003c/EventID\u003e\u003cVersion\u003e0\u003c/Version\u003e\u003cLevel\u003e0\u003c/Level\u003e\u003cTask\u003e12545\u003c/Task\u003e\u003cOpcode\u003e0\u003c/Opcode\u003e\u003cKeywords\u003e0x8020000000000000\u003c/Keywords\u003e\u003cTimeCreated SystemTime=\u00272026-10-05T01:49:54.8926091Z\u0027/\u003e\u003cEventRecordID\u003e107743\u003c/EventRecordID\u003e\u003cCorrelation/\u003e\u003cExecution ProcessID=\u0027696\u0027 ThreadID=\u0027780\u0027/\u003e\u003cChannel\u003eSecurity\u003c/Channel\u003e\u003cComputer\u003ewin10-debugged\u003c/Computer\u003e\u003cSecurity/\u003e\u003c/System\u003e\u003cEventData\u003e\u003cData Name=\u0027TargetUserSid\u0027\u003eS-1-5-21-316478115-1595729549-2803163825-1031\u003c/Data\u003e\u003cData Name=\u0027TargetUserName\u0027\u003esui24342ba56094\u003c/Data\u003e\u003cData Name=\u0027TargetDomainName\u0027\u003eWIN10-DEBUGGED\u003c/Data\u003e\u003cData Name=\u0027TargetLogonId\u0027\u003e0xcf8e8\u003c/Data\u003e\u003cData Name=\u0027LogonType\u0027\u003e4\u003c/Data\u003e\u003c/EventData\u003e\u003c/Event\u003e"]