["\u003cEvent xmlns=\u0027http://schemas.microsoft.com/win/2004/08/events/event\u0027\u003e\u003cSystem\u003e\u003cProvider Name=\u0027Microsoft-Windows-Security-Auditing\u0027 Guid=\u0027{54849625-5478-4994-a5ba-3e3b0328c30d}\u0027/\u003e\u003cEventID\u003e4688\u003c/EventID\u003e\u003cVersion\u003e2\u003c/Version\u003e\u003cLevel\u003e0\u003c/Level\u003e\u003cTask\u003e13312\u003c/Task\u003e\u003cOpcode\u003e0\u003c/Opcode\u003e\u003cKeywords\u003e0x8020000000000000\u003c/Keywords\u003e\u003cTimeCreated SystemTime=\u00272026-10-05T02:49:18.6146854Z\u0027/\u003e\u003cEventRecordID\u003e112281\u003c/EventRecordID\u003e\u003cCorrelation/\u003e\u003cExecution ProcessID=\u00274\u0027 ThreadID=\u0027312\u0027/\u003e\u003cChannel\u003eSecurity\u003c/Channel\u003e\u003cComputer\u003ewin10-debugged\u003c/Computer\u003e\u003cSecurity/\u003e\u003c/System\u003e\u003cEventData\u003e\u003cData Name=\u0027SubjectUserSid\u0027\u003eS-1-5-18\u003c/Data\u003e\u003cData Name=\u0027SubjectUserName\u0027\u003eWIN10-DEBUGGED$\u003c/Data\u003e\u003cData Name=\u0027SubjectDomainName\u0027\u003eWORKGROUP\u003c/Data\u003e\u003cData Name=\u0027SubjectLogonId\u0027\u003e0x3e7\u003c/Data\u003e\u003cData Name=\u0027NewProcessId\u0027\u003e0x15bc\u003c/Data\u003e\u003cData Name=\u0027NewProcessName\u0027\u003eC:\\Windows\\System32\\taskhostw.exe\u003c/Data\u003e\u003cData Name=\u0027TokenElevationType\u0027\u003e%%1936\u003c/Data\u003e\u003cData Name=\u0027ProcessId\u0027\u003e0x488\u003c/Data\u003e\u003cData Name=\u0027CommandLine\u0027\u003e\u003c/Data\u003e\u003cData Name=\u0027TargetUserSid\u0027\u003eS-1-0-0\u003c/Data\u003e\u003cData Name=\u0027TargetUserName\u0027\u003e-\u003c/Data\u003e\u003cData Name=\u0027TargetDomainName\u0027\u003e-\u003c/Data\u003e\u003cData Name=\u0027TargetLogonId\u0027\u003e0x0\u003c/Data\u003e\u003cData Name=\u0027ParentProcessName\u0027\u003eC:\\Windows\\System32\\svchost.exe\u003c/Data\u003e\u003cData Name=\u0027MandatoryLabel\u0027\u003eS-1-16-16384\u003c/Data\u003e\u003c/EventData\u003e\u003c/Event\u003e","\u003cEvent xmlns=\u0027http://schemas.microsoft.com/win/2004/08/events/event\u0027\u003e\u003cSystem\u003e\u003cProvider Name=\u0027Microsoft-Windows-Security-Auditing\u0027 Guid=\u0027{54849625-5478-4994-a5ba-3e3b0328c30d}\u0027/\u003e\u003cEventID\u003e4688\u003c/EventID\u003e\u003cVersion\u003e2\u003c/Version\u003e\u003cLevel\u003e0\u003c/Level\u003e\u003cTask\u003e13312\u003c/Task\u003e\u003cOpcode\u003e0\u003c/Opcode\u003e\u003cKeywords\u003e0x8020000000000000\u003c/Keywords\u003e\u003cTimeCreated SystemTime=\u00272026-10-05T02:49:20.6425511Z\u0027/\u003e\u003cEventRecordID\u003e112282\u003c/EventRecordID\u003e\u003cCorrelation/\u003e\u003cExecution ProcessID=\u00274\u0027 ThreadID=\u0027312\u0027/\u003e\u003cChannel\u003eSecurity\u003c/Channel\u003e\u003cComputer\u003ewin10-debugged\u003c/Computer\u003e\u003cSecurity/\u003e\u003c/System\u003e\u003cEventData\u003e\u003cData Name=\u0027SubjectUserSid\u0027\u003eS-1-5-18\u003c/Data\u003e\u003cData Name=\u0027SubjectUserName\u0027\u003eWIN10-DEBUGGED$\u003c/Data\u003e\u003cData Name=\u0027SubjectDomainName\u0027\u003eWORKGROUP\u003c/Data\u003e\u003cData Name=\u0027SubjectLogonId\u0027\u003e0x3e7\u003c/Data\u003e\u003cData Name=\u0027NewProcessId\u0027\u003e0x1600\u003c/Data\u003e\u003cData Name=\u0027NewProcessName\u0027\u003eC:\\Windows\\Microsoft.NET\\Framework64\\v4.0.30319\\csc.exe\u003c/Data\u003e\u003cData Name=\u0027TokenElevationType\u0027\u003e%%1936\u003c/Data\u003e\u003cData Name=\u0027ProcessId\u0027\u003e0x618\u003c/Data\u003e\u003cData Name=\u0027CommandLine\u0027\u003e\u003c/Data\u003e\u003cData Name=\u0027TargetUserSid\u0027\u003eS-1-0-0\u003c/Data\u003e\u003cData Name=\u0027TargetUserName\u0027\u003e-\u003c/Data\u003e\u003cData Name=\u0027TargetDomainName\u0027\u003e-\u003c/Data\u003e\u003cData Name=\u0027TargetLogonId\u0027\u003e0x0\u003c/Data\u003e\u003cData Name=\u0027ParentProcessName\u0027\u003eC:\\Windows\\System32\\WindowsPowerShell\\v1.0\\powershell.exe\u003c/Data\u003e\u003cData Name=\u0027MandatoryLabel\u0027\u003eS-1-16-16384\u003c/Data\u003e\u003c/EventData\u003e\u003c/Event\u003e","\u003cEvent xmlns=\u0027http://schemas.microsoft.com/win/2004/08/events/event\u0027\u003e\u003cSystem\u003e\u003cProvider Name=\u0027Microsoft-Windows-Security-Auditing\u0027 Guid=\u0027{54849625-5478-4994-a5ba-3e3b0328c30d}\u0027/\u003e\u003cEventID\u003e4688\u003c/EventID\u003e\u003cVersion\u003e2\u003c/Version\u003e\u003cLevel\u003e0\u003c/Level\u003e\u003cTask\u003e13312\u003c/Task\u003e\u003cOpcode\u003e0\u003c/Opcode\u003e\u003cKeywords\u003e0x8020000000000000\u003c/Keywords\u003e\u003cTimeCreated SystemTime=\u00272026-10-05T02:49:20.6978510Z\u0027/\u003e\u003cEventRecordID\u003e112283\u003c/EventRecordID\u003e\u003cCorrelation/\u003e\u003cExecution ProcessID=\u00274\u0027 ThreadID=\u0027240\u0027/\u003e\u003cChannel\u003eSecurity\u003c/Channel\u003e\u003cComputer\u003ewin10-debugged\u003c/Computer\u003e\u003cSecurity/\u003e\u003c/System\u003e\u003cEventData\u003e\u003cData Name=\u0027SubjectUserSid\u0027\u003eS-1-5-18\u003c/Data\u003e\u003cData Name=\u0027SubjectUserName\u0027\u003eWIN10-DEBUGGED$\u003c/Data\u003e\u003cData Name=\u0027SubjectDomainName\u0027\u003eWORKGROUP\u003c/Data\u003e\u003cData Name=\u0027SubjectLogonId\u0027\u003e0x3e7\u003c/Data\u003e\u003cData Name=\u0027NewProcessId\u0027\u003e0x1610\u003c/Data\u003e\u003cData Name=\u0027NewProcessName\u0027\u003eC:\\Windows\\Microsoft.NET\\Framework64\\v4.0.30319\\cvtres.exe\u003c/Data\u003e\u003cData Name=\u0027TokenElevationType\u0027\u003e%%1936\u003c/Data\u003e\u003cData Name=\u0027ProcessId\u0027\u003e0x1600\u003c/Data\u003e\u003cData Name=\u0027CommandLine\u0027\u003e\u003c/Data\u003e\u003cData Name=\u0027TargetUserSid\u0027\u003eS-1-0-0\u003c/Data\u003e\u003cData Name=\u0027TargetUserName\u0027\u003e-\u003c/Data\u003e\u003cData Name=\u0027TargetDomainName\u0027\u003e-\u003c/Data\u003e\u003cData Name=\u0027TargetLogonId\u0027\u003e0x0\u003c/Data\u003e\u003cData Name=\u0027ParentProcessName\u0027\u003eC:\\Windows\\Microsoft.NET\\Framework64\\v4.0.30319\\csc.exe\u003c/Data\u003e\u003cData Name=\u0027MandatoryLabel\u0027\u003eS-1-16-16384\u003c/Data\u003e\u003c/EventData\u003e\u003c/Event\u003e","\u003cEvent xmlns=\u0027http://schemas.microsoft.com/win/2004/08/events/event\u0027\u003e\u003cSystem\u003e\u003cProvider Name=\u0027Microsoft-Windows-Security-Auditing\u0027 Guid=\u0027{54849625-5478-4994-a5ba-3e3b0328c30d}\u0027/\u003e\u003cEventID\u003e4688\u003c/EventID\u003e\u003cVersion\u003e2\u003c/Version\u003e\u003cLevel\u003e0\u003c/Level\u003e\u003cTask\u003e13312\u003c/Task\u003e\u003cOpcode\u003e0\u003c/Opcode\u003e\u003cKeywords\u003e0x8020000000000000\u003c/Keywords\u003e\u003cTimeCreated SystemTime=\u00272026-10-05T02:49:20.9333594Z\u0027/\u003e\u003cEventRecordID\u003e112284\u003c/EventRecordID\u003e\u003cCorrelation/\u003e\u003cExecution ProcessID=\u00274\u0027 ThreadID=\u0027240\u0027/\u003e\u003cChannel\u003eSecurity\u003c/Channel\u003e\u003cComputer\u003ewin10-debugged\u003c/Computer\u003e\u003cSecurity/\u003e\u003c/System\u003e\u003cEventData\u003e\u003cData Name=\u0027SubjectUserSid\u0027\u003eS-1-5-18\u003c/Data\u003e\u003cData Name=\u0027SubjectUserName\u0027\u003eWIN10-DEBUGGED$\u003c/Data\u003e\u003cData Name=\u0027SubjectDomainName\u0027\u003eWORKGROUP\u003c/Data\u003e\u003cData Name=\u0027SubjectLogonId\u0027\u003e0x3e7\u003c/Data\u003e\u003cData Name=\u0027NewProcessId\u0027\u003e0x162c\u003c/Data\u003e\u003cData Name=\u0027NewProcessName\u0027\u003eC:\\Windows\\Microsoft.NET\\Framework64\\v4.0.30319\\csc.exe\u003c/Data\u003e\u003cData Name=\u0027TokenElevationType\u0027\u003e%%1936\u003c/Data\u003e\u003cData Name=\u0027ProcessId\u0027\u003e0x618\u003c/Data\u003e\u003cData Name=\u0027CommandLine\u0027\u003e\u003c/Data\u003e\u003cData Name=\u0027TargetUserSid\u0027\u003eS-1-0-0\u003c/Data\u003e\u003cData Name=\u0027TargetUserName\u0027\u003e-\u003c/Data\u003e\u003cData Name=\u0027TargetDomainName\u0027\u003e-\u003c/Data\u003e\u003cData Name=\u0027TargetLogonId\u0027\u003e0x0\u003c/Data\u003e\u003cData Name=\u0027ParentProcessName\u0027\u003eC:\\Windows\\System32\\WindowsPowerShell\\v1.0\\powershell.exe\u003c/Data\u003e\u003cData Name=\u0027MandatoryLabel\u0027\u003eS-1-16-16384\u003c/Data\u003e\u003c/EventData\u003e\u003c/Event\u003e","\u003cEvent xmlns=\u0027http://schemas.microsoft.com/win/2004/08/events/event\u0027\u003e\u003cSystem\u003e\u003cProvider Name=\u0027Microsoft-Windows-Security-Auditing\u0027 Guid=\u0027{54849625-5478-4994-a5ba-3e3b0328c30d}\u0027/\u003e\u003cEventID\u003e4688\u003c/EventID\u003e\u003cVersion\u003e2\u003c/Version\u003e\u003cLevel\u003e0\u003c/Level\u003e\u003cTask\u003e13312\u003c/Task\u003e\u003cOpcode\u003e0\u003c/Opcode\u003e\u003cKeywords\u003e0x8020000000000000\u003c/Keywords\u003e\u003cTimeCreated SystemTime=\u00272026-10-05T02:49:20.9844065Z\u0027/\u003e\u003cEventRecordID\u003e112285\u003c/EventRecordID\u003e\u003cCorrelation/\u003e\u003cExecution ProcessID=\u00274\u0027 ThreadID=\u0027240\u0027/\u003e\u003cChannel\u003eSecurity\u003c/Channel\u003e\u003cComputer\u003ewin10-debugged\u003c/Computer\u003e\u003cSecurity/\u003e\u003c/System\u003e\u003cEventData\u003e\u003cData Name=\u0027SubjectUserSid\u0027\u003eS-1-5-18\u003c/Data\u003e\u003cData Name=\u0027SubjectUserName\u0027\u003eWIN10-DEBUGGED$\u003c/Data\u003e\u003cData Name=\u0027SubjectDomainName\u0027\u003eWORKGROUP\u003c/Data\u003e\u003cData Name=\u0027SubjectLogonId\u0027\u003e0x3e7\u003c/Data\u003e\u003cData Name=\u0027NewProcessId\u0027\u003e0x163c\u003c/Data\u003e\u003cData Name=\u0027NewProcessName\u0027\u003eC:\\Windows\\Microsoft.NET\\Framework64\\v4.0.30319\\cvtres.exe\u003c/Data\u003e\u003cData Name=\u0027TokenElevationType\u0027\u003e%%1936\u003c/Data\u003e\u003cData Name=\u0027ProcessId\u0027\u003e0x162c\u003c/Data\u003e\u003cData Name=\u0027CommandLine\u0027\u003e\u003c/Data\u003e\u003cData Name=\u0027TargetUserSid\u0027\u003eS-1-0-0\u003c/Data\u003e\u003cData Name=\u0027TargetUserName\u0027\u003e-\u003c/Data\u003e\u003cData Name=\u0027TargetDomainName\u0027\u003e-\u003c/Data\u003e\u003cData Name=\u0027TargetLogonId\u0027\u003e0x0\u003c/Data\u003e\u003cData Name=\u0027ParentProcessName\u0027\u003eC:\\Windows\\Microsoft.NET\\Framework64\\v4.0.30319\\csc.exe\u003c/Data\u003e\u003cData Name=\u0027MandatoryLabel\u0027\u003eS-1-16-16384\u003c/Data\u003e\u003c/EventData\u003e\u003c/Event\u003e","\u003cEvent xmlns=\u0027http://schemas.microsoft.com/win/2004/08/events/event\u0027\u003e\u003cSystem\u003e\u003cProvider Name=\u0027Microsoft-Windows-Security-Auditing\u0027 Guid=\u0027{54849625-5478-4994-a5ba-3e3b0328c30d}\u0027/\u003e\u003cEventID\u003e4688\u003c/EventID\u003e\u003cVersion\u003e2\u003c/Version\u003e\u003cLevel\u003e0\u003c/Level\u003e\u003cTask\u003e13312\u003c/Task\u003e\u003cOpcode\u003e0\u003c/Opcode\u003e\u003cKeywords\u003e0x8020000000000000\u003c/Keywords\u003e\u003cTimeCreated SystemTime=\u00272026-10-05T02:49:21.2605601Z\u0027/\u003e\u003cEventRecordID\u003e112286\u003c/EventRecordID\u003e\u003cCorrelation/\u003e\u003cExecution ProcessID=\u00274\u0027 ThreadID=\u0027240\u0027/\u003e\u003cChannel\u003eSecurity\u003c/Channel\u003e\u003cComputer\u003ewin10-debugged\u003c/Computer\u003e\u003cSecurity/\u003e\u003c/System\u003e\u003cEventData\u003e\u003cData Name=\u0027SubjectUserSid\u0027\u003eS-1-5-18\u003c/Data\u003e\u003cData Name=\u0027SubjectUserName\u0027\u003eWIN10-DEBUGGED$\u003c/Data\u003e\u003cData Name=\u0027SubjectDomainName\u0027\u003eWORKGROUP\u003c/Data\u003e\u003cData Name=\u0027SubjectLogonId\u0027\u003e0x3e7\u003c/Data\u003e\u003cData Name=\u0027NewProcessId\u0027\u003e0x1654\u003c/Data\u003e\u003cData Name=\u0027NewProcessName\u0027\u003eC:\\Windows\\System32\\fsutil.exe\u003c/Data\u003e\u003cData Name=\u0027TokenElevationType\u0027\u003e%%1936\u003c/Data\u003e\u003cData Name=\u0027ProcessId\u0027\u003e0x618\u003c/Data\u003e\u003cData Name=\u0027CommandLine\u0027\u003e\u003c/Data\u003e\u003cData Name=\u0027TargetUserSid\u0027\u003eS-1-0-0\u003c/Data\u003e\u003cData Name=\u0027TargetUserName\u0027\u003e-\u003c/Data\u003e\u003cData Name=\u0027TargetDomainName\u0027\u003e-\u003c/Data\u003e\u003cData Name=\u0027TargetLogonId\u0027\u003e0x0\u003c/Data\u003e\u003cData Name=\u0027ParentProcessName\u0027\u003eC:\\Windows\\System32\\WindowsPowerShell\\v1.0\\powershell.exe\u003c/Data\u003e\u003cData Name=\u0027MandatoryLabel\u0027\u003eS-1-16-16384\u003c/Data\u003e\u003c/EventData\u003e\u003c/Event\u003e","\u003cEvent xmlns=\u0027http://schemas.microsoft.com/win/2004/08/events/event\u0027\u003e\u003cSystem\u003e\u003cProvider Name=\u0027Microsoft-Windows-Security-Auditing\u0027 Guid=\u0027{54849625-5478-4994-a5ba-3e3b0328c30d}\u0027/\u003e\u003cEventID\u003e4648\u003c/EventID\u003e\u003cVersion\u003e0\u003c/Version\u003e\u003cLevel\u003e0\u003c/Level\u003e\u003cTask\u003e12544\u003c/Task\u003e\u003cOpcode\u003e0\u003c/Opcode\u003e\u003cKeywords\u003e0x8020000000000000\u003c/Keywords\u003e\u003cTimeCreated SystemTime=\u00272026-10-05T02:49:21.3136703Z\u0027/\u003e\u003cEventRecordID\u003e112287\u003c/EventRecordID\u003e\u003cCorrelation ActivityID=\u0027{0f9bcc8a-5474-0000-27cd-9b0f7454dd01}\u0027/\u003e\u003cExecution ProcessID=\u0027692\u0027 ThreadID=\u0027432\u0027/\u003e\u003cChannel\u003eSecurity\u003c/Channel\u003e\u003cComputer\u003ewin10-debugged\u003c/Computer\u003e\u003cSecurity/\u003e\u003c/System\u003e\u003cEventData\u003e\u003cData Name=\u0027SubjectUserSid\u0027\u003eS-1-5-18\u003c/Data\u003e\u003cData Name=\u0027SubjectUserName\u0027\u003eWIN10-DEBUGGED$\u003c/Data\u003e\u003cData Name=\u0027SubjectDomainName\u0027\u003eWORKGROUP\u003c/Data\u003e\u003cData Name=\u0027SubjectLogonId\u0027\u003e0x3e7\u003c/Data\u003e\u003cData Name=\u0027LogonGuid\u0027\u003e{00000000-0000-0000-0000-000000000000}\u003c/Data\u003e\u003cData Name=\u0027TargetUserName\u0027\u003esui30f56cbfa605\u003c/Data\u003e\u003cData Name=\u0027TargetDomainName\u0027\u003eWIN10-DEBUGGED\u003c/Data\u003e\u003cData Name=\u0027TargetLogonGuid\u0027\u003e{00000000-0000-0000-0000-000000000000}\u003c/Data\u003e\u003cData Name=\u0027TargetServerName\u0027\u003elocalhost\u003c/Data\u003e\u003cData Name=\u0027TargetInfo\u0027\u003elocalhost\u003c/Data\u003e\u003cData Name=\u0027ProcessId\u0027\u003e0x488\u003c/Data\u003e\u003cData Name=\u0027ProcessName\u0027\u003eC:\\Windows\\System32\\svchost.exe\u003c/Data\u003e\u003cData Name=\u0027IpAddress\u0027\u003e-\u003c/Data\u003e\u003cData Name=\u0027IpPort\u0027\u003e-\u003c/Data\u003e\u003c/EventData\u003e\u003c/Event\u003e","\u003cEvent xmlns=\u0027http://schemas.microsoft.com/win/2004/08/events/event\u0027\u003e\u003cSystem\u003e\u003cProvider Name=\u0027Microsoft-Windows-Security-Auditing\u0027 Guid=\u0027{54849625-5478-4994-a5ba-3e3b0328c30d}\u0027/\u003e\u003cEventID\u003e4624\u003c/EventID\u003e\u003cVersion\u003e2\u003c/Version\u003e\u003cLevel\u003e0\u003c/Level\u003e\u003cTask\u003e12544\u003c/Task\u003e\u003cOpcode\u003e0\u003c/Opcode\u003e\u003cKeywords\u003e0x8020000000000000\u003c/Keywords\u003e\u003cTimeCreated SystemTime=\u00272026-10-05T02:49:21.3136793Z\u0027/\u003e\u003cEventRecordID\u003e112288\u003c/EventRecordID\u003e\u003cCorrelation ActivityID=\u0027{0f9bcc8a-5474-0000-27cd-9b0f7454dd01}\u0027/\u003e\u003cExecution ProcessID=\u0027692\u0027 ThreadID=\u0027432\u0027/\u003e\u003cChannel\u003eSecurity\u003c/Channel\u003e\u003cComputer\u003ewin10-debugged\u003c/Computer\u003e\u003cSecurity/\u003e\u003c/System\u003e\u003cEventData\u003e\u003cData Name=\u0027SubjectUserSid\u0027\u003eS-1-5-18\u003c/Data\u003e\u003cData Name=\u0027SubjectUserName\u0027\u003eWIN10-DEBUGGED$\u003c/Data\u003e\u003cData Name=\u0027SubjectDomainName\u0027\u003eWORKGROUP\u003c/Data\u003e\u003cData Name=\u0027SubjectLogonId\u0027\u003e0x3e7\u003c/Data\u003e\u003cData Name=\u0027TargetUserSid\u0027\u003eS-1-5-21-316478115-1595729549-2803163825-1035\u003c/Data\u003e\u003cData Name=\u0027TargetUserName\u0027\u003esui30f56cbfa605\u003c/Data\u003e\u003cData Name=\u0027TargetDomainName\u0027\u003eWIN10-DEBUGGED\u003c/Data\u003e\u003cData Name=\u0027TargetLogonId\u0027\u003e0xa1ab2\u003c/Data\u003e\u003cData Name=\u0027LogonType\u0027\u003e4\u003c/Data\u003e\u003cData Name=\u0027LogonProcessName\u0027\u003eAdvapi  \u003c/Data\u003e\u003cData Name=\u0027AuthenticationPackageName\u0027\u003eNegotiate\u003c/Data\u003e\u003cData Name=\u0027WorkstationName\u0027\u003eWIN10-DEBUGGED\u003c/Data\u003e\u003cData Name=\u0027LogonGuid\u0027\u003e{00000000-0000-0000-0000-000000000000}\u003c/Data\u003e\u003cData Name=\u0027TransmittedServices\u0027\u003e-\u003c/Data\u003e\u003cData Name=\u0027LmPackageName\u0027\u003e-\u003c/Data\u003e\u003cData Name=\u0027KeyLength\u0027\u003e0\u003c/Data\u003e\u003cData Name=\u0027ProcessId\u0027\u003e0x488\u003c/Data\u003e\u003cData Name=\u0027ProcessName\u0027\u003eC:\\Windows\\System32\\svchost.exe\u003c/Data\u003e\u003cData Name=\u0027IpAddress\u0027\u003e-\u003c/Data\u003e\u003cData Name=\u0027IpPort\u0027\u003e-\u003c/Data\u003e\u003cData Name=\u0027ImpersonationLevel\u0027\u003e%%1833\u003c/Data\u003e\u003cData Name=\u0027RestrictedAdminMode\u0027\u003e-\u003c/Data\u003e\u003cData Name=\u0027TargetOutboundUserName\u0027\u003e-\u003c/Data\u003e\u003cData Name=\u0027TargetOutboundDomainName\u0027\u003e-\u003c/Data\u003e\u003cData Name=\u0027VirtualAccount\u0027\u003e%%1843\u003c/Data\u003e\u003cData Name=\u0027TargetLinkedLogonId\u0027\u003e0x0\u003c/Data\u003e\u003cData Name=\u0027ElevatedToken\u0027\u003e%%1843\u003c/Data\u003e\u003c/EventData\u003e\u003c/Event\u003e","\u003cEvent xmlns=\u0027http://schemas.microsoft.com/win/2004/08/events/event\u0027\u003e\u003cSystem\u003e\u003cProvider Name=\u0027Microsoft-Windows-Security-Auditing\u0027 Guid=\u0027{54849625-5478-4994-a5ba-3e3b0328c30d}\u0027/\u003e\u003cEventID\u003e4634\u003c/EventID\u003e\u003cVersion\u003e0\u003c/Version\u003e\u003cLevel\u003e0\u003c/Level\u003e\u003cTask\u003e12545\u003c/Task\u003e\u003cOpcode\u003e0\u003c/Opcode\u003e\u003cKeywords\u003e0x8020000000000000\u003c/Keywords\u003e\u003cTimeCreated SystemTime=\u00272026-10-05T02:49:21.3138796Z\u0027/\u003e\u003cEventRecordID\u003e112289\u003c/EventRecordID\u003e\u003cCorrelation/\u003e\u003cExecution ProcessID=\u0027692\u0027 ThreadID=\u0027432\u0027/\u003e\u003cChannel\u003eSecurity\u003c/Channel\u003e\u003cComputer\u003ewin10-debugged\u003c/Computer\u003e\u003cSecurity/\u003e\u003c/System\u003e\u003cEventData\u003e\u003cData Name=\u0027TargetUserSid\u0027\u003eS-1-5-21-316478115-1595729549-2803163825-1035\u003c/Data\u003e\u003cData Name=\u0027TargetUserName\u0027\u003esui30f56cbfa605\u003c/Data\u003e\u003cData Name=\u0027TargetDomainName\u0027\u003eWIN10-DEBUGGED\u003c/Data\u003e\u003cData Name=\u0027TargetLogonId\u0027\u003e0xa1ab2\u003c/Data\u003e\u003cData Name=\u0027LogonType\u0027\u003e4\u003c/Data\u003e\u003c/EventData\u003e\u003c/Event\u003e","\u003cEvent xmlns=\u0027http://schemas.microsoft.com/win/2004/08/events/event\u0027\u003e\u003cSystem\u003e\u003cProvider Name=\u0027Microsoft-Windows-Security-Auditing\u0027 Guid=\u0027{54849625-5478-4994-a5ba-3e3b0328c30d}\u0027/\u003e\u003cEventID\u003e4648\u003c/EventID\u003e\u003cVersion\u003e0\u003c/Version\u003e\u003cLevel\u003e0\u003c/Level\u003e\u003cTask\u003e12544\u003c/Task\u003e\u003cOpcode\u003e0\u003c/Opcode\u003e\u003cKeywords\u003e0x8020000000000000\u003c/Keywords\u003e\u003cTimeCreated SystemTime=\u00272026-10-05T02:49:21.3154177Z\u0027/\u003e\u003cEventRecordID\u003e112290\u003c/EventRecordID\u003e\u003cCorrelation ActivityID=\u0027{0f9bcc8a-5474-0000-27cd-9b0f7454dd01}\u0027/\u003e\u003cExecution ProcessID=\u0027692\u0027 ThreadID=\u0027432\u0027/\u003e\u003cChannel\u003eSecurity\u003c/Channel\u003e\u003cComputer\u003ewin10-debugged\u003c/Computer\u003e\u003cSecurity/\u003e\u003c/System\u003e\u003cEventData\u003e\u003cData Name=\u0027SubjectUserSid\u0027\u003eS-1-5-18\u003c/Data\u003e\u003cData Name=\u0027SubjectUserName\u0027\u003eWIN10-DEBUGGED$\u003c/Data\u003e\u003cData Name=\u0027SubjectDomainName\u0027\u003eWORKGROUP\u003c/Data\u003e\u003cData Name=\u0027SubjectLogonId\u0027\u003e0x3e7\u003c/Data\u003e\u003cData Name=\u0027LogonGuid\u0027\u003e{00000000-0000-0000-0000-000000000000}\u003c/Data\u003e\u003cData Name=\u0027TargetUserName\u0027\u003esui30f56cbfa605\u003c/Data\u003e\u003cData Name=\u0027TargetDomainName\u0027\u003eWIN10-DEBUGGED\u003c/Data\u003e\u003cData Name=\u0027TargetLogonGuid\u0027\u003e{00000000-0000-0000-0000-000000000000}\u003c/Data\u003e\u003cData Name=\u0027TargetServerName\u0027\u003elocalhost\u003c/Data\u003e\u003cData Name=\u0027TargetInfo\u0027\u003elocalhost\u003c/Data\u003e\u003cData Name=\u0027ProcessId\u0027\u003e0x488\u003c/Data\u003e\u003cData Name=\u0027ProcessName\u0027\u003eC:\\Windows\\System32\\svchost.exe\u003c/Data\u003e\u003cData Name=\u0027IpAddress\u0027\u003e-\u003c/Data\u003e\u003cData Name=\u0027IpPort\u0027\u003e-\u003c/Data\u003e\u003c/EventData\u003e\u003c/Event\u003e","\u003cEvent xmlns=\u0027http://schemas.microsoft.com/win/2004/08/events/event\u0027\u003e\u003cSystem\u003e\u003cProvider Name=\u0027Microsoft-Windows-Security-Auditing\u0027 Guid=\u0027{54849625-5478-4994-a5ba-3e3b0328c30d}\u0027/\u003e\u003cEventID\u003e4624\u003c/EventID\u003e\u003cVersion\u003e2\u003c/Version\u003e\u003cLevel\u003e0\u003c/Level\u003e\u003cTask\u003e12544\u003c/Task\u003e\u003cOpcode\u003e0\u003c/Opcode\u003e\u003cKeywords\u003e0x8020000000000000\u003c/Keywords\u003e\u003cTimeCreated SystemTime=\u00272026-10-05T02:49:21.3154267Z\u0027/\u003e\u003cEventRecordID\u003e112291\u003c/EventRecordID\u003e\u003cCorrelation ActivityID=\u0027{0f9bcc8a-5474-0000-27cd-9b0f7454dd01}\u0027/\u003e\u003cExecution ProcessID=\u0027692\u0027 ThreadID=\u0027432\u0027/\u003e\u003cChannel\u003eSecurity\u003c/Channel\u003e\u003cComputer\u003ewin10-debugged\u003c/Computer\u003e\u003cSecurity/\u003e\u003c/System\u003e\u003cEventData\u003e\u003cData Name=\u0027SubjectUserSid\u0027\u003eS-1-5-18\u003c/Data\u003e\u003cData Name=\u0027SubjectUserName\u0027\u003eWIN10-DEBUGGED$\u003c/Data\u003e\u003cData Name=\u0027SubjectDomainName\u0027\u003eWORKGROUP\u003c/Data\u003e\u003cData Name=\u0027SubjectLogonId\u0027\u003e0x3e7\u003c/Data\u003e\u003cData Name=\u0027TargetUserSid\u0027\u003eS-1-5-21-316478115-1595729549-2803163825-1035\u003c/Data\u003e\u003cData Name=\u0027TargetUserName\u0027\u003esui30f56cbfa605\u003c/Data\u003e\u003cData Name=\u0027TargetDomainName\u0027\u003eWIN10-DEBUGGED\u003c/Data\u003e\u003cData Name=\u0027TargetLogonId\u0027\u003e0xa1ba0\u003c/Data\u003e\u003cData Name=\u0027LogonType\u0027\u003e4\u003c/Data\u003e\u003cData Name=\u0027LogonProcessName\u0027\u003eAdvapi  \u003c/Data\u003e\u003cData Name=\u0027AuthenticationPackageName\u0027\u003eNegotiate\u003c/Data\u003e\u003cData Name=\u0027WorkstationName\u0027\u003eWIN10-DEBUGGED\u003c/Data\u003e\u003cData Name=\u0027LogonGuid\u0027\u003e{00000000-0000-0000-0000-000000000000}\u003c/Data\u003e\u003cData Name=\u0027TransmittedServices\u0027\u003e-\u003c/Data\u003e\u003cData Name=\u0027LmPackageName\u0027\u003e-\u003c/Data\u003e\u003cData Name=\u0027KeyLength\u0027\u003e0\u003c/Data\u003e\u003cData Name=\u0027ProcessId\u0027\u003e0x488\u003c/Data\u003e\u003cData Name=\u0027ProcessName\u0027\u003eC:\\Windows\\System32\\svchost.exe\u003c/Data\u003e\u003cData Name=\u0027IpAddress\u0027\u003e-\u003c/Data\u003e\u003cData Name=\u0027IpPort\u0027\u003e-\u003c/Data\u003e\u003cData Name=\u0027ImpersonationLevel\u0027\u003e%%1833\u003c/Data\u003e\u003cData Name=\u0027RestrictedAdminMode\u0027\u003e-\u003c/Data\u003e\u003cData Name=\u0027TargetOutboundUserName\u0027\u003e-\u003c/Data\u003e\u003cData Name=\u0027TargetOutboundDomainName\u0027\u003e-\u003c/Data\u003e\u003cData Name=\u0027VirtualAccount\u0027\u003e%%1843\u003c/Data\u003e\u003cData Name=\u0027TargetLinkedLogonId\u0027\u003e0x0\u003c/Data\u003e\u003cData Name=\u0027ElevatedToken\u0027\u003e%%1843\u003c/Data\u003e\u003c/EventData\u003e\u003c/Event\u003e","\u003cEvent xmlns=\u0027http://schemas.microsoft.com/win/2004/08/events/event\u0027\u003e\u003cSystem\u003e\u003cProvider Name=\u0027Microsoft-Windows-Security-Auditing\u0027 Guid=\u0027{54849625-5478-4994-a5ba-3e3b0328c30d}\u0027/\u003e\u003cEventID\u003e4688\u003c/EventID\u003e\u003cVersion\u003e2\u003c/Version\u003e\u003cLevel\u003e0\u003c/Level\u003e\u003cTask\u003e13312\u003c/Task\u003e\u003cOpcode\u003e0\u003c/Opcode\u003e\u003cKeywords\u003e0x8020000000000000\u003c/Keywords\u003e\u003cTimeCreated SystemTime=\u00272026-10-05T02:49:21.4995324Z\u0027/\u003e\u003cEventRecordID\u003e112292\u003c/EventRecordID\u003e\u003cCorrelation/\u003e\u003cExecution ProcessID=\u00274\u0027 ThreadID=\u0027312\u0027/\u003e\u003cChannel\u003eSecurity\u003c/Channel\u003e\u003cComputer\u003ewin10-debugged\u003c/Computer\u003e\u003cSecurity/\u003e\u003c/System\u003e\u003cEventData\u003e\u003cData Name=\u0027SubjectUserSid\u0027\u003eS-1-5-18\u003c/Data\u003e\u003cData Name=\u0027SubjectUserName\u0027\u003eWIN10-DEBUGGED$\u003c/Data\u003e\u003cData Name=\u0027SubjectDomainName\u0027\u003eWORKGROUP\u003c/Data\u003e\u003cData Name=\u0027SubjectLogonId\u0027\u003e0x3e7\u003c/Data\u003e\u003cData Name=\u0027NewProcessId\u0027\u003e0x166c\u003c/Data\u003e\u003cData Name=\u0027NewProcessName\u0027\u003eC:\\Windows\\System32\\dllhost.exe\u003c/Data\u003e\u003cData Name=\u0027TokenElevationType\u0027\u003e%%1936\u003c/Data\u003e\u003cData Name=\u0027ProcessId\u0027\u003e0x310\u003c/Data\u003e\u003cData Name=\u0027CommandLine\u0027\u003e\u003c/Data\u003e\u003cData Name=\u0027TargetUserSid\u0027\u003eS-1-0-0\u003c/Data\u003e\u003cData Name=\u0027TargetUserName\u0027\u003e-\u003c/Data\u003e\u003cData Name=\u0027TargetDomainName\u0027\u003e-\u003c/Data\u003e\u003cData Name=\u0027TargetLogonId\u0027\u003e0x0\u003c/Data\u003e\u003cData Name=\u0027ParentProcessName\u0027\u003eC:\\Windows\\System32\\svchost.exe\u003c/Data\u003e\u003cData Name=\u0027MandatoryLabel\u0027\u003eS-1-16-16384\u003c/Data\u003e\u003c/EventData\u003e\u003c/Event\u003e","\u003cEvent xmlns=\u0027http://schemas.microsoft.com/win/2004/08/events/event\u0027\u003e\u003cSystem\u003e\u003cProvider Name=\u0027Microsoft-Windows-Security-Auditing\u0027 Guid=\u0027{54849625-5478-4994-a5ba-3e3b0328c30d}\u0027/\u003e\u003cEventID\u003e4799\u003c/EventID\u003e\u003cVersion\u003e0\u003c/Version\u003e\u003cLevel\u003e0\u003c/Level\u003e\u003cTask\u003e13826\u003c/Task\u003e\u003cOpcode\u003e0\u003c/Opcode\u003e\u003cKeywords\u003e0x8020000000000000\u003c/Keywords\u003e\u003cTimeCreated SystemTime=\u00272026-10-05T02:49:21.5342803Z\u0027/\u003e\u003cEventRecordID\u003e112293\u003c/EventRecordID\u003e\u003cCorrelation ActivityID=\u0027{0f9bcc8a-5474-0000-27cd-9b0f7454dd01}\u0027/\u003e\u003cExecution ProcessID=\u0027692\u0027 ThreadID=\u0027740\u0027/\u003e\u003cChannel\u003eSecurity\u003c/Channel\u003e\u003cComputer\u003ewin10-debugged\u003c/Computer\u003e\u003cSecurity/\u003e\u003c/System\u003e\u003cEventData\u003e\u003cData Name=\u0027TargetUserName\u0027\u003eAdministrators\u003c/Data\u003e\u003cData Name=\u0027TargetDomainName\u0027\u003eBuiltin\u003c/Data\u003e\u003cData Name=\u0027TargetSid\u0027\u003eS-1-5-32-544\u003c/Data\u003e\u003cData Name=\u0027SubjectUserSid\u0027\u003eS-1-5-18\u003c/Data\u003e\u003cData Name=\u0027SubjectUserName\u0027\u003eWIN10-DEBUGGED$\u003c/Data\u003e\u003cData Name=\u0027SubjectDomainName\u0027\u003eWORKGROUP\u003c/Data\u003e\u003cData Name=\u0027SubjectLogonId\u0027\u003e0x3e7\u003c/Data\u003e\u003cData Name=\u0027CallerProcessId\u0027\u003e0x508\u003c/Data\u003e\u003cData Name=\u0027CallerProcessName\u0027\u003eC:\\Windows\\System32\\svchost.exe\u003c/Data\u003e\u003c/EventData\u003e\u003c/Event\u003e","\u003cEvent xmlns=\u0027http://schemas.microsoft.com/win/2004/08/events/event\u0027\u003e\u003cSystem\u003e\u003cProvider Name=\u0027Microsoft-Windows-Security-Auditing\u0027 Guid=\u0027{54849625-5478-4994-a5ba-3e3b0328c30d}\u0027/\u003e\u003cEventID\u003e4688\u003c/EventID\u003e\u003cVersion\u003e2\u003c/Version\u003e\u003cLevel\u003e0\u003c/Level\u003e\u003cTask\u003e13312\u003c/Task\u003e\u003cOpcode\u003e0\u003c/Opcode\u003e\u003cKeywords\u003e0x8020000000000000\u003c/Keywords\u003e\u003cTimeCreated SystemTime=\u00272026-10-05T02:49:21.5360605Z\u0027/\u003e\u003cEventRecordID\u003e112294\u003c/EventRecordID\u003e\u003cCorrelation/\u003e\u003cExecution ProcessID=\u00274\u0027 ThreadID=\u0027312\u0027/\u003e\u003cChannel\u003eSecurity\u003c/Channel\u003e\u003cComputer\u003ewin10-debugged\u003c/Computer\u003e\u003cSecurity/\u003e\u003c/System\u003e\u003cEventData\u003e\u003cData Name=\u0027SubjectUserSid\u0027\u003eS-1-5-18\u003c/Data\u003e\u003cData Name=\u0027SubjectUserName\u0027\u003eWIN10-DEBUGGED$\u003c/Data\u003e\u003cData Name=\u0027SubjectDomainName\u0027\u003eWORKGROUP\u003c/Data\u003e\u003cData Name=\u0027SubjectLogonId\u0027\u003e0x3e7\u003c/Data\u003e\u003cData Name=\u0027NewProcessId\u0027\u003e0x1694\u003c/Data\u003e\u003cData Name=\u0027NewProcessName\u0027\u003eC:\\Windows\\System32\\WindowsPowerShell\\v1.0\\powershell.exe\u003c/Data\u003e\u003cData Name=\u0027TokenElevationType\u0027\u003e%%1936\u003c/Data\u003e\u003cData Name=\u0027ProcessId\u0027\u003e0x488\u003c/Data\u003e\u003cData Name=\u0027CommandLine\u0027\u003e\u003c/Data\u003e\u003cData Name=\u0027TargetUserSid\u0027\u003eS-1-0-0\u003c/Data\u003e\u003cData Name=\u0027TargetUserName\u0027\u003esui30f56cbfa605\u003c/Data\u003e\u003cData Name=\u0027TargetDomainName\u0027\u003eWIN10-DEBUGGED\u003c/Data\u003e\u003cData Name=\u0027TargetLogonId\u0027\u003e0xa1ba0\u003c/Data\u003e\u003cData Name=\u0027ParentProcessName\u0027\u003eC:\\Windows\\System32\\svchost.exe\u003c/Data\u003e\u003cData Name=\u0027MandatoryLabel\u0027\u003eS-1-16-8192\u003c/Data\u003e\u003c/EventData\u003e\u003c/Event\u003e","\u003cEvent xmlns=\u0027http://schemas.microsoft.com/win/2004/08/events/event\u0027\u003e\u003cSystem\u003e\u003cProvider Name=\u0027Microsoft-Windows-Security-Auditing\u0027 Guid=\u0027{54849625-5478-4994-a5ba-3e3b0328c30d}\u0027/\u003e\u003cEventID\u003e4688\u003c/EventID\u003e\u003cVersion\u003e2\u003c/Version\u003e\u003cLevel\u003e0\u003c/Level\u003e\u003cTask\u003e13312\u003c/Task\u003e\u003cOpcode\u003e0\u003c/Opcode\u003e\u003cKeywords\u003e0x8020000000000000\u003c/Keywords\u003e\u003cTimeCreated SystemTime=\u00272026-10-05T02:49:21.5376971Z\u0027/\u003e\u003cEventRecordID\u003e112295\u003c/EventRecordID\u003e\u003cCorrelation/\u003e\u003cExecution ProcessID=\u00274\u0027 ThreadID=\u0027312\u0027/\u003e\u003cChannel\u003eSecurity\u003c/Channel\u003e\u003cComputer\u003ewin10-debugged\u003c/Computer\u003e\u003cSecurity/\u003e\u003c/System\u003e\u003cEventData\u003e\u003cData Name=\u0027SubjectUserSid\u0027\u003eS-1-5-21-316478115-1595729549-2803163825-1035\u003c/Data\u003e\u003cData Name=\u0027SubjectUserName\u0027\u003esui30f56cbfa605\u003c/Data\u003e\u003cData Name=\u0027SubjectDomainName\u0027\u003eWIN10-DEBUGGED\u003c/Data\u003e\u003cData Name=\u0027SubjectLogonId\u0027\u003e0xa1ba0\u003c/Data\u003e\u003cData Name=\u0027NewProcessId\u0027\u003e0x169c\u003c/Data\u003e\u003cData Name=\u0027NewProcessName\u0027\u003eC:\\Windows\\System32\\conhost.exe\u003c/Data\u003e\u003cData Name=\u0027TokenElevationType\u0027\u003e%%1936\u003c/Data\u003e\u003cData Name=\u0027ProcessId\u0027\u003e0x1694\u003c/Data\u003e\u003cData Name=\u0027CommandLine\u0027\u003e\u003c/Data\u003e\u003cData Name=\u0027TargetUserSid\u0027\u003eS-1-0-0\u003c/Data\u003e\u003cData Name=\u0027TargetUserName\u0027\u003e-\u003c/Data\u003e\u003cData Name=\u0027TargetDomainName\u0027\u003e-\u003c/Data\u003e\u003cData Name=\u0027TargetLogonId\u0027\u003e0x0\u003c/Data\u003e\u003cData Name=\u0027ParentProcessName\u0027\u003eC:\\Windows\\System32\\WindowsPowerShell\\v1.0\\powershell.exe\u003c/Data\u003e\u003cData Name=\u0027MandatoryLabel\u0027\u003eS-1-16-8192\u003c/Data\u003e\u003c/EventData\u003e\u003c/Event\u003e","\u003cEvent xmlns=\u0027http://schemas.microsoft.com/win/2004/08/events/event\u0027\u003e\u003cSystem\u003e\u003cProvider Name=\u0027Microsoft-Windows-Security-Auditing\u0027 Guid=\u0027{54849625-5478-4994-a5ba-3e3b0328c30d}\u0027/\u003e\u003cEventID\u003e4688\u003c/EventID\u003e\u003cVersion\u003e2\u003c/Version\u003e\u003cLevel\u003e0\u003c/Level\u003e\u003cTask\u003e13312\u003c/Task\u003e\u003cOpcode\u003e0\u003c/Opcode\u003e\u003cKeywords\u003e0x8020000000000000\u003c/Keywords\u003e\u003cTimeCreated SystemTime=\u00272026-10-05T02:49:21.8427034Z\u0027/\u003e\u003cEventRecordID\u003e112296\u003c/EventRecordID\u003e\u003cCorrelation/\u003e\u003cExecution ProcessID=\u00274\u0027 ThreadID=\u0027312\u0027/\u003e\u003cChannel\u003eSecurity\u003c/Channel\u003e\u003cComputer\u003ewin10-debugged\u003c/Computer\u003e\u003cSecurity/\u003e\u003c/System\u003e\u003cEventData\u003e\u003cData Name=\u0027SubjectUserSid\u0027\u003eS-1-5-21-316478115-1595729549-2803163825-1035\u003c/Data\u003e\u003cData Name=\u0027SubjectUserName\u0027\u003esui30f56cbfa605\u003c/Data\u003e\u003cData Name=\u0027SubjectDomainName\u0027\u003eWIN10-DEBUGGED\u003c/Data\u003e\u003cData Name=\u0027SubjectLogonId\u0027\u003e0xa1ba0\u003c/Data\u003e\u003cData Name=\u0027NewProcessId\u0027\u003e0x1708\u003c/Data\u003e\u003cData Name=\u0027NewProcessName\u0027\u003eC:\\Windows\\Microsoft.NET\\Framework64\\v4.0.30319\\csc.exe\u003c/Data\u003e\u003cData Name=\u0027TokenElevationType\u0027\u003e%%1936\u003c/Data\u003e\u003cData Name=\u0027ProcessId\u0027\u003e0x1694\u003c/Data\u003e\u003cData Name=\u0027CommandLine\u0027\u003e\u003c/Data\u003e\u003cData Name=\u0027TargetUserSid\u0027\u003eS-1-0-0\u003c/Data\u003e\u003cData Name=\u0027TargetUserName\u0027\u003e-\u003c/Data\u003e\u003cData Name=\u0027TargetDomainName\u0027\u003e-\u003c/Data\u003e\u003cData Name=\u0027TargetLogonId\u0027\u003e0x0\u003c/Data\u003e\u003cData Name=\u0027ParentProcessName\u0027\u003eC:\\Windows\\System32\\WindowsPowerShell\\v1.0\\powershell.exe\u003c/Data\u003e\u003cData Name=\u0027MandatoryLabel\u0027\u003eS-1-16-8192\u003c/Data\u003e\u003c/EventData\u003e\u003c/Event\u003e","\u003cEvent xmlns=\u0027http://schemas.microsoft.com/win/2004/08/events/event\u0027\u003e\u003cSystem\u003e\u003cProvider Name=\u0027Microsoft-Windows-Security-Auditing\u0027 Guid=\u0027{54849625-5478-4994-a5ba-3e3b0328c30d}\u0027/\u003e\u003cEventID\u003e4688\u003c/EventID\u003e\u003cVersion\u003e2\u003c/Version\u003e\u003cLevel\u003e0\u003c/Level\u003e\u003cTask\u003e13312\u003c/Task\u003e\u003cOpcode\u003e0\u003c/Opcode\u003e\u003cKeywords\u003e0x8020000000000000\u003c/Keywords\u003e\u003cTimeCreated SystemTime=\u00272026-10-05T02:49:21.8963887Z\u0027/\u003e\u003cEventRecordID\u003e112297\u003c/EventRecordID\u003e\u003cCorrelation/\u003e\u003cExecution ProcessID=\u00274\u0027 ThreadID=\u0027316\u0027/\u003e\u003cChannel\u003eSecurity\u003c/Channel\u003e\u003cComputer\u003ewin10-debugged\u003c/Computer\u003e\u003cSecurity/\u003e\u003c/System\u003e\u003cEventData\u003e\u003cData Name=\u0027SubjectUserSid\u0027\u003eS-1-5-21-316478115-1595729549-2803163825-1035\u003c/Data\u003e\u003cData Name=\u0027SubjectUserName\u0027\u003esui30f56cbfa605\u003c/Data\u003e\u003cData Name=\u0027SubjectDomainName\u0027\u003eWIN10-DEBUGGED\u003c/Data\u003e\u003cData Name=\u0027SubjectLogonId\u0027\u003e0xa1ba0\u003c/Data\u003e\u003cData Name=\u0027NewProcessId\u0027\u003e0x1718\u003c/Data\u003e\u003cData Name=\u0027NewProcessName\u0027\u003eC:\\Windows\\Microsoft.NET\\Framework64\\v4.0.30319\\cvtres.exe\u003c/Data\u003e\u003cData Name=\u0027TokenElevationType\u0027\u003e%%1936\u003c/Data\u003e\u003cData Name=\u0027ProcessId\u0027\u003e0x1708\u003c/Data\u003e\u003cData Name=\u0027CommandLine\u0027\u003e\u003c/Data\u003e\u003cData Name=\u0027TargetUserSid\u0027\u003eS-1-0-0\u003c/Data\u003e\u003cData Name=\u0027TargetUserName\u0027\u003e-\u003c/Data\u003e\u003cData Name=\u0027TargetDomainName\u0027\u003e-\u003c/Data\u003e\u003cData Name=\u0027TargetLogonId\u0027\u003e0x0\u003c/Data\u003e\u003cData Name=\u0027ParentProcessName\u0027\u003eC:\\Windows\\Microsoft.NET\\Framework64\\v4.0.30319\\csc.exe\u003c/Data\u003e\u003cData Name=\u0027MandatoryLabel\u0027\u003eS-1-16-8192\u003c/Data\u003e\u003c/EventData\u003e\u003c/Event\u003e","\u003cEvent xmlns=\u0027http://schemas.microsoft.com/win/2004/08/events/event\u0027\u003e\u003cSystem\u003e\u003cProvider Name=\u0027Microsoft-Windows-Security-Auditing\u0027 Guid=\u0027{54849625-5478-4994-a5ba-3e3b0328c30d}\u0027/\u003e\u003cEventID\u003e4799\u003c/EventID\u003e\u003cVersion\u003e0\u003c/Version\u003e\u003cLevel\u003e0\u003c/Level\u003e\u003cTask\u003e13826\u003c/Task\u003e\u003cOpcode\u003e0\u003c/Opcode\u003e\u003cKeywords\u003e0x8020000000000000\u003c/Keywords\u003e\u003cTimeCreated SystemTime=\u00272026-10-05T02:49:22.4745437Z\u0027/\u003e\u003cEventRecordID\u003e112298\u003c/EventRecordID\u003e\u003cCorrelation ActivityID=\u0027{0f9bcc8a-5474-0000-27cd-9b0f7454dd01}\u0027/\u003e\u003cExecution ProcessID=\u0027692\u0027 ThreadID=\u0027432\u0027/\u003e\u003cChannel\u003eSecurity\u003c/Channel\u003e\u003cComputer\u003ewin10-debugged\u003c/Computer\u003e\u003cSecurity/\u003e\u003c/System\u003e\u003cEventData\u003e\u003cData Name=\u0027TargetUserName\u0027\u003eAdministrators\u003c/Data\u003e\u003cData Name=\u0027TargetDomainName\u0027\u003eBuiltin\u003c/Data\u003e\u003cData Name=\u0027TargetSid\u0027\u003eS-1-5-32-544\u003c/Data\u003e\u003cData Name=\u0027SubjectUserSid\u0027\u003eS-1-5-18\u003c/Data\u003e\u003cData Name=\u0027SubjectUserName\u0027\u003eWIN10-DEBUGGED$\u003c/Data\u003e\u003cData Name=\u0027SubjectDomainName\u0027\u003eWORKGROUP\u003c/Data\u003e\u003cData Name=\u0027SubjectLogonId\u0027\u003e0x3e7\u003c/Data\u003e\u003cData Name=\u0027CallerProcessId\u0027\u003e0x618\u003c/Data\u003e\u003cData Name=\u0027CallerProcessName\u0027\u003eC:\\Windows\\System32\\WindowsPowerShell\\v1.0\\powershell.exe\u003c/Data\u003e\u003c/EventData\u003e\u003c/Event\u003e","\u003cEvent xmlns=\u0027http://schemas.microsoft.com/win/2004/08/events/event\u0027\u003e\u003cSystem\u003e\u003cProvider Name=\u0027Microsoft-Windows-Security-Auditing\u0027 Guid=\u0027{54849625-5478-4994-a5ba-3e3b0328c30d}\u0027/\u003e\u003cEventID\u003e4634\u003c/EventID\u003e\u003cVersion\u003e0\u003c/Version\u003e\u003cLevel\u003e0\u003c/Level\u003e\u003cTask\u003e12545\u003c/Task\u003e\u003cOpcode\u003e0\u003c/Opcode\u003e\u003cKeywords\u003e0x8020000000000000\u003c/Keywords\u003e\u003cTimeCreated SystemTime=\u00272026-10-05T02:49:24.1054057Z\u0027/\u003e\u003cEventRecordID\u003e112299\u003c/EventRecordID\u003e\u003cCorrelation/\u003e\u003cExecution ProcessID=\u0027692\u0027 ThreadID=\u0027432\u0027/\u003e\u003cChannel\u003eSecurity\u003c/Channel\u003e\u003cComputer\u003ewin10-debugged\u003c/Computer\u003e\u003cSecurity/\u003e\u003c/System\u003e\u003cEventData\u003e\u003cData Name=\u0027TargetUserSid\u0027\u003eS-1-5-21-316478115-1595729549-2803163825-1035\u003c/Data\u003e\u003cData Name=\u0027TargetUserName\u0027\u003esui30f56cbfa605\u003c/Data\u003e\u003cData Name=\u0027TargetDomainName\u0027\u003eWIN10-DEBUGGED\u003c/Data\u003e\u003cData Name=\u0027TargetLogonId\u0027\u003e0xa1ba0\u003c/Data\u003e\u003cData Name=\u0027LogonType\u0027\u003e4\u003c/Data\u003e\u003c/EventData\u003e\u003c/Event\u003e"]