["\u003cEvent xmlns=\u0027http://schemas.microsoft.com/win/2004/08/events/event\u0027\u003e\u003cSystem\u003e\u003cProvider Name=\u0027Microsoft-Windows-Security-Auditing\u0027 Guid=\u0027{54849625-5478-4994-a5ba-3e3b0328c30d}\u0027/\u003e\u003cEventID\u003e4688\u003c/EventID\u003e\u003cVersion\u003e2\u003c/Version\u003e\u003cLevel\u003e0\u003c/Level\u003e\u003cTask\u003e13312\u003c/Task\u003e\u003cOpcode\u003e0\u003c/Opcode\u003e\u003cKeywords\u003e0x8020000000000000\u003c/Keywords\u003e\u003cTimeCreated SystemTime=\u00272026-10-07T06:23:31.7457282Z\u0027/\u003e\u003cEventRecordID\u003e148623\u003c/EventRecordID\u003e\u003cCorrelation/\u003e\u003cExecution ProcessID=\u00274\u0027 ThreadID=\u0027320\u0027/\u003e\u003cChannel\u003eSecurity\u003c/Channel\u003e\u003cComputer\u003ewin10-debugged\u003c/Computer\u003e\u003cSecurity/\u003e\u003c/System\u003e\u003cEventData\u003e\u003cData Name=\u0027SubjectUserSid\u0027\u003eS-1-5-18\u003c/Data\u003e\u003cData Name=\u0027SubjectUserName\u0027\u003eWIN10-DEBUGGED$\u003c/Data\u003e\u003cData Name=\u0027SubjectDomainName\u0027\u003eWORKGROUP\u003c/Data\u003e\u003cData Name=\u0027SubjectLogonId\u0027\u003e0x3e7\u003c/Data\u003e\u003cData Name=\u0027NewProcessId\u0027\u003e0x15ec\u003c/Data\u003e\u003cData Name=\u0027NewProcessName\u0027\u003eC:\\Windows\\Microsoft.NET\\Framework64\\v4.0.30319\\cvtres.exe\u003c/Data\u003e\u003cData Name=\u0027TokenElevationType\u0027\u003e%%1936\u003c/Data\u003e\u003cData Name=\u0027ProcessId\u0027\u003e0x15d8\u003c/Data\u003e\u003cData Name=\u0027CommandLine\u0027\u003e\u003c/Data\u003e\u003cData Name=\u0027TargetUserSid\u0027\u003eS-1-0-0\u003c/Data\u003e\u003cData Name=\u0027TargetUserName\u0027\u003e-\u003c/Data\u003e\u003cData Name=\u0027TargetDomainName\u0027\u003e-\u003c/Data\u003e\u003cData Name=\u0027TargetLogonId\u0027\u003e0x0\u003c/Data\u003e\u003cData Name=\u0027ParentProcessName\u0027\u003eC:\\Windows\\Microsoft.NET\\Framework64\\v4.0.30319\\csc.exe\u003c/Data\u003e\u003cData Name=\u0027MandatoryLabel\u0027\u003eS-1-16-16384\u003c/Data\u003e\u003c/EventData\u003e\u003c/Event\u003e","\u003cEvent xmlns=\u0027http://schemas.microsoft.com/win/2004/08/events/event\u0027\u003e\u003cSystem\u003e\u003cProvider Name=\u0027Microsoft-Windows-Security-Auditing\u0027 Guid=\u0027{54849625-5478-4994-a5ba-3e3b0328c30d}\u0027/\u003e\u003cEventID\u003e4688\u003c/EventID\u003e\u003cVersion\u003e2\u003c/Version\u003e\u003cLevel\u003e0\u003c/Level\u003e\u003cTask\u003e13312\u003c/Task\u003e\u003cOpcode\u003e0\u003c/Opcode\u003e\u003cKeywords\u003e0x8020000000000000\u003c/Keywords\u003e\u003cTimeCreated SystemTime=\u00272026-10-07T06:23:35.3599478Z\u0027/\u003e\u003cEventRecordID\u003e148624\u003c/EventRecordID\u003e\u003cCorrelation/\u003e\u003cExecution ProcessID=\u00274\u0027 ThreadID=\u00273512\u0027/\u003e\u003cChannel\u003eSecurity\u003c/Channel\u003e\u003cComputer\u003ewin10-debugged\u003c/Computer\u003e\u003cSecurity/\u003e\u003c/System\u003e\u003cEventData\u003e\u003cData Name=\u0027SubjectUserSid\u0027\u003eS-1-5-18\u003c/Data\u003e\u003cData Name=\u0027SubjectUserName\u0027\u003eWIN10-DEBUGGED$\u003c/Data\u003e\u003cData Name=\u0027SubjectDomainName\u0027\u003eWORKGROUP\u003c/Data\u003e\u003cData Name=\u0027SubjectLogonId\u0027\u003e0x3e7\u003c/Data\u003e\u003cData Name=\u0027NewProcessId\u0027\u003e0x1620\u003c/Data\u003e\u003cData Name=\u0027NewProcessName\u0027\u003eC:\\Windows\\Microsoft.NET\\Framework64\\v4.0.30319\\csc.exe\u003c/Data\u003e\u003cData Name=\u0027TokenElevationType\u0027\u003e%%1936\u003c/Data\u003e\u003cData Name=\u0027ProcessId\u0027\u003e0x690\u003c/Data\u003e\u003cData Name=\u0027CommandLine\u0027\u003e\u003c/Data\u003e\u003cData Name=\u0027TargetUserSid\u0027\u003eS-1-0-0\u003c/Data\u003e\u003cData Name=\u0027TargetUserName\u0027\u003e-\u003c/Data\u003e\u003cData Name=\u0027TargetDomainName\u0027\u003e-\u003c/Data\u003e\u003cData Name=\u0027TargetLogonId\u0027\u003e0x0\u003c/Data\u003e\u003cData Name=\u0027ParentProcessName\u0027\u003eC:\\Windows\\System32\\WindowsPowerShell\\v1.0\\powershell.exe\u003c/Data\u003e\u003cData Name=\u0027MandatoryLabel\u0027\u003eS-1-16-16384\u003c/Data\u003e\u003c/EventData\u003e\u003c/Event\u003e","\u003cEvent xmlns=\u0027http://schemas.microsoft.com/win/2004/08/events/event\u0027\u003e\u003cSystem\u003e\u003cProvider Name=\u0027Microsoft-Windows-Security-Auditing\u0027 Guid=\u0027{54849625-5478-4994-a5ba-3e3b0328c30d}\u0027/\u003e\u003cEventID\u003e4688\u003c/EventID\u003e\u003cVersion\u003e2\u003c/Version\u003e\u003cLevel\u003e0\u003c/Level\u003e\u003cTask\u003e13312\u003c/Task\u003e\u003cOpcode\u003e0\u003c/Opcode\u003e\u003cKeywords\u003e0x8020000000000000\u003c/Keywords\u003e\u003cTimeCreated SystemTime=\u00272026-10-07T06:23:35.4549200Z\u0027/\u003e\u003cEventRecordID\u003e148625\u003c/EventRecordID\u003e\u003cCorrelation/\u003e\u003cExecution ProcessID=\u00274\u0027 ThreadID=\u00273512\u0027/\u003e\u003cChannel\u003eSecurity\u003c/Channel\u003e\u003cComputer\u003ewin10-debugged\u003c/Computer\u003e\u003cSecurity/\u003e\u003c/System\u003e\u003cEventData\u003e\u003cData Name=\u0027SubjectUserSid\u0027\u003eS-1-5-18\u003c/Data\u003e\u003cData Name=\u0027SubjectUserName\u0027\u003eWIN10-DEBUGGED$\u003c/Data\u003e\u003cData Name=\u0027SubjectDomainName\u0027\u003eWORKGROUP\u003c/Data\u003e\u003cData Name=\u0027SubjectLogonId\u0027\u003e0x3e7\u003c/Data\u003e\u003cData Name=\u0027NewProcessId\u0027\u003e0x1630\u003c/Data\u003e\u003cData Name=\u0027NewProcessName\u0027\u003eC:\\Windows\\Microsoft.NET\\Framework64\\v4.0.30319\\cvtres.exe\u003c/Data\u003e\u003cData Name=\u0027TokenElevationType\u0027\u003e%%1936\u003c/Data\u003e\u003cData Name=\u0027ProcessId\u0027\u003e0x1620\u003c/Data\u003e\u003cData Name=\u0027CommandLine\u0027\u003e\u003c/Data\u003e\u003cData Name=\u0027TargetUserSid\u0027\u003eS-1-0-0\u003c/Data\u003e\u003cData Name=\u0027TargetUserName\u0027\u003e-\u003c/Data\u003e\u003cData Name=\u0027TargetDomainName\u0027\u003e-\u003c/Data\u003e\u003cData Name=\u0027TargetLogonId\u0027\u003e0x0\u003c/Data\u003e\u003cData Name=\u0027ParentProcessName\u0027\u003eC:\\Windows\\Microsoft.NET\\Framework64\\v4.0.30319\\csc.exe\u003c/Data\u003e\u003cData Name=\u0027MandatoryLabel\u0027\u003eS-1-16-16384\u003c/Data\u003e\u003c/EventData\u003e\u003c/Event\u003e","\u003cEvent xmlns=\u0027http://schemas.microsoft.com/win/2004/08/events/event\u0027\u003e\u003cSystem\u003e\u003cProvider Name=\u0027Microsoft-Windows-Security-Auditing\u0027 Guid=\u0027{54849625-5478-4994-a5ba-3e3b0328c30d}\u0027/\u003e\u003cEventID\u003e4688\u003c/EventID\u003e\u003cVersion\u003e2\u003c/Version\u003e\u003cLevel\u003e0\u003c/Level\u003e\u003cTask\u003e13312\u003c/Task\u003e\u003cOpcode\u003e0\u003c/Opcode\u003e\u003cKeywords\u003e0x8020000000000000\u003c/Keywords\u003e\u003cTimeCreated SystemTime=\u00272026-10-07T06:23:35.8639942Z\u0027/\u003e\u003cEventRecordID\u003e148626\u003c/EventRecordID\u003e\u003cCorrelation/\u003e\u003cExecution ProcessID=\u00274\u0027 ThreadID=\u00273512\u0027/\u003e\u003cChannel\u003eSecurity\u003c/Channel\u003e\u003cComputer\u003ewin10-debugged\u003c/Computer\u003e\u003cSecurity/\u003e\u003c/System\u003e\u003cEventData\u003e\u003cData Name=\u0027SubjectUserSid\u0027\u003eS-1-5-18\u003c/Data\u003e\u003cData Name=\u0027SubjectUserName\u0027\u003eWIN10-DEBUGGED$\u003c/Data\u003e\u003cData Name=\u0027SubjectDomainName\u0027\u003eWORKGROUP\u003c/Data\u003e\u003cData Name=\u0027SubjectLogonId\u0027\u003e0x3e7\u003c/Data\u003e\u003cData Name=\u0027NewProcessId\u0027\u003e0x1640\u003c/Data\u003e\u003cData Name=\u0027NewProcessName\u0027\u003eC:\\Windows\\Microsoft.NET\\Framework64\\v4.0.30319\\csc.exe\u003c/Data\u003e\u003cData Name=\u0027TokenElevationType\u0027\u003e%%1936\u003c/Data\u003e\u003cData Name=\u0027ProcessId\u0027\u003e0x690\u003c/Data\u003e\u003cData Name=\u0027CommandLine\u0027\u003e\u003c/Data\u003e\u003cData Name=\u0027TargetUserSid\u0027\u003eS-1-0-0\u003c/Data\u003e\u003cData Name=\u0027TargetUserName\u0027\u003e-\u003c/Data\u003e\u003cData Name=\u0027TargetDomainName\u0027\u003e-\u003c/Data\u003e\u003cData Name=\u0027TargetLogonId\u0027\u003e0x0\u003c/Data\u003e\u003cData Name=\u0027ParentProcessName\u0027\u003eC:\\Windows\\System32\\WindowsPowerShell\\v1.0\\powershell.exe\u003c/Data\u003e\u003cData Name=\u0027MandatoryLabel\u0027\u003eS-1-16-16384\u003c/Data\u003e\u003c/EventData\u003e\u003c/Event\u003e","\u003cEvent xmlns=\u0027http://schemas.microsoft.com/win/2004/08/events/event\u0027\u003e\u003cSystem\u003e\u003cProvider Name=\u0027Microsoft-Windows-Security-Auditing\u0027 Guid=\u0027{54849625-5478-4994-a5ba-3e3b0328c30d}\u0027/\u003e\u003cEventID\u003e4688\u003c/EventID\u003e\u003cVersion\u003e2\u003c/Version\u003e\u003cLevel\u003e0\u003c/Level\u003e\u003cTask\u003e13312\u003c/Task\u003e\u003cOpcode\u003e0\u003c/Opcode\u003e\u003cKeywords\u003e0x8020000000000000\u003c/Keywords\u003e\u003cTimeCreated SystemTime=\u00272026-10-07T06:23:35.9560472Z\u0027/\u003e\u003cEventRecordID\u003e148627\u003c/EventRecordID\u003e\u003cCorrelation/\u003e\u003cExecution ProcessID=\u00274\u0027 ThreadID=\u0027204\u0027/\u003e\u003cChannel\u003eSecurity\u003c/Channel\u003e\u003cComputer\u003ewin10-debugged\u003c/Computer\u003e\u003cSecurity/\u003e\u003c/System\u003e\u003cEventData\u003e\u003cData Name=\u0027SubjectUserSid\u0027\u003eS-1-5-18\u003c/Data\u003e\u003cData Name=\u0027SubjectUserName\u0027\u003eWIN10-DEBUGGED$\u003c/Data\u003e\u003cData Name=\u0027SubjectDomainName\u0027\u003eWORKGROUP\u003c/Data\u003e\u003cData Name=\u0027SubjectLogonId\u0027\u003e0x3e7\u003c/Data\u003e\u003cData Name=\u0027NewProcessId\u0027\u003e0x1650\u003c/Data\u003e\u003cData Name=\u0027NewProcessName\u0027\u003eC:\\Windows\\Microsoft.NET\\Framework64\\v4.0.30319\\cvtres.exe\u003c/Data\u003e\u003cData Name=\u0027TokenElevationType\u0027\u003e%%1936\u003c/Data\u003e\u003cData Name=\u0027ProcessId\u0027\u003e0x1640\u003c/Data\u003e\u003cData Name=\u0027CommandLine\u0027\u003e\u003c/Data\u003e\u003cData Name=\u0027TargetUserSid\u0027\u003eS-1-0-0\u003c/Data\u003e\u003cData Name=\u0027TargetUserName\u0027\u003e-\u003c/Data\u003e\u003cData Name=\u0027TargetDomainName\u0027\u003e-\u003c/Data\u003e\u003cData Name=\u0027TargetLogonId\u0027\u003e0x0\u003c/Data\u003e\u003cData Name=\u0027ParentProcessName\u0027\u003eC:\\Windows\\Microsoft.NET\\Framework64\\v4.0.30319\\csc.exe\u003c/Data\u003e\u003cData Name=\u0027MandatoryLabel\u0027\u003eS-1-16-16384\u003c/Data\u003e\u003c/EventData\u003e\u003c/Event\u003e","\u003cEvent xmlns=\u0027http://schemas.microsoft.com/win/2004/08/events/event\u0027\u003e\u003cSystem\u003e\u003cProvider Name=\u0027Microsoft-Windows-Security-Auditing\u0027 Guid=\u0027{54849625-5478-4994-a5ba-3e3b0328c30d}\u0027/\u003e\u003cEventID\u003e4688\u003c/EventID\u003e\u003cVersion\u003e2\u003c/Version\u003e\u003cLevel\u003e0\u003c/Level\u003e\u003cTask\u003e13312\u003c/Task\u003e\u003cOpcode\u003e0\u003c/Opcode\u003e\u003cKeywords\u003e0x8020000000000000\u003c/Keywords\u003e\u003cTimeCreated SystemTime=\u00272026-10-07T06:23:40.5064741Z\u0027/\u003e\u003cEventRecordID\u003e148628\u003c/EventRecordID\u003e\u003cCorrelation/\u003e\u003cExecution ProcessID=\u00274\u0027 ThreadID=\u0027204\u0027/\u003e\u003cChannel\u003eSecurity\u003c/Channel\u003e\u003cComputer\u003ewin10-debugged\u003c/Computer\u003e\u003cSecurity/\u003e\u003c/System\u003e\u003cEventData\u003e\u003cData Name=\u0027SubjectUserSid\u0027\u003eS-1-5-18\u003c/Data\u003e\u003cData Name=\u0027SubjectUserName\u0027\u003eWIN10-DEBUGGED$\u003c/Data\u003e\u003cData Name=\u0027SubjectDomainName\u0027\u003eWORKGROUP\u003c/Data\u003e\u003cData Name=\u0027SubjectLogonId\u0027\u003e0x3e7\u003c/Data\u003e\u003cData Name=\u0027NewProcessId\u0027\u003e0x167c\u003c/Data\u003e\u003cData Name=\u0027NewProcessName\u0027\u003eC:\\Windows\\System32\\fsutil.exe\u003c/Data\u003e\u003cData Name=\u0027TokenElevationType\u0027\u003e%%1936\u003c/Data\u003e\u003cData Name=\u0027ProcessId\u0027\u003e0x690\u003c/Data\u003e\u003cData Name=\u0027CommandLine\u0027\u003e\u003c/Data\u003e\u003cData Name=\u0027TargetUserSid\u0027\u003eS-1-0-0\u003c/Data\u003e\u003cData Name=\u0027TargetUserName\u0027\u003e-\u003c/Data\u003e\u003cData Name=\u0027TargetDomainName\u0027\u003e-\u003c/Data\u003e\u003cData Name=\u0027TargetLogonId\u0027\u003e0x0\u003c/Data\u003e\u003cData Name=\u0027ParentProcessName\u0027\u003eC:\\Windows\\System32\\WindowsPowerShell\\v1.0\\powershell.exe\u003c/Data\u003e\u003cData Name=\u0027MandatoryLabel\u0027\u003eS-1-16-16384\u003c/Data\u003e\u003c/EventData\u003e\u003c/Event\u003e","\u003cEvent xmlns=\u0027http://schemas.microsoft.com/win/2004/08/events/event\u0027\u003e\u003cSystem\u003e\u003cProvider Name=\u0027Microsoft-Windows-Security-Auditing\u0027 Guid=\u0027{54849625-5478-4994-a5ba-3e3b0328c30d}\u0027/\u003e\u003cEventID\u003e4648\u003c/EventID\u003e\u003cVersion\u003e0\u003c/Version\u003e\u003cLevel\u003e0\u003c/Level\u003e\u003cTask\u003e12544\u003c/Task\u003e\u003cOpcode\u003e0\u003c/Opcode\u003e\u003cKeywords\u003e0x8020000000000000\u003c/Keywords\u003e\u003cTimeCreated SystemTime=\u00272026-10-07T06:23:42.1470135Z\u0027/\u003e\u003cEventRecordID\u003e148629\u003c/EventRecordID\u003e\u003cCorrelation ActivityID=\u0027{4a446d85-5624-0000-206e-444a2456dd01}\u0027/\u003e\u003cExecution ProcessID=\u0027692\u0027 ThreadID=\u0027720\u0027/\u003e\u003cChannel\u003eSecurity\u003c/Channel\u003e\u003cComputer\u003ewin10-debugged\u003c/Computer\u003e\u003cSecurity/\u003e\u003c/System\u003e\u003cEventData\u003e\u003cData Name=\u0027SubjectUserSid\u0027\u003eS-1-5-18\u003c/Data\u003e\u003cData Name=\u0027SubjectUserName\u0027\u003eWIN10-DEBUGGED$\u003c/Data\u003e\u003cData Name=\u0027SubjectDomainName\u0027\u003eWORKGROUP\u003c/Data\u003e\u003cData Name=\u0027SubjectLogonId\u0027\u003e0x3e7\u003c/Data\u003e\u003cData Name=\u0027LogonGuid\u0027\u003e{00000000-0000-0000-0000-000000000000}\u003c/Data\u003e\u003cData Name=\u0027TargetUserName\u0027\u003esuifc2caed5add6\u003c/Data\u003e\u003cData Name=\u0027TargetDomainName\u0027\u003eWIN10-DEBUGGED\u003c/Data\u003e\u003cData Name=\u0027TargetLogonGuid\u0027\u003e{00000000-0000-0000-0000-000000000000}\u003c/Data\u003e\u003cData Name=\u0027TargetServerName\u0027\u003elocalhost\u003c/Data\u003e\u003cData Name=\u0027TargetInfo\u0027\u003elocalhost\u003c/Data\u003e\u003cData Name=\u0027ProcessId\u0027\u003e0x4cc\u003c/Data\u003e\u003cData Name=\u0027ProcessName\u0027\u003eC:\\Windows\\System32\\svchost.exe\u003c/Data\u003e\u003cData Name=\u0027IpAddress\u0027\u003e-\u003c/Data\u003e\u003cData Name=\u0027IpPort\u0027\u003e-\u003c/Data\u003e\u003c/EventData\u003e\u003c/Event\u003e","\u003cEvent xmlns=\u0027http://schemas.microsoft.com/win/2004/08/events/event\u0027\u003e\u003cSystem\u003e\u003cProvider Name=\u0027Microsoft-Windows-Security-Auditing\u0027 Guid=\u0027{54849625-5478-4994-a5ba-3e3b0328c30d}\u0027/\u003e\u003cEventID\u003e4624\u003c/EventID\u003e\u003cVersion\u003e2\u003c/Version\u003e\u003cLevel\u003e0\u003c/Level\u003e\u003cTask\u003e12544\u003c/Task\u003e\u003cOpcode\u003e0\u003c/Opcode\u003e\u003cKeywords\u003e0x8020000000000000\u003c/Keywords\u003e\u003cTimeCreated SystemTime=\u00272026-10-07T06:23:42.1470251Z\u0027/\u003e\u003cEventRecordID\u003e148630\u003c/EventRecordID\u003e\u003cCorrelation ActivityID=\u0027{4a446d85-5624-0000-206e-444a2456dd01}\u0027/\u003e\u003cExecution ProcessID=\u0027692\u0027 ThreadID=\u0027720\u0027/\u003e\u003cChannel\u003eSecurity\u003c/Channel\u003e\u003cComputer\u003ewin10-debugged\u003c/Computer\u003e\u003cSecurity/\u003e\u003c/System\u003e\u003cEventData\u003e\u003cData Name=\u0027SubjectUserSid\u0027\u003eS-1-5-18\u003c/Data\u003e\u003cData Name=\u0027SubjectUserName\u0027\u003eWIN10-DEBUGGED$\u003c/Data\u003e\u003cData Name=\u0027SubjectDomainName\u0027\u003eWORKGROUP\u003c/Data\u003e\u003cData Name=\u0027SubjectLogonId\u0027\u003e0x3e7\u003c/Data\u003e\u003cData Name=\u0027TargetUserSid\u0027\u003eS-1-5-21-316478115-1595729549-2803163825-1066\u003c/Data\u003e\u003cData Name=\u0027TargetUserName\u0027\u003esuifc2caed5add6\u003c/Data\u003e\u003cData Name=\u0027TargetDomainName\u0027\u003eWIN10-DEBUGGED\u003c/Data\u003e\u003cData Name=\u0027TargetLogonId\u0027\u003e0xee6fe\u003c/Data\u003e\u003cData Name=\u0027LogonType\u0027\u003e4\u003c/Data\u003e\u003cData Name=\u0027LogonProcessName\u0027\u003eAdvapi  \u003c/Data\u003e\u003cData Name=\u0027AuthenticationPackageName\u0027\u003eNegotiate\u003c/Data\u003e\u003cData Name=\u0027WorkstationName\u0027\u003eWIN10-DEBUGGED\u003c/Data\u003e\u003cData Name=\u0027LogonGuid\u0027\u003e{00000000-0000-0000-0000-000000000000}\u003c/Data\u003e\u003cData Name=\u0027TransmittedServices\u0027\u003e-\u003c/Data\u003e\u003cData Name=\u0027LmPackageName\u0027\u003e-\u003c/Data\u003e\u003cData Name=\u0027KeyLength\u0027\u003e0\u003c/Data\u003e\u003cData Name=\u0027ProcessId\u0027\u003e0x4cc\u003c/Data\u003e\u003cData Name=\u0027ProcessName\u0027\u003eC:\\Windows\\System32\\svchost.exe\u003c/Data\u003e\u003cData Name=\u0027IpAddress\u0027\u003e-\u003c/Data\u003e\u003cData Name=\u0027IpPort\u0027\u003e-\u003c/Data\u003e\u003cData Name=\u0027ImpersonationLevel\u0027\u003e%%1833\u003c/Data\u003e\u003cData Name=\u0027RestrictedAdminMode\u0027\u003e-\u003c/Data\u003e\u003cData Name=\u0027TargetOutboundUserName\u0027\u003e-\u003c/Data\u003e\u003cData Name=\u0027TargetOutboundDomainName\u0027\u003e-\u003c/Data\u003e\u003cData Name=\u0027VirtualAccount\u0027\u003e%%1843\u003c/Data\u003e\u003cData Name=\u0027TargetLinkedLogonId\u0027\u003e0x0\u003c/Data\u003e\u003cData Name=\u0027ElevatedToken\u0027\u003e%%1843\u003c/Data\u003e\u003c/EventData\u003e\u003c/Event\u003e","\u003cEvent xmlns=\u0027http://schemas.microsoft.com/win/2004/08/events/event\u0027\u003e\u003cSystem\u003e\u003cProvider Name=\u0027Microsoft-Windows-Security-Auditing\u0027 Guid=\u0027{54849625-5478-4994-a5ba-3e3b0328c30d}\u0027/\u003e\u003cEventID\u003e4634\u003c/EventID\u003e\u003cVersion\u003e0\u003c/Version\u003e\u003cLevel\u003e0\u003c/Level\u003e\u003cTask\u003e12545\u003c/Task\u003e\u003cOpcode\u003e0\u003c/Opcode\u003e\u003cKeywords\u003e0x8020000000000000\u003c/Keywords\u003e\u003cTimeCreated SystemTime=\u00272026-10-07T06:23:42.1472525Z\u0027/\u003e\u003cEventRecordID\u003e148631\u003c/EventRecordID\u003e\u003cCorrelation/\u003e\u003cExecution ProcessID=\u0027692\u0027 ThreadID=\u0027720\u0027/\u003e\u003cChannel\u003eSecurity\u003c/Channel\u003e\u003cComputer\u003ewin10-debugged\u003c/Computer\u003e\u003cSecurity/\u003e\u003c/System\u003e\u003cEventData\u003e\u003cData Name=\u0027TargetUserSid\u0027\u003eS-1-5-21-316478115-1595729549-2803163825-1066\u003c/Data\u003e\u003cData Name=\u0027TargetUserName\u0027\u003esuifc2caed5add6\u003c/Data\u003e\u003cData Name=\u0027TargetDomainName\u0027\u003eWIN10-DEBUGGED\u003c/Data\u003e\u003cData Name=\u0027TargetLogonId\u0027\u003e0xee6fe\u003c/Data\u003e\u003cData Name=\u0027LogonType\u0027\u003e4\u003c/Data\u003e\u003c/EventData\u003e\u003c/Event\u003e","\u003cEvent xmlns=\u0027http://schemas.microsoft.com/win/2004/08/events/event\u0027\u003e\u003cSystem\u003e\u003cProvider Name=\u0027Microsoft-Windows-Security-Auditing\u0027 Guid=\u0027{54849625-5478-4994-a5ba-3e3b0328c30d}\u0027/\u003e\u003cEventID\u003e4648\u003c/EventID\u003e\u003cVersion\u003e0\u003c/Version\u003e\u003cLevel\u003e0\u003c/Level\u003e\u003cTask\u003e12544\u003c/Task\u003e\u003cOpcode\u003e0\u003c/Opcode\u003e\u003cKeywords\u003e0x8020000000000000\u003c/Keywords\u003e\u003cTimeCreated SystemTime=\u00272026-10-07T06:23:42.1491073Z\u0027/\u003e\u003cEventRecordID\u003e148632\u003c/EventRecordID\u003e\u003cCorrelation ActivityID=\u0027{4a446d85-5624-0000-206e-444a2456dd01}\u0027/\u003e\u003cExecution ProcessID=\u0027692\u0027 ThreadID=\u0027720\u0027/\u003e\u003cChannel\u003eSecurity\u003c/Channel\u003e\u003cComputer\u003ewin10-debugged\u003c/Computer\u003e\u003cSecurity/\u003e\u003c/System\u003e\u003cEventData\u003e\u003cData Name=\u0027SubjectUserSid\u0027\u003eS-1-5-18\u003c/Data\u003e\u003cData Name=\u0027SubjectUserName\u0027\u003eWIN10-DEBUGGED$\u003c/Data\u003e\u003cData Name=\u0027SubjectDomainName\u0027\u003eWORKGROUP\u003c/Data\u003e\u003cData Name=\u0027SubjectLogonId\u0027\u003e0x3e7\u003c/Data\u003e\u003cData Name=\u0027LogonGuid\u0027\u003e{00000000-0000-0000-0000-000000000000}\u003c/Data\u003e\u003cData Name=\u0027TargetUserName\u0027\u003esuifc2caed5add6\u003c/Data\u003e\u003cData Name=\u0027TargetDomainName\u0027\u003eWIN10-DEBUGGED\u003c/Data\u003e\u003cData Name=\u0027TargetLogonGuid\u0027\u003e{00000000-0000-0000-0000-000000000000}\u003c/Data\u003e\u003cData Name=\u0027TargetServerName\u0027\u003elocalhost\u003c/Data\u003e\u003cData Name=\u0027TargetInfo\u0027\u003elocalhost\u003c/Data\u003e\u003cData Name=\u0027ProcessId\u0027\u003e0x4cc\u003c/Data\u003e\u003cData Name=\u0027ProcessName\u0027\u003eC:\\Windows\\System32\\svchost.exe\u003c/Data\u003e\u003cData Name=\u0027IpAddress\u0027\u003e-\u003c/Data\u003e\u003cData Name=\u0027IpPort\u0027\u003e-\u003c/Data\u003e\u003c/EventData\u003e\u003c/Event\u003e","\u003cEvent xmlns=\u0027http://schemas.microsoft.com/win/2004/08/events/event\u0027\u003e\u003cSystem\u003e\u003cProvider Name=\u0027Microsoft-Windows-Security-Auditing\u0027 Guid=\u0027{54849625-5478-4994-a5ba-3e3b0328c30d}\u0027/\u003e\u003cEventID\u003e4624\u003c/EventID\u003e\u003cVersion\u003e2\u003c/Version\u003e\u003cLevel\u003e0\u003c/Level\u003e\u003cTask\u003e12544\u003c/Task\u003e\u003cOpcode\u003e0\u003c/Opcode\u003e\u003cKeywords\u003e0x8020000000000000\u003c/Keywords\u003e\u003cTimeCreated SystemTime=\u00272026-10-07T06:23:42.1491159Z\u0027/\u003e\u003cEventRecordID\u003e148633\u003c/EventRecordID\u003e\u003cCorrelation ActivityID=\u0027{4a446d85-5624-0000-206e-444a2456dd01}\u0027/\u003e\u003cExecution ProcessID=\u0027692\u0027 ThreadID=\u0027720\u0027/\u003e\u003cChannel\u003eSecurity\u003c/Channel\u003e\u003cComputer\u003ewin10-debugged\u003c/Computer\u003e\u003cSecurity/\u003e\u003c/System\u003e\u003cEventData\u003e\u003cData Name=\u0027SubjectUserSid\u0027\u003eS-1-5-18\u003c/Data\u003e\u003cData Name=\u0027SubjectUserName\u0027\u003eWIN10-DEBUGGED$\u003c/Data\u003e\u003cData Name=\u0027SubjectDomainName\u0027\u003eWORKGROUP\u003c/Data\u003e\u003cData Name=\u0027SubjectLogonId\u0027\u003e0x3e7\u003c/Data\u003e\u003cData Name=\u0027TargetUserSid\u0027\u003eS-1-5-21-316478115-1595729549-2803163825-1066\u003c/Data\u003e\u003cData Name=\u0027TargetUserName\u0027\u003esuifc2caed5add6\u003c/Data\u003e\u003cData Name=\u0027TargetDomainName\u0027\u003eWIN10-DEBUGGED\u003c/Data\u003e\u003cData Name=\u0027TargetLogonId\u0027\u003e0xee84d\u003c/Data\u003e\u003cData Name=\u0027LogonType\u0027\u003e4\u003c/Data\u003e\u003cData Name=\u0027LogonProcessName\u0027\u003eAdvapi  \u003c/Data\u003e\u003cData Name=\u0027AuthenticationPackageName\u0027\u003eNegotiate\u003c/Data\u003e\u003cData Name=\u0027WorkstationName\u0027\u003eWIN10-DEBUGGED\u003c/Data\u003e\u003cData Name=\u0027LogonGuid\u0027\u003e{00000000-0000-0000-0000-000000000000}\u003c/Data\u003e\u003cData Name=\u0027TransmittedServices\u0027\u003e-\u003c/Data\u003e\u003cData Name=\u0027LmPackageName\u0027\u003e-\u003c/Data\u003e\u003cData Name=\u0027KeyLength\u0027\u003e0\u003c/Data\u003e\u003cData Name=\u0027ProcessId\u0027\u003e0x4cc\u003c/Data\u003e\u003cData Name=\u0027ProcessName\u0027\u003eC:\\Windows\\System32\\svchost.exe\u003c/Data\u003e\u003cData Name=\u0027IpAddress\u0027\u003e-\u003c/Data\u003e\u003cData Name=\u0027IpPort\u0027\u003e-\u003c/Data\u003e\u003cData Name=\u0027ImpersonationLevel\u0027\u003e%%1833\u003c/Data\u003e\u003cData Name=\u0027RestrictedAdminMode\u0027\u003e-\u003c/Data\u003e\u003cData Name=\u0027TargetOutboundUserName\u0027\u003e-\u003c/Data\u003e\u003cData Name=\u0027TargetOutboundDomainName\u0027\u003e-\u003c/Data\u003e\u003cData Name=\u0027VirtualAccount\u0027\u003e%%1843\u003c/Data\u003e\u003cData Name=\u0027TargetLinkedLogonId\u0027\u003e0x0\u003c/Data\u003e\u003cData Name=\u0027ElevatedToken\u0027\u003e%%1843\u003c/Data\u003e\u003c/EventData\u003e\u003c/Event\u003e","\u003cEvent xmlns=\u0027http://schemas.microsoft.com/win/2004/08/events/event\u0027\u003e\u003cSystem\u003e\u003cProvider Name=\u0027Microsoft-Windows-Security-Auditing\u0027 Guid=\u0027{54849625-5478-4994-a5ba-3e3b0328c30d}\u0027/\u003e\u003cEventID\u003e4688\u003c/EventID\u003e\u003cVersion\u003e2\u003c/Version\u003e\u003cLevel\u003e0\u003c/Level\u003e\u003cTask\u003e13312\u003c/Task\u003e\u003cOpcode\u003e0\u003c/Opcode\u003e\u003cKeywords\u003e0x8020000000000000\u003c/Keywords\u003e\u003cTimeCreated SystemTime=\u00272026-10-07T06:23:42.4883441Z\u0027/\u003e\u003cEventRecordID\u003e148634\u003c/EventRecordID\u003e\u003cCorrelation/\u003e\u003cExecution ProcessID=\u00274\u0027 ThreadID=\u0027316\u0027/\u003e\u003cChannel\u003eSecurity\u003c/Channel\u003e\u003cComputer\u003ewin10-debugged\u003c/Computer\u003e\u003cSecurity/\u003e\u003c/System\u003e\u003cEventData\u003e\u003cData Name=\u0027SubjectUserSid\u0027\u003eS-1-5-18\u003c/Data\u003e\u003cData Name=\u0027SubjectUserName\u0027\u003eWIN10-DEBUGGED$\u003c/Data\u003e\u003cData Name=\u0027SubjectDomainName\u0027\u003eWORKGROUP\u003c/Data\u003e\u003cData Name=\u0027SubjectLogonId\u0027\u003e0x3e7\u003c/Data\u003e\u003cData Name=\u0027NewProcessId\u0027\u003e0x16bc\u003c/Data\u003e\u003cData Name=\u0027NewProcessName\u0027\u003eC:\\Windows\\System32\\WindowsPowerShell\\v1.0\\powershell.exe\u003c/Data\u003e\u003cData Name=\u0027TokenElevationType\u0027\u003e%%1936\u003c/Data\u003e\u003cData Name=\u0027ProcessId\u0027\u003e0x4cc\u003c/Data\u003e\u003cData Name=\u0027CommandLine\u0027\u003e\u003c/Data\u003e\u003cData Name=\u0027TargetUserSid\u0027\u003eS-1-0-0\u003c/Data\u003e\u003cData Name=\u0027TargetUserName\u0027\u003esuifc2caed5add6\u003c/Data\u003e\u003cData Name=\u0027TargetDomainName\u0027\u003eWIN10-DEBUGGED\u003c/Data\u003e\u003cData Name=\u0027TargetLogonId\u0027\u003e0xee84d\u003c/Data\u003e\u003cData Name=\u0027ParentProcessName\u0027\u003eC:\\Windows\\System32\\svchost.exe\u003c/Data\u003e\u003cData Name=\u0027MandatoryLabel\u0027\u003eS-1-16-8192\u003c/Data\u003e\u003c/EventData\u003e\u003c/Event\u003e","\u003cEvent xmlns=\u0027http://schemas.microsoft.com/win/2004/08/events/event\u0027\u003e\u003cSystem\u003e\u003cProvider Name=\u0027Microsoft-Windows-Security-Auditing\u0027 Guid=\u0027{54849625-5478-4994-a5ba-3e3b0328c30d}\u0027/\u003e\u003cEventID\u003e4688\u003c/EventID\u003e\u003cVersion\u003e2\u003c/Version\u003e\u003cLevel\u003e0\u003c/Level\u003e\u003cTask\u003e13312\u003c/Task\u003e\u003cOpcode\u003e0\u003c/Opcode\u003e\u003cKeywords\u003e0x8020000000000000\u003c/Keywords\u003e\u003cTimeCreated SystemTime=\u00272026-10-07T06:23:42.4911634Z\u0027/\u003e\u003cEventRecordID\u003e148635\u003c/EventRecordID\u003e\u003cCorrelation/\u003e\u003cExecution ProcessID=\u00274\u0027 ThreadID=\u0027316\u0027/\u003e\u003cChannel\u003eSecurity\u003c/Channel\u003e\u003cComputer\u003ewin10-debugged\u003c/Computer\u003e\u003cSecurity/\u003e\u003c/System\u003e\u003cEventData\u003e\u003cData Name=\u0027SubjectUserSid\u0027\u003eS-1-5-21-316478115-1595729549-2803163825-1066\u003c/Data\u003e\u003cData Name=\u0027SubjectUserName\u0027\u003esuifc2caed5add6\u003c/Data\u003e\u003cData Name=\u0027SubjectDomainName\u0027\u003eWIN10-DEBUGGED\u003c/Data\u003e\u003cData Name=\u0027SubjectLogonId\u0027\u003e0xee84d\u003c/Data\u003e\u003cData Name=\u0027NewProcessId\u0027\u003e0x16c4\u003c/Data\u003e\u003cData Name=\u0027NewProcessName\u0027\u003eC:\\Windows\\System32\\conhost.exe\u003c/Data\u003e\u003cData Name=\u0027TokenElevationType\u0027\u003e%%1936\u003c/Data\u003e\u003cData Name=\u0027ProcessId\u0027\u003e0x16bc\u003c/Data\u003e\u003cData Name=\u0027CommandLine\u0027\u003e\u003c/Data\u003e\u003cData Name=\u0027TargetUserSid\u0027\u003eS-1-0-0\u003c/Data\u003e\u003cData Name=\u0027TargetUserName\u0027\u003e-\u003c/Data\u003e\u003cData Name=\u0027TargetDomainName\u0027\u003e-\u003c/Data\u003e\u003cData Name=\u0027TargetLogonId\u0027\u003e0x0\u003c/Data\u003e\u003cData Name=\u0027ParentProcessName\u0027\u003eC:\\Windows\\System32\\WindowsPowerShell\\v1.0\\powershell.exe\u003c/Data\u003e\u003cData Name=\u0027MandatoryLabel\u0027\u003eS-1-16-8192\u003c/Data\u003e\u003c/EventData\u003e\u003c/Event\u003e","\u003cEvent xmlns=\u0027http://schemas.microsoft.com/win/2004/08/events/event\u0027\u003e\u003cSystem\u003e\u003cProvider Name=\u0027Microsoft-Windows-Security-Auditing\u0027 Guid=\u0027{54849625-5478-4994-a5ba-3e3b0328c30d}\u0027/\u003e\u003cEventID\u003e4688\u003c/EventID\u003e\u003cVersion\u003e2\u003c/Version\u003e\u003cLevel\u003e0\u003c/Level\u003e\u003cTask\u003e13312\u003c/Task\u003e\u003cOpcode\u003e0\u003c/Opcode\u003e\u003cKeywords\u003e0x8020000000000000\u003c/Keywords\u003e\u003cTimeCreated SystemTime=\u00272026-10-07T06:23:43.1405334Z\u0027/\u003e\u003cEventRecordID\u003e148636\u003c/EventRecordID\u003e\u003cCorrelation/\u003e\u003cExecution ProcessID=\u00274\u0027 ThreadID=\u0027204\u0027/\u003e\u003cChannel\u003eSecurity\u003c/Channel\u003e\u003cComputer\u003ewin10-debugged\u003c/Computer\u003e\u003cSecurity/\u003e\u003c/System\u003e\u003cEventData\u003e\u003cData Name=\u0027SubjectUserSid\u0027\u003eS-1-5-21-316478115-1595729549-2803163825-1066\u003c/Data\u003e\u003cData Name=\u0027SubjectUserName\u0027\u003esuifc2caed5add6\u003c/Data\u003e\u003cData Name=\u0027SubjectDomainName\u0027\u003eWIN10-DEBUGGED\u003c/Data\u003e\u003cData Name=\u0027SubjectLogonId\u0027\u003e0xee84d\u003c/Data\u003e\u003cData Name=\u0027NewProcessId\u0027\u003e0x172c\u003c/Data\u003e\u003cData Name=\u0027NewProcessName\u0027\u003eC:\\Windows\\Microsoft.NET\\Framework64\\v4.0.30319\\csc.exe\u003c/Data\u003e\u003cData Name=\u0027TokenElevationType\u0027\u003e%%1936\u003c/Data\u003e\u003cData Name=\u0027ProcessId\u0027\u003e0x16bc\u003c/Data\u003e\u003cData Name=\u0027CommandLine\u0027\u003e\u003c/Data\u003e\u003cData Name=\u0027TargetUserSid\u0027\u003eS-1-0-0\u003c/Data\u003e\u003cData Name=\u0027TargetUserName\u0027\u003e-\u003c/Data\u003e\u003cData Name=\u0027TargetDomainName\u0027\u003e-\u003c/Data\u003e\u003cData Name=\u0027TargetLogonId\u0027\u003e0x0\u003c/Data\u003e\u003cData Name=\u0027ParentProcessName\u0027\u003eC:\\Windows\\System32\\WindowsPowerShell\\v1.0\\powershell.exe\u003c/Data\u003e\u003cData Name=\u0027MandatoryLabel\u0027\u003eS-1-16-8192\u003c/Data\u003e\u003c/EventData\u003e\u003c/Event\u003e","\u003cEvent xmlns=\u0027http://schemas.microsoft.com/win/2004/08/events/event\u0027\u003e\u003cSystem\u003e\u003cProvider Name=\u0027Microsoft-Windows-Security-Auditing\u0027 Guid=\u0027{54849625-5478-4994-a5ba-3e3b0328c30d}\u0027/\u003e\u003cEventID\u003e4688\u003c/EventID\u003e\u003cVersion\u003e2\u003c/Version\u003e\u003cLevel\u003e0\u003c/Level\u003e\u003cTask\u003e13312\u003c/Task\u003e\u003cOpcode\u003e0\u003c/Opcode\u003e\u003cKeywords\u003e0x8020000000000000\u003c/Keywords\u003e\u003cTimeCreated SystemTime=\u00272026-10-07T06:23:43.2331491Z\u0027/\u003e\u003cEventRecordID\u003e148637\u003c/EventRecordID\u003e\u003cCorrelation/\u003e\u003cExecution ProcessID=\u00274\u0027 ThreadID=\u0027204\u0027/\u003e\u003cChannel\u003eSecurity\u003c/Channel\u003e\u003cComputer\u003ewin10-debugged\u003c/Computer\u003e\u003cSecurity/\u003e\u003c/System\u003e\u003cEventData\u003e\u003cData Name=\u0027SubjectUserSid\u0027\u003eS-1-5-21-316478115-1595729549-2803163825-1066\u003c/Data\u003e\u003cData Name=\u0027SubjectUserName\u0027\u003esuifc2caed5add6\u003c/Data\u003e\u003cData Name=\u0027SubjectDomainName\u0027\u003eWIN10-DEBUGGED\u003c/Data\u003e\u003cData Name=\u0027SubjectLogonId\u0027\u003e0xee84d\u003c/Data\u003e\u003cData Name=\u0027NewProcessId\u0027\u003e0x173c\u003c/Data\u003e\u003cData Name=\u0027NewProcessName\u0027\u003eC:\\Windows\\Microsoft.NET\\Framework64\\v4.0.30319\\cvtres.exe\u003c/Data\u003e\u003cData Name=\u0027TokenElevationType\u0027\u003e%%1936\u003c/Data\u003e\u003cData Name=\u0027ProcessId\u0027\u003e0x172c\u003c/Data\u003e\u003cData Name=\u0027CommandLine\u0027\u003e\u003c/Data\u003e\u003cData Name=\u0027TargetUserSid\u0027\u003eS-1-0-0\u003c/Data\u003e\u003cData Name=\u0027TargetUserName\u0027\u003e-\u003c/Data\u003e\u003cData Name=\u0027TargetDomainName\u0027\u003e-\u003c/Data\u003e\u003cData Name=\u0027TargetLogonId\u0027\u003e0x0\u003c/Data\u003e\u003cData Name=\u0027ParentProcessName\u0027\u003eC:\\Windows\\Microsoft.NET\\Framework64\\v4.0.30319\\csc.exe\u003c/Data\u003e\u003cData Name=\u0027MandatoryLabel\u0027\u003eS-1-16-8192\u003c/Data\u003e\u003c/EventData\u003e\u003c/Event\u003e","\u003cEvent xmlns=\u0027http://schemas.microsoft.com/win/2004/08/events/event\u0027\u003e\u003cSystem\u003e\u003cProvider Name=\u0027Microsoft-Windows-Security-Auditing\u0027 Guid=\u0027{54849625-5478-4994-a5ba-3e3b0328c30d}\u0027/\u003e\u003cEventID\u003e4799\u003c/EventID\u003e\u003cVersion\u003e0\u003c/Version\u003e\u003cLevel\u003e0\u003c/Level\u003e\u003cTask\u003e13826\u003c/Task\u003e\u003cOpcode\u003e0\u003c/Opcode\u003e\u003cKeywords\u003e0x8020000000000000\u003c/Keywords\u003e\u003cTimeCreated SystemTime=\u00272026-10-07T06:23:44.1142404Z\u0027/\u003e\u003cEventRecordID\u003e148638\u003c/EventRecordID\u003e\u003cCorrelation ActivityID=\u0027{4a446d85-5624-0000-206e-444a2456dd01}\u0027/\u003e\u003cExecution ProcessID=\u0027692\u0027 ThreadID=\u0027720\u0027/\u003e\u003cChannel\u003eSecurity\u003c/Channel\u003e\u003cComputer\u003ewin10-debugged\u003c/Computer\u003e\u003cSecurity/\u003e\u003c/System\u003e\u003cEventData\u003e\u003cData Name=\u0027TargetUserName\u0027\u003eAdministrators\u003c/Data\u003e\u003cData Name=\u0027TargetDomainName\u0027\u003eBuiltin\u003c/Data\u003e\u003cData Name=\u0027TargetSid\u0027\u003eS-1-5-32-544\u003c/Data\u003e\u003cData Name=\u0027SubjectUserSid\u0027\u003eS-1-5-18\u003c/Data\u003e\u003cData Name=\u0027SubjectUserName\u0027\u003eWIN10-DEBUGGED$\u003c/Data\u003e\u003cData Name=\u0027SubjectDomainName\u0027\u003eWORKGROUP\u003c/Data\u003e\u003cData Name=\u0027SubjectLogonId\u0027\u003e0x3e7\u003c/Data\u003e\u003cData Name=\u0027CallerProcessId\u0027\u003e0x690\u003c/Data\u003e\u003cData Name=\u0027CallerProcessName\u0027\u003eC:\\Windows\\System32\\WindowsPowerShell\\v1.0\\powershell.exe\u003c/Data\u003e\u003c/EventData\u003e\u003c/Event\u003e","\u003cEvent xmlns=\u0027http://schemas.microsoft.com/win/2004/08/events/event\u0027\u003e\u003cSystem\u003e\u003cProvider Name=\u0027Microsoft-Windows-Security-Auditing\u0027 Guid=\u0027{54849625-5478-4994-a5ba-3e3b0328c30d}\u0027/\u003e\u003cEventID\u003e4634\u003c/EventID\u003e\u003cVersion\u003e0\u003c/Version\u003e\u003cLevel\u003e0\u003c/Level\u003e\u003cTask\u003e12545\u003c/Task\u003e\u003cOpcode\u003e0\u003c/Opcode\u003e\u003cKeywords\u003e0x8020000000000000\u003c/Keywords\u003e\u003cTimeCreated SystemTime=\u00272026-10-07T06:23:45.2124003Z\u0027/\u003e\u003cEventRecordID\u003e148639\u003c/EventRecordID\u003e\u003cCorrelation/\u003e\u003cExecution ProcessID=\u0027692\u0027 ThreadID=\u0027720\u0027/\u003e\u003cChannel\u003eSecurity\u003c/Channel\u003e\u003cComputer\u003ewin10-debugged\u003c/Computer\u003e\u003cSecurity/\u003e\u003c/System\u003e\u003cEventData\u003e\u003cData Name=\u0027TargetUserSid\u0027\u003eS-1-5-21-316478115-1595729549-2803163825-1066\u003c/Data\u003e\u003cData Name=\u0027TargetUserName\u0027\u003esuifc2caed5add6\u003c/Data\u003e\u003cData Name=\u0027TargetDomainName\u0027\u003eWIN10-DEBUGGED\u003c/Data\u003e\u003cData Name=\u0027TargetLogonId\u0027\u003e0xee84d\u003c/Data\u003e\u003cData Name=\u0027LogonType\u0027\u003e4\u003c/Data\u003e\u003c/EventData\u003e\u003c/Event\u003e"]