["\u003cEvent xmlns=\u0027http://schemas.microsoft.com/win/2004/08/events/event\u0027\u003e\u003cSystem\u003e\u003cProvider Name=\u0027Microsoft-Windows-Security-Auditing\u0027 Guid=\u0027{54849625-5478-4994-a5ba-3e3b0328c30d}\u0027/\u003e\u003cEventID\u003e4688\u003c/EventID\u003e\u003cVersion\u003e2\u003c/Version\u003e\u003cLevel\u003e0\u003c/Level\u003e\u003cTask\u003e13312\u003c/Task\u003e\u003cOpcode\u003e0\u003c/Opcode\u003e\u003cKeywords\u003e0x8020000000000000\u003c/Keywords\u003e\u003cTimeCreated SystemTime=\u00272026-10-07T06:59:22.9627069Z\u0027/\u003e\u003cEventRecordID\u003e156598\u003c/EventRecordID\u003e\u003cCorrelation/\u003e\u003cExecution ProcessID=\u00274\u0027 ThreadID=\u00271328\u0027/\u003e\u003cChannel\u003eSecurity\u003c/Channel\u003e\u003cComputer\u003ewin10-debugged\u003c/Computer\u003e\u003cSecurity/\u003e\u003c/System\u003e\u003cEventData\u003e\u003cData Name=\u0027SubjectUserSid\u0027\u003eS-1-5-18\u003c/Data\u003e\u003cData Name=\u0027SubjectUserName\u0027\u003eWIN10-DEBUGGED$\u003c/Data\u003e\u003cData Name=\u0027SubjectDomainName\u0027\u003eWORKGROUP\u003c/Data\u003e\u003cData Name=\u0027SubjectLogonId\u0027\u003e0x3e7\u003c/Data\u003e\u003cData Name=\u0027NewProcessId\u0027\u003e0x1750\u003c/Data\u003e\u003cData Name=\u0027NewProcessName\u0027\u003eC:\\Windows\\Microsoft.NET\\Framework64\\v4.0.30319\\cvtres.exe\u003c/Data\u003e\u003cData Name=\u0027TokenElevationType\u0027\u003e%%1936\u003c/Data\u003e\u003cData Name=\u0027ProcessId\u0027\u003e0x1740\u003c/Data\u003e\u003cData Name=\u0027CommandLine\u0027\u003e\u003c/Data\u003e\u003cData Name=\u0027TargetUserSid\u0027\u003eS-1-0-0\u003c/Data\u003e\u003cData Name=\u0027TargetUserName\u0027\u003e-\u003c/Data\u003e\u003cData Name=\u0027TargetDomainName\u0027\u003e-\u003c/Data\u003e\u003cData Name=\u0027TargetLogonId\u0027\u003e0x0\u003c/Data\u003e\u003cData Name=\u0027ParentProcessName\u0027\u003eC:\\Windows\\Microsoft.NET\\Framework64\\v4.0.30319\\csc.exe\u003c/Data\u003e\u003cData Name=\u0027MandatoryLabel\u0027\u003eS-1-16-16384\u003c/Data\u003e\u003c/EventData\u003e\u003c/Event\u003e","\u003cEvent xmlns=\u0027http://schemas.microsoft.com/win/2004/08/events/event\u0027\u003e\u003cSystem\u003e\u003cProvider Name=\u0027Microsoft-Windows-Security-Auditing\u0027 Guid=\u0027{54849625-5478-4994-a5ba-3e3b0328c30d}\u0027/\u003e\u003cEventID\u003e4688\u003c/EventID\u003e\u003cVersion\u003e2\u003c/Version\u003e\u003cLevel\u003e0\u003c/Level\u003e\u003cTask\u003e13312\u003c/Task\u003e\u003cOpcode\u003e0\u003c/Opcode\u003e\u003cKeywords\u003e0x8020000000000000\u003c/Keywords\u003e\u003cTimeCreated SystemTime=\u00272026-10-07T06:59:27.3375824Z\u0027/\u003e\u003cEventRecordID\u003e156599\u003c/EventRecordID\u003e\u003cCorrelation/\u003e\u003cExecution ProcessID=\u00274\u0027 ThreadID=\u002732\u0027/\u003e\u003cChannel\u003eSecurity\u003c/Channel\u003e\u003cComputer\u003ewin10-debugged\u003c/Computer\u003e\u003cSecurity/\u003e\u003c/System\u003e\u003cEventData\u003e\u003cData Name=\u0027SubjectUserSid\u0027\u003eS-1-5-18\u003c/Data\u003e\u003cData Name=\u0027SubjectUserName\u0027\u003eWIN10-DEBUGGED$\u003c/Data\u003e\u003cData Name=\u0027SubjectDomainName\u0027\u003eWORKGROUP\u003c/Data\u003e\u003cData Name=\u0027SubjectLogonId\u0027\u003e0x3e7\u003c/Data\u003e\u003cData Name=\u0027NewProcessId\u0027\u003e0x1784\u003c/Data\u003e\u003cData Name=\u0027NewProcessName\u0027\u003eC:\\Windows\\Microsoft.NET\\Framework64\\v4.0.30319\\csc.exe\u003c/Data\u003e\u003cData Name=\u0027TokenElevationType\u0027\u003e%%1936\u003c/Data\u003e\u003cData Name=\u0027ProcessId\u0027\u003e0x628\u003c/Data\u003e\u003cData Name=\u0027CommandLine\u0027\u003e\u003c/Data\u003e\u003cData Name=\u0027TargetUserSid\u0027\u003eS-1-0-0\u003c/Data\u003e\u003cData Name=\u0027TargetUserName\u0027\u003e-\u003c/Data\u003e\u003cData Name=\u0027TargetDomainName\u0027\u003e-\u003c/Data\u003e\u003cData Name=\u0027TargetLogonId\u0027\u003e0x0\u003c/Data\u003e\u003cData Name=\u0027ParentProcessName\u0027\u003eC:\\Windows\\System32\\WindowsPowerShell\\v1.0\\powershell.exe\u003c/Data\u003e\u003cData Name=\u0027MandatoryLabel\u0027\u003eS-1-16-16384\u003c/Data\u003e\u003c/EventData\u003e\u003c/Event\u003e","\u003cEvent xmlns=\u0027http://schemas.microsoft.com/win/2004/08/events/event\u0027\u003e\u003cSystem\u003e\u003cProvider Name=\u0027Microsoft-Windows-Security-Auditing\u0027 Guid=\u0027{54849625-5478-4994-a5ba-3e3b0328c30d}\u0027/\u003e\u003cEventID\u003e4688\u003c/EventID\u003e\u003cVersion\u003e2\u003c/Version\u003e\u003cLevel\u003e0\u003c/Level\u003e\u003cTask\u003e13312\u003c/Task\u003e\u003cOpcode\u003e0\u003c/Opcode\u003e\u003cKeywords\u003e0x8020000000000000\u003c/Keywords\u003e\u003cTimeCreated SystemTime=\u00272026-10-07T06:59:27.4570068Z\u0027/\u003e\u003cEventRecordID\u003e156600\u003c/EventRecordID\u003e\u003cCorrelation/\u003e\u003cExecution ProcessID=\u00274\u0027 ThreadID=\u0027240\u0027/\u003e\u003cChannel\u003eSecurity\u003c/Channel\u003e\u003cComputer\u003ewin10-debugged\u003c/Computer\u003e\u003cSecurity/\u003e\u003c/System\u003e\u003cEventData\u003e\u003cData Name=\u0027SubjectUserSid\u0027\u003eS-1-5-18\u003c/Data\u003e\u003cData Name=\u0027SubjectUserName\u0027\u003eWIN10-DEBUGGED$\u003c/Data\u003e\u003cData Name=\u0027SubjectDomainName\u0027\u003eWORKGROUP\u003c/Data\u003e\u003cData Name=\u0027SubjectLogonId\u0027\u003e0x3e7\u003c/Data\u003e\u003cData Name=\u0027NewProcessId\u0027\u003e0x1794\u003c/Data\u003e\u003cData Name=\u0027NewProcessName\u0027\u003eC:\\Windows\\Microsoft.NET\\Framework64\\v4.0.30319\\cvtres.exe\u003c/Data\u003e\u003cData Name=\u0027TokenElevationType\u0027\u003e%%1936\u003c/Data\u003e\u003cData Name=\u0027ProcessId\u0027\u003e0x1784\u003c/Data\u003e\u003cData Name=\u0027CommandLine\u0027\u003e\u003c/Data\u003e\u003cData Name=\u0027TargetUserSid\u0027\u003eS-1-0-0\u003c/Data\u003e\u003cData Name=\u0027TargetUserName\u0027\u003e-\u003c/Data\u003e\u003cData Name=\u0027TargetDomainName\u0027\u003e-\u003c/Data\u003e\u003cData Name=\u0027TargetLogonId\u0027\u003e0x0\u003c/Data\u003e\u003cData Name=\u0027ParentProcessName\u0027\u003eC:\\Windows\\Microsoft.NET\\Framework64\\v4.0.30319\\csc.exe\u003c/Data\u003e\u003cData Name=\u0027MandatoryLabel\u0027\u003eS-1-16-16384\u003c/Data\u003e\u003c/EventData\u003e\u003c/Event\u003e","\u003cEvent xmlns=\u0027http://schemas.microsoft.com/win/2004/08/events/event\u0027\u003e\u003cSystem\u003e\u003cProvider Name=\u0027Microsoft-Windows-Security-Auditing\u0027 Guid=\u0027{54849625-5478-4994-a5ba-3e3b0328c30d}\u0027/\u003e\u003cEventID\u003e4688\u003c/EventID\u003e\u003cVersion\u003e2\u003c/Version\u003e\u003cLevel\u003e0\u003c/Level\u003e\u003cTask\u003e13312\u003c/Task\u003e\u003cOpcode\u003e0\u003c/Opcode\u003e\u003cKeywords\u003e0x8020000000000000\u003c/Keywords\u003e\u003cTimeCreated SystemTime=\u00272026-10-07T06:59:28.0020900Z\u0027/\u003e\u003cEventRecordID\u003e156601\u003c/EventRecordID\u003e\u003cCorrelation/\u003e\u003cExecution ProcessID=\u00274\u0027 ThreadID=\u002732\u0027/\u003e\u003cChannel\u003eSecurity\u003c/Channel\u003e\u003cComputer\u003ewin10-debugged\u003c/Computer\u003e\u003cSecurity/\u003e\u003c/System\u003e\u003cEventData\u003e\u003cData Name=\u0027SubjectUserSid\u0027\u003eS-1-5-18\u003c/Data\u003e\u003cData Name=\u0027SubjectUserName\u0027\u003eWIN10-DEBUGGED$\u003c/Data\u003e\u003cData Name=\u0027SubjectDomainName\u0027\u003eWORKGROUP\u003c/Data\u003e\u003cData Name=\u0027SubjectLogonId\u0027\u003e0x3e7\u003c/Data\u003e\u003cData Name=\u0027NewProcessId\u0027\u003e0x17a4\u003c/Data\u003e\u003cData Name=\u0027NewProcessName\u0027\u003eC:\\Windows\\Microsoft.NET\\Framework64\\v4.0.30319\\csc.exe\u003c/Data\u003e\u003cData Name=\u0027TokenElevationType\u0027\u003e%%1936\u003c/Data\u003e\u003cData Name=\u0027ProcessId\u0027\u003e0x628\u003c/Data\u003e\u003cData Name=\u0027CommandLine\u0027\u003e\u003c/Data\u003e\u003cData Name=\u0027TargetUserSid\u0027\u003eS-1-0-0\u003c/Data\u003e\u003cData Name=\u0027TargetUserName\u0027\u003e-\u003c/Data\u003e\u003cData Name=\u0027TargetDomainName\u0027\u003e-\u003c/Data\u003e\u003cData Name=\u0027TargetLogonId\u0027\u003e0x0\u003c/Data\u003e\u003cData Name=\u0027ParentProcessName\u0027\u003eC:\\Windows\\System32\\WindowsPowerShell\\v1.0\\powershell.exe\u003c/Data\u003e\u003cData Name=\u0027MandatoryLabel\u0027\u003eS-1-16-16384\u003c/Data\u003e\u003c/EventData\u003e\u003c/Event\u003e","\u003cEvent xmlns=\u0027http://schemas.microsoft.com/win/2004/08/events/event\u0027\u003e\u003cSystem\u003e\u003cProvider Name=\u0027Microsoft-Windows-Security-Auditing\u0027 Guid=\u0027{54849625-5478-4994-a5ba-3e3b0328c30d}\u0027/\u003e\u003cEventID\u003e4688\u003c/EventID\u003e\u003cVersion\u003e2\u003c/Version\u003e\u003cLevel\u003e0\u003c/Level\u003e\u003cTask\u003e13312\u003c/Task\u003e\u003cOpcode\u003e0\u003c/Opcode\u003e\u003cKeywords\u003e0x8020000000000000\u003c/Keywords\u003e\u003cTimeCreated SystemTime=\u00272026-10-07T06:59:28.1243470Z\u0027/\u003e\u003cEventRecordID\u003e156602\u003c/EventRecordID\u003e\u003cCorrelation/\u003e\u003cExecution ProcessID=\u00274\u0027 ThreadID=\u002732\u0027/\u003e\u003cChannel\u003eSecurity\u003c/Channel\u003e\u003cComputer\u003ewin10-debugged\u003c/Computer\u003e\u003cSecurity/\u003e\u003c/System\u003e\u003cEventData\u003e\u003cData Name=\u0027SubjectUserSid\u0027\u003eS-1-5-18\u003c/Data\u003e\u003cData Name=\u0027SubjectUserName\u0027\u003eWIN10-DEBUGGED$\u003c/Data\u003e\u003cData Name=\u0027SubjectDomainName\u0027\u003eWORKGROUP\u003c/Data\u003e\u003cData Name=\u0027SubjectLogonId\u0027\u003e0x3e7\u003c/Data\u003e\u003cData Name=\u0027NewProcessId\u0027\u003e0x17b4\u003c/Data\u003e\u003cData Name=\u0027NewProcessName\u0027\u003eC:\\Windows\\Microsoft.NET\\Framework64\\v4.0.30319\\cvtres.exe\u003c/Data\u003e\u003cData Name=\u0027TokenElevationType\u0027\u003e%%1936\u003c/Data\u003e\u003cData Name=\u0027ProcessId\u0027\u003e0x17a4\u003c/Data\u003e\u003cData Name=\u0027CommandLine\u0027\u003e\u003c/Data\u003e\u003cData Name=\u0027TargetUserSid\u0027\u003eS-1-0-0\u003c/Data\u003e\u003cData Name=\u0027TargetUserName\u0027\u003e-\u003c/Data\u003e\u003cData Name=\u0027TargetDomainName\u0027\u003e-\u003c/Data\u003e\u003cData Name=\u0027TargetLogonId\u0027\u003e0x0\u003c/Data\u003e\u003cData Name=\u0027ParentProcessName\u0027\u003eC:\\Windows\\Microsoft.NET\\Framework64\\v4.0.30319\\csc.exe\u003c/Data\u003e\u003cData Name=\u0027MandatoryLabel\u0027\u003eS-1-16-16384\u003c/Data\u003e\u003c/EventData\u003e\u003c/Event\u003e","\u003cEvent xmlns=\u0027http://schemas.microsoft.com/win/2004/08/events/event\u0027\u003e\u003cSystem\u003e\u003cProvider Name=\u0027Microsoft-Windows-Security-Auditing\u0027 Guid=\u0027{54849625-5478-4994-a5ba-3e3b0328c30d}\u0027/\u003e\u003cEventID\u003e4688\u003c/EventID\u003e\u003cVersion\u003e2\u003c/Version\u003e\u003cLevel\u003e0\u003c/Level\u003e\u003cTask\u003e13312\u003c/Task\u003e\u003cOpcode\u003e0\u003c/Opcode\u003e\u003cKeywords\u003e0x8020000000000000\u003c/Keywords\u003e\u003cTimeCreated SystemTime=\u00272026-10-07T06:59:28.8419182Z\u0027/\u003e\u003cEventRecordID\u003e156603\u003c/EventRecordID\u003e\u003cCorrelation/\u003e\u003cExecution ProcessID=\u00274\u0027 ThreadID=\u002732\u0027/\u003e\u003cChannel\u003eSecurity\u003c/Channel\u003e\u003cComputer\u003ewin10-debugged\u003c/Computer\u003e\u003cSecurity/\u003e\u003c/System\u003e\u003cEventData\u003e\u003cData Name=\u0027SubjectUserSid\u0027\u003eS-1-5-18\u003c/Data\u003e\u003cData Name=\u0027SubjectUserName\u0027\u003eWIN10-DEBUGGED$\u003c/Data\u003e\u003cData Name=\u0027SubjectDomainName\u0027\u003eWORKGROUP\u003c/Data\u003e\u003cData Name=\u0027SubjectLogonId\u0027\u003e0x3e7\u003c/Data\u003e\u003cData Name=\u0027NewProcessId\u0027\u003e0x17c8\u003c/Data\u003e\u003cData Name=\u0027NewProcessName\u0027\u003eC:\\Windows\\System32\\fsutil.exe\u003c/Data\u003e\u003cData Name=\u0027TokenElevationType\u0027\u003e%%1936\u003c/Data\u003e\u003cData Name=\u0027ProcessId\u0027\u003e0x628\u003c/Data\u003e\u003cData Name=\u0027CommandLine\u0027\u003e\u003c/Data\u003e\u003cData Name=\u0027TargetUserSid\u0027\u003eS-1-0-0\u003c/Data\u003e\u003cData Name=\u0027TargetUserName\u0027\u003e-\u003c/Data\u003e\u003cData Name=\u0027TargetDomainName\u0027\u003e-\u003c/Data\u003e\u003cData Name=\u0027TargetLogonId\u0027\u003e0x0\u003c/Data\u003e\u003cData Name=\u0027ParentProcessName\u0027\u003eC:\\Windows\\System32\\WindowsPowerShell\\v1.0\\powershell.exe\u003c/Data\u003e\u003cData Name=\u0027MandatoryLabel\u0027\u003eS-1-16-16384\u003c/Data\u003e\u003c/EventData\u003e\u003c/Event\u003e","\u003cEvent xmlns=\u0027http://schemas.microsoft.com/win/2004/08/events/event\u0027\u003e\u003cSystem\u003e\u003cProvider Name=\u0027Microsoft-Windows-Security-Auditing\u0027 Guid=\u0027{54849625-5478-4994-a5ba-3e3b0328c30d}\u0027/\u003e\u003cEventID\u003e4648\u003c/EventID\u003e\u003cVersion\u003e0\u003c/Version\u003e\u003cLevel\u003e0\u003c/Level\u003e\u003cTask\u003e12544\u003c/Task\u003e\u003cOpcode\u003e0\u003c/Opcode\u003e\u003cKeywords\u003e0x8020000000000000\u003c/Keywords\u003e\u003cTimeCreated SystemTime=\u00272026-10-07T06:59:30.7695128Z\u0027/\u003e\u003cEventRecordID\u003e156604\u003c/EventRecordID\u003e\u003cCorrelation ActivityID=\u0027{4b2bd43d-5629-0000-dfd4-2b4b2956dd01}\u0027/\u003e\u003cExecution ProcessID=\u0027684\u0027 ThreadID=\u0027712\u0027/\u003e\u003cChannel\u003eSecurity\u003c/Channel\u003e\u003cComputer\u003ewin10-debugged\u003c/Computer\u003e\u003cSecurity/\u003e\u003c/System\u003e\u003cEventData\u003e\u003cData Name=\u0027SubjectUserSid\u0027\u003eS-1-5-18\u003c/Data\u003e\u003cData Name=\u0027SubjectUserName\u0027\u003eWIN10-DEBUGGED$\u003c/Data\u003e\u003cData Name=\u0027SubjectDomainName\u0027\u003eWORKGROUP\u003c/Data\u003e\u003cData Name=\u0027SubjectLogonId\u0027\u003e0x3e7\u003c/Data\u003e\u003cData Name=\u0027LogonGuid\u0027\u003e{00000000-0000-0000-0000-000000000000}\u003c/Data\u003e\u003cData Name=\u0027TargetUserName\u0027\u003esuiaba6f69cd351\u003c/Data\u003e\u003cData Name=\u0027TargetDomainName\u0027\u003eWIN10-DEBUGGED\u003c/Data\u003e\u003cData Name=\u0027TargetLogonGuid\u0027\u003e{00000000-0000-0000-0000-000000000000}\u003c/Data\u003e\u003cData Name=\u0027TargetServerName\u0027\u003elocalhost\u003c/Data\u003e\u003cData Name=\u0027TargetInfo\u0027\u003elocalhost\u003c/Data\u003e\u003cData Name=\u0027ProcessId\u0027\u003e0x4b8\u003c/Data\u003e\u003cData Name=\u0027ProcessName\u0027\u003eC:\\Windows\\System32\\svchost.exe\u003c/Data\u003e\u003cData Name=\u0027IpAddress\u0027\u003e-\u003c/Data\u003e\u003cData Name=\u0027IpPort\u0027\u003e-\u003c/Data\u003e\u003c/EventData\u003e\u003c/Event\u003e","\u003cEvent xmlns=\u0027http://schemas.microsoft.com/win/2004/08/events/event\u0027\u003e\u003cSystem\u003e\u003cProvider Name=\u0027Microsoft-Windows-Security-Auditing\u0027 Guid=\u0027{54849625-5478-4994-a5ba-3e3b0328c30d}\u0027/\u003e\u003cEventID\u003e4624\u003c/EventID\u003e\u003cVersion\u003e2\u003c/Version\u003e\u003cLevel\u003e0\u003c/Level\u003e\u003cTask\u003e12544\u003c/Task\u003e\u003cOpcode\u003e0\u003c/Opcode\u003e\u003cKeywords\u003e0x8020000000000000\u003c/Keywords\u003e\u003cTimeCreated SystemTime=\u00272026-10-07T06:59:30.7695220Z\u0027/\u003e\u003cEventRecordID\u003e156605\u003c/EventRecordID\u003e\u003cCorrelation ActivityID=\u0027{4b2bd43d-5629-0000-dfd4-2b4b2956dd01}\u0027/\u003e\u003cExecution ProcessID=\u0027684\u0027 ThreadID=\u0027712\u0027/\u003e\u003cChannel\u003eSecurity\u003c/Channel\u003e\u003cComputer\u003ewin10-debugged\u003c/Computer\u003e\u003cSecurity/\u003e\u003c/System\u003e\u003cEventData\u003e\u003cData Name=\u0027SubjectUserSid\u0027\u003eS-1-5-18\u003c/Data\u003e\u003cData Name=\u0027SubjectUserName\u0027\u003eWIN10-DEBUGGED$\u003c/Data\u003e\u003cData Name=\u0027SubjectDomainName\u0027\u003eWORKGROUP\u003c/Data\u003e\u003cData Name=\u0027SubjectLogonId\u0027\u003e0x3e7\u003c/Data\u003e\u003cData Name=\u0027TargetUserSid\u0027\u003eS-1-5-21-316478115-1595729549-2803163825-1074\u003c/Data\u003e\u003cData Name=\u0027TargetUserName\u0027\u003esuiaba6f69cd351\u003c/Data\u003e\u003cData Name=\u0027TargetDomainName\u0027\u003eWIN10-DEBUGGED\u003c/Data\u003e\u003cData Name=\u0027TargetLogonId\u0027\u003e0x11280b\u003c/Data\u003e\u003cData Name=\u0027LogonType\u0027\u003e4\u003c/Data\u003e\u003cData Name=\u0027LogonProcessName\u0027\u003eAdvapi  \u003c/Data\u003e\u003cData Name=\u0027AuthenticationPackageName\u0027\u003eNegotiate\u003c/Data\u003e\u003cData Name=\u0027WorkstationName\u0027\u003eWIN10-DEBUGGED\u003c/Data\u003e\u003cData Name=\u0027LogonGuid\u0027\u003e{00000000-0000-0000-0000-000000000000}\u003c/Data\u003e\u003cData Name=\u0027TransmittedServices\u0027\u003e-\u003c/Data\u003e\u003cData Name=\u0027LmPackageName\u0027\u003e-\u003c/Data\u003e\u003cData Name=\u0027KeyLength\u0027\u003e0\u003c/Data\u003e\u003cData Name=\u0027ProcessId\u0027\u003e0x4b8\u003c/Data\u003e\u003cData Name=\u0027ProcessName\u0027\u003eC:\\Windows\\System32\\svchost.exe\u003c/Data\u003e\u003cData Name=\u0027IpAddress\u0027\u003e-\u003c/Data\u003e\u003cData Name=\u0027IpPort\u0027\u003e-\u003c/Data\u003e\u003cData Name=\u0027ImpersonationLevel\u0027\u003e%%1833\u003c/Data\u003e\u003cData Name=\u0027RestrictedAdminMode\u0027\u003e-\u003c/Data\u003e\u003cData Name=\u0027TargetOutboundUserName\u0027\u003e-\u003c/Data\u003e\u003cData Name=\u0027TargetOutboundDomainName\u0027\u003e-\u003c/Data\u003e\u003cData Name=\u0027VirtualAccount\u0027\u003e%%1843\u003c/Data\u003e\u003cData Name=\u0027TargetLinkedLogonId\u0027\u003e0x0\u003c/Data\u003e\u003cData Name=\u0027ElevatedToken\u0027\u003e%%1843\u003c/Data\u003e\u003c/EventData\u003e\u003c/Event\u003e","\u003cEvent xmlns=\u0027http://schemas.microsoft.com/win/2004/08/events/event\u0027\u003e\u003cSystem\u003e\u003cProvider Name=\u0027Microsoft-Windows-Security-Auditing\u0027 Guid=\u0027{54849625-5478-4994-a5ba-3e3b0328c30d}\u0027/\u003e\u003cEventID\u003e4634\u003c/EventID\u003e\u003cVersion\u003e0\u003c/Version\u003e\u003cLevel\u003e0\u003c/Level\u003e\u003cTask\u003e12545\u003c/Task\u003e\u003cOpcode\u003e0\u003c/Opcode\u003e\u003cKeywords\u003e0x8020000000000000\u003c/Keywords\u003e\u003cTimeCreated SystemTime=\u00272026-10-07T06:59:30.7698241Z\u0027/\u003e\u003cEventRecordID\u003e156606\u003c/EventRecordID\u003e\u003cCorrelation/\u003e\u003cExecution ProcessID=\u0027684\u0027 ThreadID=\u0027712\u0027/\u003e\u003cChannel\u003eSecurity\u003c/Channel\u003e\u003cComputer\u003ewin10-debugged\u003c/Computer\u003e\u003cSecurity/\u003e\u003c/System\u003e\u003cEventData\u003e\u003cData Name=\u0027TargetUserSid\u0027\u003eS-1-5-21-316478115-1595729549-2803163825-1074\u003c/Data\u003e\u003cData Name=\u0027TargetUserName\u0027\u003esuiaba6f69cd351\u003c/Data\u003e\u003cData Name=\u0027TargetDomainName\u0027\u003eWIN10-DEBUGGED\u003c/Data\u003e\u003cData Name=\u0027TargetLogonId\u0027\u003e0x11280b\u003c/Data\u003e\u003cData Name=\u0027LogonType\u0027\u003e4\u003c/Data\u003e\u003c/EventData\u003e\u003c/Event\u003e","\u003cEvent xmlns=\u0027http://schemas.microsoft.com/win/2004/08/events/event\u0027\u003e\u003cSystem\u003e\u003cProvider Name=\u0027Microsoft-Windows-Security-Auditing\u0027 Guid=\u0027{54849625-5478-4994-a5ba-3e3b0328c30d}\u0027/\u003e\u003cEventID\u003e4648\u003c/EventID\u003e\u003cVersion\u003e0\u003c/Version\u003e\u003cLevel\u003e0\u003c/Level\u003e\u003cTask\u003e12544\u003c/Task\u003e\u003cOpcode\u003e0\u003c/Opcode\u003e\u003cKeywords\u003e0x8020000000000000\u003c/Keywords\u003e\u003cTimeCreated SystemTime=\u00272026-10-07T06:59:30.7721531Z\u0027/\u003e\u003cEventRecordID\u003e156607\u003c/EventRecordID\u003e\u003cCorrelation ActivityID=\u0027{4b2bd43d-5629-0000-dfd4-2b4b2956dd01}\u0027/\u003e\u003cExecution ProcessID=\u0027684\u0027 ThreadID=\u0027712\u0027/\u003e\u003cChannel\u003eSecurity\u003c/Channel\u003e\u003cComputer\u003ewin10-debugged\u003c/Computer\u003e\u003cSecurity/\u003e\u003c/System\u003e\u003cEventData\u003e\u003cData Name=\u0027SubjectUserSid\u0027\u003eS-1-5-18\u003c/Data\u003e\u003cData Name=\u0027SubjectUserName\u0027\u003eWIN10-DEBUGGED$\u003c/Data\u003e\u003cData Name=\u0027SubjectDomainName\u0027\u003eWORKGROUP\u003c/Data\u003e\u003cData Name=\u0027SubjectLogonId\u0027\u003e0x3e7\u003c/Data\u003e\u003cData Name=\u0027LogonGuid\u0027\u003e{00000000-0000-0000-0000-000000000000}\u003c/Data\u003e\u003cData Name=\u0027TargetUserName\u0027\u003esuiaba6f69cd351\u003c/Data\u003e\u003cData Name=\u0027TargetDomainName\u0027\u003eWIN10-DEBUGGED\u003c/Data\u003e\u003cData Name=\u0027TargetLogonGuid\u0027\u003e{00000000-0000-0000-0000-000000000000}\u003c/Data\u003e\u003cData Name=\u0027TargetServerName\u0027\u003elocalhost\u003c/Data\u003e\u003cData Name=\u0027TargetInfo\u0027\u003elocalhost\u003c/Data\u003e\u003cData Name=\u0027ProcessId\u0027\u003e0x4b8\u003c/Data\u003e\u003cData Name=\u0027ProcessName\u0027\u003eC:\\Windows\\System32\\svchost.exe\u003c/Data\u003e\u003cData Name=\u0027IpAddress\u0027\u003e-\u003c/Data\u003e\u003cData Name=\u0027IpPort\u0027\u003e-\u003c/Data\u003e\u003c/EventData\u003e\u003c/Event\u003e","\u003cEvent xmlns=\u0027http://schemas.microsoft.com/win/2004/08/events/event\u0027\u003e\u003cSystem\u003e\u003cProvider Name=\u0027Microsoft-Windows-Security-Auditing\u0027 Guid=\u0027{54849625-5478-4994-a5ba-3e3b0328c30d}\u0027/\u003e\u003cEventID\u003e4624\u003c/EventID\u003e\u003cVersion\u003e2\u003c/Version\u003e\u003cLevel\u003e0\u003c/Level\u003e\u003cTask\u003e12544\u003c/Task\u003e\u003cOpcode\u003e0\u003c/Opcode\u003e\u003cKeywords\u003e0x8020000000000000\u003c/Keywords\u003e\u003cTimeCreated SystemTime=\u00272026-10-07T06:59:30.7721617Z\u0027/\u003e\u003cEventRecordID\u003e156608\u003c/EventRecordID\u003e\u003cCorrelation ActivityID=\u0027{4b2bd43d-5629-0000-dfd4-2b4b2956dd01}\u0027/\u003e\u003cExecution ProcessID=\u0027684\u0027 ThreadID=\u0027712\u0027/\u003e\u003cChannel\u003eSecurity\u003c/Channel\u003e\u003cComputer\u003ewin10-debugged\u003c/Computer\u003e\u003cSecurity/\u003e\u003c/System\u003e\u003cEventData\u003e\u003cData Name=\u0027SubjectUserSid\u0027\u003eS-1-5-18\u003c/Data\u003e\u003cData Name=\u0027SubjectUserName\u0027\u003eWIN10-DEBUGGED$\u003c/Data\u003e\u003cData Name=\u0027SubjectDomainName\u0027\u003eWORKGROUP\u003c/Data\u003e\u003cData Name=\u0027SubjectLogonId\u0027\u003e0x3e7\u003c/Data\u003e\u003cData Name=\u0027TargetUserSid\u0027\u003eS-1-5-21-316478115-1595729549-2803163825-1074\u003c/Data\u003e\u003cData Name=\u0027TargetUserName\u0027\u003esuiaba6f69cd351\u003c/Data\u003e\u003cData Name=\u0027TargetDomainName\u0027\u003eWIN10-DEBUGGED\u003c/Data\u003e\u003cData Name=\u0027TargetLogonId\u0027\u003e0x112904\u003c/Data\u003e\u003cData Name=\u0027LogonType\u0027\u003e4\u003c/Data\u003e\u003cData Name=\u0027LogonProcessName\u0027\u003eAdvapi  \u003c/Data\u003e\u003cData Name=\u0027AuthenticationPackageName\u0027\u003eNegotiate\u003c/Data\u003e\u003cData Name=\u0027WorkstationName\u0027\u003eWIN10-DEBUGGED\u003c/Data\u003e\u003cData Name=\u0027LogonGuid\u0027\u003e{00000000-0000-0000-0000-000000000000}\u003c/Data\u003e\u003cData Name=\u0027TransmittedServices\u0027\u003e-\u003c/Data\u003e\u003cData Name=\u0027LmPackageName\u0027\u003e-\u003c/Data\u003e\u003cData Name=\u0027KeyLength\u0027\u003e0\u003c/Data\u003e\u003cData Name=\u0027ProcessId\u0027\u003e0x4b8\u003c/Data\u003e\u003cData Name=\u0027ProcessName\u0027\u003eC:\\Windows\\System32\\svchost.exe\u003c/Data\u003e\u003cData Name=\u0027IpAddress\u0027\u003e-\u003c/Data\u003e\u003cData Name=\u0027IpPort\u0027\u003e-\u003c/Data\u003e\u003cData Name=\u0027ImpersonationLevel\u0027\u003e%%1833\u003c/Data\u003e\u003cData Name=\u0027RestrictedAdminMode\u0027\u003e-\u003c/Data\u003e\u003cData Name=\u0027TargetOutboundUserName\u0027\u003e-\u003c/Data\u003e\u003cData Name=\u0027TargetOutboundDomainName\u0027\u003e-\u003c/Data\u003e\u003cData Name=\u0027VirtualAccount\u0027\u003e%%1843\u003c/Data\u003e\u003cData Name=\u0027TargetLinkedLogonId\u0027\u003e0x0\u003c/Data\u003e\u003cData Name=\u0027ElevatedToken\u0027\u003e%%1843\u003c/Data\u003e\u003c/EventData\u003e\u003c/Event\u003e","\u003cEvent xmlns=\u0027http://schemas.microsoft.com/win/2004/08/events/event\u0027\u003e\u003cSystem\u003e\u003cProvider Name=\u0027Microsoft-Windows-Security-Auditing\u0027 Guid=\u0027{54849625-5478-4994-a5ba-3e3b0328c30d}\u0027/\u003e\u003cEventID\u003e4688\u003c/EventID\u003e\u003cVersion\u003e2\u003c/Version\u003e\u003cLevel\u003e0\u003c/Level\u003e\u003cTask\u003e13312\u003c/Task\u003e\u003cOpcode\u003e0\u003c/Opcode\u003e\u003cKeywords\u003e0x8020000000000000\u003c/Keywords\u003e\u003cTimeCreated SystemTime=\u00272026-10-07T06:59:31.0800634Z\u0027/\u003e\u003cEventRecordID\u003e156609\u003c/EventRecordID\u003e\u003cCorrelation/\u003e\u003cExecution ProcessID=\u00274\u0027 ThreadID=\u0027240\u0027/\u003e\u003cChannel\u003eSecurity\u003c/Channel\u003e\u003cComputer\u003ewin10-debugged\u003c/Computer\u003e\u003cSecurity/\u003e\u003c/System\u003e\u003cEventData\u003e\u003cData Name=\u0027SubjectUserSid\u0027\u003eS-1-5-18\u003c/Data\u003e\u003cData Name=\u0027SubjectUserName\u0027\u003eWIN10-DEBUGGED$\u003c/Data\u003e\u003cData Name=\u0027SubjectDomainName\u0027\u003eWORKGROUP\u003c/Data\u003e\u003cData Name=\u0027SubjectLogonId\u0027\u003e0x3e7\u003c/Data\u003e\u003cData Name=\u0027NewProcessId\u0027\u003e0x1440\u003c/Data\u003e\u003cData Name=\u0027NewProcessName\u0027\u003eC:\\Windows\\System32\\WindowsPowerShell\\v1.0\\powershell.exe\u003c/Data\u003e\u003cData Name=\u0027TokenElevationType\u0027\u003e%%1936\u003c/Data\u003e\u003cData Name=\u0027ProcessId\u0027\u003e0x4b8\u003c/Data\u003e\u003cData Name=\u0027CommandLine\u0027\u003e\u003c/Data\u003e\u003cData Name=\u0027TargetUserSid\u0027\u003eS-1-0-0\u003c/Data\u003e\u003cData Name=\u0027TargetUserName\u0027\u003esuiaba6f69cd351\u003c/Data\u003e\u003cData Name=\u0027TargetDomainName\u0027\u003eWIN10-DEBUGGED\u003c/Data\u003e\u003cData Name=\u0027TargetLogonId\u0027\u003e0x112904\u003c/Data\u003e\u003cData Name=\u0027ParentProcessName\u0027\u003eC:\\Windows\\System32\\svchost.exe\u003c/Data\u003e\u003cData Name=\u0027MandatoryLabel\u0027\u003eS-1-16-8192\u003c/Data\u003e\u003c/EventData\u003e\u003c/Event\u003e","\u003cEvent xmlns=\u0027http://schemas.microsoft.com/win/2004/08/events/event\u0027\u003e\u003cSystem\u003e\u003cProvider Name=\u0027Microsoft-Windows-Security-Auditing\u0027 Guid=\u0027{54849625-5478-4994-a5ba-3e3b0328c30d}\u0027/\u003e\u003cEventID\u003e4688\u003c/EventID\u003e\u003cVersion\u003e2\u003c/Version\u003e\u003cLevel\u003e0\u003c/Level\u003e\u003cTask\u003e13312\u003c/Task\u003e\u003cOpcode\u003e0\u003c/Opcode\u003e\u003cKeywords\u003e0x8020000000000000\u003c/Keywords\u003e\u003cTimeCreated SystemTime=\u00272026-10-07T06:59:31.0836731Z\u0027/\u003e\u003cEventRecordID\u003e156610\u003c/EventRecordID\u003e\u003cCorrelation/\u003e\u003cExecution ProcessID=\u00274\u0027 ThreadID=\u0027240\u0027/\u003e\u003cChannel\u003eSecurity\u003c/Channel\u003e\u003cComputer\u003ewin10-debugged\u003c/Computer\u003e\u003cSecurity/\u003e\u003c/System\u003e\u003cEventData\u003e\u003cData Name=\u0027SubjectUserSid\u0027\u003eS-1-5-21-316478115-1595729549-2803163825-1074\u003c/Data\u003e\u003cData Name=\u0027SubjectUserName\u0027\u003esuiaba6f69cd351\u003c/Data\u003e\u003cData Name=\u0027SubjectDomainName\u0027\u003eWIN10-DEBUGGED\u003c/Data\u003e\u003cData Name=\u0027SubjectLogonId\u0027\u003e0x112904\u003c/Data\u003e\u003cData Name=\u0027NewProcessId\u0027\u003e0x1438\u003c/Data\u003e\u003cData Name=\u0027NewProcessName\u0027\u003eC:\\Windows\\System32\\conhost.exe\u003c/Data\u003e\u003cData Name=\u0027TokenElevationType\u0027\u003e%%1936\u003c/Data\u003e\u003cData Name=\u0027ProcessId\u0027\u003e0x1440\u003c/Data\u003e\u003cData Name=\u0027CommandLine\u0027\u003e\u003c/Data\u003e\u003cData Name=\u0027TargetUserSid\u0027\u003eS-1-0-0\u003c/Data\u003e\u003cData Name=\u0027TargetUserName\u0027\u003e-\u003c/Data\u003e\u003cData Name=\u0027TargetDomainName\u0027\u003e-\u003c/Data\u003e\u003cData Name=\u0027TargetLogonId\u0027\u003e0x0\u003c/Data\u003e\u003cData Name=\u0027ParentProcessName\u0027\u003eC:\\Windows\\System32\\WindowsPowerShell\\v1.0\\powershell.exe\u003c/Data\u003e\u003cData Name=\u0027MandatoryLabel\u0027\u003eS-1-16-8192\u003c/Data\u003e\u003c/EventData\u003e\u003c/Event\u003e","\u003cEvent xmlns=\u0027http://schemas.microsoft.com/win/2004/08/events/event\u0027\u003e\u003cSystem\u003e\u003cProvider Name=\u0027Microsoft-Windows-Security-Auditing\u0027 Guid=\u0027{54849625-5478-4994-a5ba-3e3b0328c30d}\u0027/\u003e\u003cEventID\u003e4688\u003c/EventID\u003e\u003cVersion\u003e2\u003c/Version\u003e\u003cLevel\u003e0\u003c/Level\u003e\u003cTask\u003e13312\u003c/Task\u003e\u003cOpcode\u003e0\u003c/Opcode\u003e\u003cKeywords\u003e0x8020000000000000\u003c/Keywords\u003e\u003cTimeCreated SystemTime=\u00272026-10-07T06:59:31.7522412Z\u0027/\u003e\u003cEventRecordID\u003e156611\u003c/EventRecordID\u003e\u003cCorrelation/\u003e\u003cExecution ProcessID=\u00274\u0027 ThreadID=\u0027240\u0027/\u003e\u003cChannel\u003eSecurity\u003c/Channel\u003e\u003cComputer\u003ewin10-debugged\u003c/Computer\u003e\u003cSecurity/\u003e\u003c/System\u003e\u003cEventData\u003e\u003cData Name=\u0027SubjectUserSid\u0027\u003eS-1-5-21-316478115-1595729549-2803163825-1074\u003c/Data\u003e\u003cData Name=\u0027SubjectUserName\u0027\u003esuiaba6f69cd351\u003c/Data\u003e\u003cData Name=\u0027SubjectDomainName\u0027\u003eWIN10-DEBUGGED\u003c/Data\u003e\u003cData Name=\u0027SubjectLogonId\u0027\u003e0x112904\u003c/Data\u003e\u003cData Name=\u0027NewProcessId\u0027\u003e0x14ac\u003c/Data\u003e\u003cData Name=\u0027NewProcessName\u0027\u003eC:\\Windows\\Microsoft.NET\\Framework64\\v4.0.30319\\csc.exe\u003c/Data\u003e\u003cData Name=\u0027TokenElevationType\u0027\u003e%%1936\u003c/Data\u003e\u003cData Name=\u0027ProcessId\u0027\u003e0x1440\u003c/Data\u003e\u003cData Name=\u0027CommandLine\u0027\u003e\u003c/Data\u003e\u003cData Name=\u0027TargetUserSid\u0027\u003eS-1-0-0\u003c/Data\u003e\u003cData Name=\u0027TargetUserName\u0027\u003e-\u003c/Data\u003e\u003cData Name=\u0027TargetDomainName\u0027\u003e-\u003c/Data\u003e\u003cData Name=\u0027TargetLogonId\u0027\u003e0x0\u003c/Data\u003e\u003cData Name=\u0027ParentProcessName\u0027\u003eC:\\Windows\\System32\\WindowsPowerShell\\v1.0\\powershell.exe\u003c/Data\u003e\u003cData Name=\u0027MandatoryLabel\u0027\u003eS-1-16-8192\u003c/Data\u003e\u003c/EventData\u003e\u003c/Event\u003e","\u003cEvent xmlns=\u0027http://schemas.microsoft.com/win/2004/08/events/event\u0027\u003e\u003cSystem\u003e\u003cProvider Name=\u0027Microsoft-Windows-Security-Auditing\u0027 Guid=\u0027{54849625-5478-4994-a5ba-3e3b0328c30d}\u0027/\u003e\u003cEventID\u003e4688\u003c/EventID\u003e\u003cVersion\u003e2\u003c/Version\u003e\u003cLevel\u003e0\u003c/Level\u003e\u003cTask\u003e13312\u003c/Task\u003e\u003cOpcode\u003e0\u003c/Opcode\u003e\u003cKeywords\u003e0x8020000000000000\u003c/Keywords\u003e\u003cTimeCreated SystemTime=\u00272026-10-07T06:59:31.8958348Z\u0027/\u003e\u003cEventRecordID\u003e156612\u003c/EventRecordID\u003e\u003cCorrelation/\u003e\u003cExecution ProcessID=\u00274\u0027 ThreadID=\u002732\u0027/\u003e\u003cChannel\u003eSecurity\u003c/Channel\u003e\u003cComputer\u003ewin10-debugged\u003c/Computer\u003e\u003cSecurity/\u003e\u003c/System\u003e\u003cEventData\u003e\u003cData Name=\u0027SubjectUserSid\u0027\u003eS-1-5-21-316478115-1595729549-2803163825-1074\u003c/Data\u003e\u003cData Name=\u0027SubjectUserName\u0027\u003esuiaba6f69cd351\u003c/Data\u003e\u003cData Name=\u0027SubjectDomainName\u0027\u003eWIN10-DEBUGGED\u003c/Data\u003e\u003cData Name=\u0027SubjectLogonId\u0027\u003e0x112904\u003c/Data\u003e\u003cData Name=\u0027NewProcessId\u0027\u003e0x14cc\u003c/Data\u003e\u003cData Name=\u0027NewProcessName\u0027\u003eC:\\Windows\\Microsoft.NET\\Framework64\\v4.0.30319\\cvtres.exe\u003c/Data\u003e\u003cData Name=\u0027TokenElevationType\u0027\u003e%%1936\u003c/Data\u003e\u003cData Name=\u0027ProcessId\u0027\u003e0x14ac\u003c/Data\u003e\u003cData Name=\u0027CommandLine\u0027\u003e\u003c/Data\u003e\u003cData Name=\u0027TargetUserSid\u0027\u003eS-1-0-0\u003c/Data\u003e\u003cData Name=\u0027TargetUserName\u0027\u003e-\u003c/Data\u003e\u003cData Name=\u0027TargetDomainName\u0027\u003e-\u003c/Data\u003e\u003cData Name=\u0027TargetLogonId\u0027\u003e0x0\u003c/Data\u003e\u003cData Name=\u0027ParentProcessName\u0027\u003eC:\\Windows\\Microsoft.NET\\Framework64\\v4.0.30319\\csc.exe\u003c/Data\u003e\u003cData Name=\u0027MandatoryLabel\u0027\u003eS-1-16-8192\u003c/Data\u003e\u003c/EventData\u003e\u003c/Event\u003e","\u003cEvent xmlns=\u0027http://schemas.microsoft.com/win/2004/08/events/event\u0027\u003e\u003cSystem\u003e\u003cProvider Name=\u0027Microsoft-Windows-Security-Auditing\u0027 Guid=\u0027{54849625-5478-4994-a5ba-3e3b0328c30d}\u0027/\u003e\u003cEventID\u003e4799\u003c/EventID\u003e\u003cVersion\u003e0\u003c/Version\u003e\u003cLevel\u003e0\u003c/Level\u003e\u003cTask\u003e13826\u003c/Task\u003e\u003cOpcode\u003e0\u003c/Opcode\u003e\u003cKeywords\u003e0x8020000000000000\u003c/Keywords\u003e\u003cTimeCreated SystemTime=\u00272026-10-07T06:59:32.8698596Z\u0027/\u003e\u003cEventRecordID\u003e156613\u003c/EventRecordID\u003e\u003cCorrelation ActivityID=\u0027{4b2bd43d-5629-0000-dfd4-2b4b2956dd01}\u0027/\u003e\u003cExecution ProcessID=\u0027684\u0027 ThreadID=\u0027712\u0027/\u003e\u003cChannel\u003eSecurity\u003c/Channel\u003e\u003cComputer\u003ewin10-debugged\u003c/Computer\u003e\u003cSecurity/\u003e\u003c/System\u003e\u003cEventData\u003e\u003cData Name=\u0027TargetUserName\u0027\u003eAdministrators\u003c/Data\u003e\u003cData Name=\u0027TargetDomainName\u0027\u003eBuiltin\u003c/Data\u003e\u003cData Name=\u0027TargetSid\u0027\u003eS-1-5-32-544\u003c/Data\u003e\u003cData Name=\u0027SubjectUserSid\u0027\u003eS-1-5-18\u003c/Data\u003e\u003cData Name=\u0027SubjectUserName\u0027\u003eWIN10-DEBUGGED$\u003c/Data\u003e\u003cData Name=\u0027SubjectDomainName\u0027\u003eWORKGROUP\u003c/Data\u003e\u003cData Name=\u0027SubjectLogonId\u0027\u003e0x3e7\u003c/Data\u003e\u003cData Name=\u0027CallerProcessId\u0027\u003e0x628\u003c/Data\u003e\u003cData Name=\u0027CallerProcessName\u0027\u003eC:\\Windows\\System32\\WindowsPowerShell\\v1.0\\powershell.exe\u003c/Data\u003e\u003c/EventData\u003e\u003c/Event\u003e","\u003cEvent xmlns=\u0027http://schemas.microsoft.com/win/2004/08/events/event\u0027\u003e\u003cSystem\u003e\u003cProvider Name=\u0027Microsoft-Windows-Security-Auditing\u0027 Guid=\u0027{54849625-5478-4994-a5ba-3e3b0328c30d}\u0027/\u003e\u003cEventID\u003e4634\u003c/EventID\u003e\u003cVersion\u003e0\u003c/Version\u003e\u003cLevel\u003e0\u003c/Level\u003e\u003cTask\u003e12545\u003c/Task\u003e\u003cOpcode\u003e0\u003c/Opcode\u003e\u003cKeywords\u003e0x8020000000000000\u003c/Keywords\u003e\u003cTimeCreated SystemTime=\u00272026-10-07T06:59:34.1256349Z\u0027/\u003e\u003cEventRecordID\u003e156614\u003c/EventRecordID\u003e\u003cCorrelation/\u003e\u003cExecution ProcessID=\u0027684\u0027 ThreadID=\u0027732\u0027/\u003e\u003cChannel\u003eSecurity\u003c/Channel\u003e\u003cComputer\u003ewin10-debugged\u003c/Computer\u003e\u003cSecurity/\u003e\u003c/System\u003e\u003cEventData\u003e\u003cData Name=\u0027TargetUserSid\u0027\u003eS-1-5-21-316478115-1595729549-2803163825-1074\u003c/Data\u003e\u003cData Name=\u0027TargetUserName\u0027\u003esuiaba6f69cd351\u003c/Data\u003e\u003cData Name=\u0027TargetDomainName\u0027\u003eWIN10-DEBUGGED\u003c/Data\u003e\u003cData Name=\u0027TargetLogonId\u0027\u003e0x112904\u003c/Data\u003e\u003cData Name=\u0027LogonType\u0027\u003e4\u003c/Data\u003e\u003c/EventData\u003e\u003c/Event\u003e"]